
==============================
  DQN Training on 29 (5 layers, 100 episodes)
==============================

INFO - Step 100, rl-loss: 1.3113948106765747
INFO - Copied model parameters to target network.

INFO - Step 101, rl-loss: 1.6372182369232178
INFO - Step 102, rl-loss: 0.980605959892273
INFO - Step 103, rl-loss: 1.2815256118774414
INFO - Step 104, rl-loss: 1.4077932834625244
INFO - Step 105, rl-loss: 1.1523520946502686
INFO - Step 106, rl-loss: 1.5215743780136108
INFO - Step 107, rl-loss: 1.4156912565231323
INFO - Step 108, rl-loss: 1.460343837738037
INFO - Step 109, rl-loss: 1.771369457244873
INFO - Step 110, rl-loss: 1.4677839279174805
INFO - Step 111, rl-loss: 1.21461820602417
INFO - Step 112, rl-loss: 1.3458573818206787
INFO - Step 113, rl-loss: 1.2150477170944214
INFO - Step 114, rl-loss: 1.2682262659072876
INFO - Step 115, rl-loss: 0.9034027457237244
INFO - Step 116, rl-loss: 1.0985207557678223
INFO - Step 117, rl-loss: 1.0215710401535034
INFO - Step 118, rl-loss: 1.3025121688842773
INFO - Step 119, rl-loss: 0.8332597613334656
INFO - Step 120, rl-loss: 1.2622907161712646
INFO - Step 121, rl-loss: 1.3559577465057373
INFO - Step 122, rl-loss: 1.3802179098129272
INFO - Step 123, rl-loss: 1.1486682891845703
INFO - Step 124, rl-loss: 1.3354991674423218
INFO - Step 125, rl-loss: 1.4656718969345093
INFO - Step 126, rl-loss: 1.0234850645065308
INFO - Step 127, rl-loss: 1.2572965621948242
INFO - Step 128, rl-loss: 0.952286958694458
INFO - Step 129, rl-loss: 1.2194726467132568
INFO - Step 130, rl-loss: 1.1409423351287842
INFO - Step 131, rl-loss: 0.8542585968971252
INFO - Step 132, rl-loss: 1.223824381828308
INFO - Step 133, rl-loss: 1.0205260515213013
INFO - Step 134, rl-loss: 0.9155426025390625
INFO - Step 135, rl-loss: 1.2730077505111694
INFO - Step 136, rl-loss: 1.3628954887390137
INFO - Step 137, rl-loss: 1.2153210639953613
INFO - Step 138, rl-loss: 1.031878113746643
INFO - Step 139, rl-loss: 1.1769111156463623
INFO - Step 140, rl-loss: 1.1527925729751587
INFO - Step 141, rl-loss: 0.8659263849258423
INFO - Step 142, rl-loss: 1.1157543659210205
INFO - Step 143, rl-loss: 1.1584571599960327
INFO - Step 144, rl-loss: 1.1360645294189453
INFO - Step 145, rl-loss: 0.779359757900238
INFO - Step 146, rl-loss: 0.9603347778320312
INFO - Step 147, rl-loss: 1.22394597530365
INFO - Step 148, rl-loss: 1.124165654182434
INFO - Step 149, rl-loss: 1.0688433647155762
INFO - Step 150, rl-loss: 1.0432101488113403
INFO - Step 151, rl-loss: 0.8897937536239624
INFO - Step 152, rl-loss: 0.9401345252990723
INFO - Step 153, rl-loss: 0.964168131351471
INFO - Step 154, rl-loss: 0.8944969177246094
INFO - Step 155, rl-loss: 0.6669405102729797
INFO - Step 156, rl-loss: 1.029478669166565
INFO - Step 157, rl-loss: 0.8758136034011841
INFO - Step 158, rl-loss: 1.145247220993042
INFO - Step 159, rl-loss: 0.8122007846832275
INFO - Step 160, rl-loss: 0.8749039173126221
INFO - Step 161, rl-loss: 0.8701390027999878
INFO - Step 162, rl-loss: 1.0104613304138184
INFO - Step 163, rl-loss: 1.0217139720916748
INFO - Step 164, rl-loss: 0.7803462743759155
INFO - Step 165, rl-loss: 0.8085533976554871
INFO - Step 166, rl-loss: 0.9858257174491882
INFO - Step 167, rl-loss: 0.9343839883804321
INFO - Step 168, rl-loss: 0.8880339860916138
INFO - Step 169, rl-loss: 1.0151056051254272
INFO - Step 170, rl-loss: 1.076528549194336
INFO - Step 171, rl-loss: 0.9628222584724426
INFO - Step 172, rl-loss: 0.6157145500183105
INFO - Step 173, rl-loss: 0.8064974546432495
INFO - Step 174, rl-loss: 0.7573992609977722
INFO - Step 175, rl-loss: 0.8788431882858276
INFO - Step 176, rl-loss: 0.9265531301498413
INFO - Step 177, rl-loss: 0.9130823612213135
INFO - Step 178, rl-loss: 0.9136963486671448
INFO - Step 179, rl-loss: 0.833200216293335
INFO - Step 180, rl-loss: 0.8127890825271606
INFO - Step 181, rl-loss: 0.6277949213981628
INFO - Step 182, rl-loss: 1.0342442989349365
INFO - Step 183, rl-loss: 0.9360637664794922
INFO - Step 184, rl-loss: 0.6947468519210815
INFO - Step 185, rl-loss: 0.4762189984321594
INFO - Step 186, rl-loss: 0.6568192839622498
INFO - Step 187, rl-loss: 0.8280023336410522
INFO - Step 188, rl-loss: 0.8387585282325745
INFO - Step 189, rl-loss: 0.8669857978820801
INFO - Step 190, rl-loss: 0.7291180491447449
INFO - Step 191, rl-loss: 0.5991343855857849
INFO - Step 192, rl-loss: 0.7491547465324402
INFO - Step 193, rl-loss: 0.642560601234436
INFO - Step 194, rl-loss: 0.5561847686767578
INFO - Step 195, rl-loss: 0.8110042810440063
INFO - Step 196, rl-loss: 0.7494426965713501
INFO - Step 197, rl-loss: 0.8350963592529297
INFO - Step 198, rl-loss: 0.7364369630813599
INFO - Step 199, rl-loss: 0.8062464594841003
INFO - Step 200, rl-loss: 0.7306462526321411
INFO - Step 201, rl-loss: 0.6219517588615417
INFO - Step 202, rl-loss: 0.8564225435256958
INFO - Step 203, rl-loss: 0.802475094795227
INFO - Step 204, rl-loss: 0.8950055837631226
INFO - Step 205, rl-loss: 0.6424818634986877
INFO - Step 206, rl-loss: 0.653081476688385
INFO - Step 207, rl-loss: 0.5680647492408752
INFO - Step 208, rl-loss: 0.6994335651397705
INFO - Step 209, rl-loss: 0.5917496681213379
INFO - Step 210, rl-loss: 0.7627045512199402
INFO - Step 211, rl-loss: 0.7246118187904358
INFO - Step 212, rl-loss: 0.8693571090698242
INFO - Step 213, rl-loss: 0.8894827365875244
INFO - Step 214, rl-loss: 0.6223316788673401
INFO - Step 215, rl-loss: 0.8298057317733765
INFO - Step 216, rl-loss: 0.4599440097808838
INFO - Step 217, rl-loss: 0.5638787746429443
INFO - Step 218, rl-loss: 0.6228516101837158
INFO - Step 219, rl-loss: 0.654230535030365
INFO - Step 220, rl-loss: 1.1881312131881714
INFO - Step 221, rl-loss: 0.7069077491760254
INFO - Step 222, rl-loss: 0.6661642789840698
INFO - Step 223, rl-loss: 0.6722372770309448
INFO - Step 224, rl-loss: 0.6007004976272583
INFO - Step 225, rl-loss: 0.9160224795341492
INFO - Step 226, rl-loss: 0.5170218348503113
INFO - Step 227, rl-loss: 0.7235922813415527
INFO - Step 228, rl-loss: 0.6644178628921509
INFO - Step 229, rl-loss: 0.5729019641876221
INFO - Step 230, rl-loss: 0.7458165287971497
INFO - Step 231, rl-loss: 0.5246297717094421
INFO - Step 232, rl-loss: 0.8368062973022461
INFO - Step 233, rl-loss: 0.5964806079864502
INFO - Step 234, rl-loss: 0.7410556077957153
INFO - Step 235, rl-loss: 0.7244969010353088
INFO - Step 236, rl-loss: 0.856959342956543
INFO - Step 237, rl-loss: 0.43942028284072876
INFO - Step 238, rl-loss: 0.8187280893325806
INFO - Step 239, rl-loss: 0.6408183574676514
INFO - Step 240, rl-loss: 0.6911039352416992
INFO - Step 241, rl-loss: 0.7453424334526062
INFO - Step 242, rl-loss: 0.5257177352905273
INFO - Step 243, rl-loss: 0.7991478443145752
INFO - Step 244, rl-loss: 0.49802452325820923
INFO - Step 245, rl-loss: 0.6478283405303955
INFO - Step 246, rl-loss: 0.5718140006065369
INFO - Step 247, rl-loss: 0.9310333728790283
INFO - Step 248, rl-loss: 0.7607300877571106
INFO - Step 249, rl-loss: 0.7022130489349365
INFO - Step 250, rl-loss: 0.7238956689834595
INFO - Step 251, rl-loss: 1.0127249956130981
INFO - Step 252, rl-loss: 0.5911349058151245
INFO - Step 253, rl-loss: 0.43923917412757874
INFO - Step 254, rl-loss: 0.5363211631774902
INFO - Step 255, rl-loss: 0.45527517795562744
INFO - Step 256, rl-loss: 0.5718972086906433
INFO - Step 257, rl-loss: 0.5971683263778687
INFO - Step 258, rl-loss: 0.7751701474189758
INFO - Step 259, rl-loss: 0.7591453194618225
INFO - Step 260, rl-loss: 0.5465176105499268
INFO - Step 261, rl-loss: 0.7271593809127808
INFO - Step 262, rl-loss: 0.686504065990448
INFO - Step 263, rl-loss: 0.6915993094444275
INFO - Step 264, rl-loss: 0.6250849366188049
INFO - Step 265, rl-loss: 0.864939272403717
INFO - Step 266, rl-loss: 0.7490773797035217
INFO - Step 267, rl-loss: 0.6956791877746582
INFO - Step 268, rl-loss: 0.5738610625267029
INFO - Step 269, rl-loss: 0.565963089466095
INFO - Step 270, rl-loss: 0.7884498238563538
INFO - Step 271, rl-loss: 1.002064824104309
INFO - Step 272, rl-loss: 0.7173715829849243
INFO - Step 273, rl-loss: 0.5538787841796875
INFO - Step 274, rl-loss: 0.5670356750488281
INFO - Step 275, rl-loss: 0.8702871799468994
INFO - Step 276, rl-loss: 0.6661493182182312
INFO - Step 277, rl-loss: 0.664651095867157
INFO - Step 278, rl-loss: 0.6073501110076904
INFO - Step 279, rl-loss: 0.9211012125015259
INFO - Step 280, rl-loss: 0.6919938325881958
INFO - Step 281, rl-loss: 0.5884202718734741
INFO - Step 282, rl-loss: 0.8319926261901855
INFO - Step 283, rl-loss: 0.5911638736724854
INFO - Step 284, rl-loss: 0.7150408029556274
INFO - Step 285, rl-loss: 0.5546542406082153
INFO - Step 286, rl-loss: 0.5629282593727112
INFO - Step 287, rl-loss: 0.47887277603149414
INFO - Step 288, rl-loss: 0.845202624797821
INFO - Step 289, rl-loss: 0.6568709015846252
INFO - Step 290, rl-loss: 0.49315187335014343
INFO - Step 291, rl-loss: 0.8370537161827087
INFO - Step 292, rl-loss: 0.6687157154083252
INFO - Step 293, rl-loss: 0.49315324425697327
INFO - Step 294, rl-loss: 0.5992517471313477
INFO - Step 295, rl-loss: 0.6562004685401917
INFO - Step 296, rl-loss: 0.5851148366928101
INFO - Step 297, rl-loss: 0.6843321919441223
INFO - Step 298, rl-loss: 0.5220491886138916
INFO - Step 299, rl-loss: 0.5043079257011414
INFO - Step 300, rl-loss: 0.565059244632721
INFO - Step 301, rl-loss: 0.48128849267959595
INFO - Step 302, rl-loss: 0.6627651453018188
INFO - Step 303, rl-loss: 0.6341403722763062
INFO - Step 304, rl-loss: 0.50055330991745
INFO - Step 305, rl-loss: 0.5176553130149841
INFO - Step 306, rl-loss: 0.565952479839325
INFO - Step 307, rl-loss: 0.7700807452201843
INFO - Step 308, rl-loss: 0.5024995803833008
INFO - Step 309, rl-loss: 0.9164038896560669
INFO - Step 310, rl-loss: 0.5672439932823181
INFO - Step 311, rl-loss: 0.6775696277618408
INFO - Step 312, rl-loss: 0.5378431081771851
INFO - Step 313, rl-loss: 0.7508500218391418
INFO - Step 314, rl-loss: 0.7253437042236328
INFO - Step 315, rl-loss: 0.613352358341217
INFO - Step 316, rl-loss: 0.4001868963241577
INFO - Step 317, rl-loss: 0.4546928107738495
INFO - Step 318, rl-loss: 0.5402100086212158
INFO - Step 319, rl-loss: 0.628965437412262
INFO - Step 320, rl-loss: 0.7424810528755188
INFO - Step 321, rl-loss: 0.49768099188804626
INFO - Step 322, rl-loss: 0.8524006605148315
INFO - Step 323, rl-loss: 0.7140858173370361
INFO - Step 324, rl-loss: 0.5343258380889893
INFO - Step 325, rl-loss: 0.6938921213150024
INFO - Step 326, rl-loss: 0.5562344789505005
INFO - Step 327, rl-loss: 0.8257439136505127
INFO - Step 328, rl-loss: 0.6165472865104675
INFO - Step 329, rl-loss: 0.7585369944572449
INFO - Step 330, rl-loss: 0.7338542342185974
INFO - Step 331, rl-loss: 0.5288887619972229
INFO - Step 332, rl-loss: 0.6459309458732605
INFO - Step 333, rl-loss: 0.684438943862915
INFO - Step 334, rl-loss: 0.6396211385726929
INFO - Step 335, rl-loss: 0.5338738560676575
INFO - Step 336, rl-loss: 0.4158845841884613
INFO - Step 337, rl-loss: 0.8463388085365295
INFO - Step 338, rl-loss: 0.828094482421875
INFO - Step 339, rl-loss: 0.5333462953567505
INFO - Step 340, rl-loss: 0.7401306629180908
INFO - Step 341, rl-loss: 0.6908711791038513
INFO - Step 342, rl-loss: 0.5961650609970093
INFO - Step 343, rl-loss: 0.7540059089660645
INFO - Step 344, rl-loss: 0.6864166855812073
INFO - Step 345, rl-loss: 0.672173261642456
INFO - Step 346, rl-loss: 0.8598625063896179
INFO - Step 347, rl-loss: 0.6728125810623169
INFO - Step 348, rl-loss: 0.6490989327430725
INFO - Step 349, rl-loss: 0.6718610525131226
INFO - Step 350, rl-loss: 0.5614382028579712
INFO - Step 351, rl-loss: 0.6887520551681519
INFO - Step 352, rl-loss: 0.6793920993804932
INFO - Step 353, rl-loss: 0.5277768969535828
INFO - Step 354, rl-loss: 0.7118170261383057
INFO - Step 355, rl-loss: 1.0003113746643066
INFO - Step 356, rl-loss: 0.5881356596946716
INFO - Step 357, rl-loss: 0.6879482269287109
INFO - Step 358, rl-loss: 0.9346172213554382
INFO - Step 359, rl-loss: 0.580497145652771
INFO - Step 360, rl-loss: 0.6170864105224609
INFO - Step 361, rl-loss: 0.6495732665061951
INFO - Step 362, rl-loss: 0.8047013282775879
INFO - Step 363, rl-loss: 0.4800291955471039
INFO - Step 364, rl-loss: 0.914250910282135
INFO - Step 365, rl-loss: 0.7061156034469604
INFO - Step 366, rl-loss: 0.8283904790878296
INFO - Step 367, rl-loss: 0.8826464414596558
INFO - Step 368, rl-loss: 0.5145097970962524
INFO - Step 369, rl-loss: 0.6929327249526978
INFO - Step 370, rl-loss: 0.8848328590393066
INFO - Step 371, rl-loss: 0.4691709578037262
INFO - Step 372, rl-loss: 0.5180429220199585
INFO - Step 373, rl-loss: 0.7498112320899963
INFO - Step 374, rl-loss: 0.5472104549407959
INFO - Step 375, rl-loss: 0.5921404361724854
INFO - Step 376, rl-loss: 0.7042141556739807
INFO - Step 377, rl-loss: 0.6562541127204895
INFO - Step 378, rl-loss: 0.478598952293396
INFO - Step 379, rl-loss: 0.4796363413333893
INFO - Step 380, rl-loss: 0.5559557676315308
INFO - Step 381, rl-loss: 0.5469347238540649
INFO - Step 382, rl-loss: 0.6169238090515137
INFO - Step 383, rl-loss: 0.47268837690353394
INFO - Step 384, rl-loss: 0.6656000018119812
INFO - Step 385, rl-loss: 0.7312305569648743
INFO - Step 386, rl-loss: 0.534228503704071
INFO - Step 387, rl-loss: 0.9098249673843384
INFO - Step 388, rl-loss: 0.5501513481140137
INFO - Step 389, rl-loss: 0.7095280289649963
INFO - Step 390, rl-loss: 0.4951513409614563
INFO - Step 391, rl-loss: 0.4151526093482971
INFO - Step 392, rl-loss: 0.6096375584602356
INFO - Step 393, rl-loss: 0.7145559787750244
INFO - Step 394, rl-loss: 0.5633096098899841
INFO - Step 395, rl-loss: 0.683234691619873
INFO - Step 396, rl-loss: 0.5368142127990723
INFO - Step 397, rl-loss: 0.7316005229949951
Episode 20/100 - Evaluating...

INFO - Step 398, rl-loss: 0.7881470918655396
INFO - Step 399, rl-loss: 0.707931399345398
INFO - Step 400, rl-loss: 0.677880048751831
INFO - Step 401, rl-loss: 0.7533326148986816
INFO - Step 402, rl-loss: 0.4853876531124115
INFO - Step 403, rl-loss: 0.6934748291969299
INFO - Step 404, rl-loss: 0.816254734992981
INFO - Step 405, rl-loss: 0.5338627696037292
INFO - Step 406, rl-loss: 0.45493432879447937
INFO - Step 407, rl-loss: 0.6789031624794006
INFO - Step 408, rl-loss: 0.9251739978790283
INFO - Step 409, rl-loss: 0.5310146808624268
INFO - Step 410, rl-loss: 0.6318395137786865
INFO - Step 411, rl-loss: 0.5834665298461914
INFO - Step 412, rl-loss: 0.3045702278614044
INFO - Step 413, rl-loss: 0.8589655756950378
INFO - Step 414, rl-loss: 0.6493479609489441
INFO - Step 415, rl-loss: 0.4864688515663147
INFO - Step 416, rl-loss: 0.6156921982765198
INFO - Step 417, rl-loss: 0.5576672554016113
INFO - Step 418, rl-loss: 0.6941315531730652
INFO - Step 419, rl-loss: 0.5615274906158447
INFO - Step 420, rl-loss: 0.6412035226821899
INFO - Step 421, rl-loss: 0.8900893926620483
INFO - Step 422, rl-loss: 0.6431369781494141
INFO - Step 423, rl-loss: 0.5899364352226257
INFO - Step 424, rl-loss: 0.7215887904167175
INFO - Step 425, rl-loss: 0.6414322257041931
INFO - Step 426, rl-loss: 0.4295262396335602
INFO - Step 427, rl-loss: 0.6610566973686218
INFO - Step 428, rl-loss: 0.8479904532432556
INFO - Step 429, rl-loss: 0.9317430257797241
INFO - Step 430, rl-loss: 0.40863290429115295
INFO - Step 431, rl-loss: 0.5333638787269592
INFO - Step 432, rl-loss: 0.7257111072540283
INFO - Step 433, rl-loss: 0.609466016292572
INFO - Step 434, rl-loss: 0.6174900531768799
INFO - Step 435, rl-loss: 0.5941527485847473
INFO - Step 436, rl-loss: 0.6505575180053711
INFO - Step 437, rl-loss: 0.676010012626648
INFO - Step 438, rl-loss: 0.9531949758529663
INFO - Step 439, rl-loss: 0.4341905415058136
INFO - Step 440, rl-loss: 0.7370576858520508
INFO - Step 441, rl-loss: 0.6343221664428711
INFO - Step 442, rl-loss: 0.6143790483474731
INFO - Step 443, rl-loss: 0.7872927188873291
INFO - Step 444, rl-loss: 0.7189345955848694
INFO - Step 445, rl-loss: 0.906771719455719
INFO - Step 446, rl-loss: 0.6501699090003967
INFO - Step 447, rl-loss: 0.9160139560699463
INFO - Step 448, rl-loss: 0.5444328784942627
INFO - Step 449, rl-loss: 0.5839401483535767
INFO - Step 450, rl-loss: 0.6056469082832336
INFO - Step 451, rl-loss: 0.6151770949363708
INFO - Step 452, rl-loss: 0.5841504335403442
INFO - Step 453, rl-loss: 0.5181334018707275
INFO - Step 454, rl-loss: 0.6026066541671753
INFO - Step 455, rl-loss: 0.6414948105812073
INFO - Step 456, rl-loss: 0.5486165285110474
INFO - Step 457, rl-loss: 0.7154430150985718
INFO - Step 458, rl-loss: 0.635751485824585
INFO - Step 459, rl-loss: 0.5524647831916809
INFO - Step 460, rl-loss: 0.5648809671401978
INFO - Step 461, rl-loss: 0.612098753452301
INFO - Step 462, rl-loss: 0.4951300621032715
INFO - Step 463, rl-loss: 0.6017070412635803
INFO - Step 464, rl-loss: 0.771842896938324
INFO - Step 465, rl-loss: 0.5247009992599487
INFO - Step 466, rl-loss: 0.6632204651832581
INFO - Step 467, rl-loss: 0.5738749504089355
INFO - Step 468, rl-loss: 0.5081594586372375
INFO - Step 469, rl-loss: 0.7875832319259644
INFO - Step 470, rl-loss: 0.7537260055541992
INFO - Step 471, rl-loss: 0.6892315745353699
INFO - Step 472, rl-loss: 0.8346034288406372
INFO - Step 473, rl-loss: 0.6399915814399719
INFO - Step 474, rl-loss: 0.9006726741790771
INFO - Step 475, rl-loss: 0.6117835640907288
INFO - Step 476, rl-loss: 0.5773157477378845
INFO - Step 477, rl-loss: 0.7136549353599548
INFO - Step 478, rl-loss: 0.7995918989181519
INFO - Step 479, rl-loss: 0.41535496711730957
INFO - Step 480, rl-loss: 0.6171680688858032
INFO - Step 481, rl-loss: 0.5019257664680481
INFO - Step 482, rl-loss: 0.8343932628631592
INFO - Step 483, rl-loss: 0.6511273980140686
INFO - Step 484, rl-loss: 0.40050989389419556
INFO - Step 485, rl-loss: 0.6582043766975403
INFO - Step 486, rl-loss: 0.6740237474441528
INFO - Step 487, rl-loss: 0.678475558757782
INFO - Step 488, rl-loss: 0.48753446340560913
INFO - Step 489, rl-loss: 0.5538488626480103
INFO - Step 490, rl-loss: 0.5418519377708435
INFO - Step 491, rl-loss: 0.6761988401412964
INFO - Step 492, rl-loss: 0.6476056575775146
INFO - Step 493, rl-loss: 0.8890218734741211
INFO - Step 494, rl-loss: 0.601235032081604
INFO - Step 495, rl-loss: 0.8800680041313171
INFO - Step 496, rl-loss: 0.6906782984733582
INFO - Step 497, rl-loss: 0.5374407768249512
INFO - Step 498, rl-loss: 0.884981095790863
INFO - Step 499, rl-loss: 0.49240440130233765
INFO - Step 500, rl-loss: 0.7581632733345032
INFO - Step 501, rl-loss: 0.7411182522773743
INFO - Step 502, rl-loss: 0.7540592551231384
INFO - Step 503, rl-loss: 0.640690267086029
INFO - Step 504, rl-loss: 0.4980868101119995
INFO - Step 505, rl-loss: 0.8221033215522766
INFO - Step 506, rl-loss: 0.7028950452804565
INFO - Step 507, rl-loss: 0.6763344407081604
INFO - Step 508, rl-loss: 0.5002152323722839
INFO - Step 509, rl-loss: 0.4816087782382965
INFO - Step 510, rl-loss: 0.3828994631767273
INFO - Step 511, rl-loss: 0.6342350244522095
INFO - Step 512, rl-loss: 0.8650923371315002
INFO - Step 513, rl-loss: 0.6191703677177429
INFO - Step 514, rl-loss: 0.6452854871749878
INFO - Step 515, rl-loss: 0.5217999815940857
INFO - Step 516, rl-loss: 0.7734878063201904
INFO - Step 517, rl-loss: 0.6039111614227295
INFO - Step 518, rl-loss: 0.6259831786155701
INFO - Step 519, rl-loss: 0.7789384126663208
INFO - Step 520, rl-loss: 0.6355838775634766
INFO - Step 521, rl-loss: 0.845550000667572
INFO - Step 522, rl-loss: 0.6964831352233887
INFO - Step 523, rl-loss: 0.4809909164905548
INFO - Step 524, rl-loss: 1.0027908086776733
INFO - Step 525, rl-loss: 0.7770376205444336
INFO - Step 526, rl-loss: 0.6973741054534912
INFO - Step 527, rl-loss: 0.506084144115448
INFO - Step 528, rl-loss: 0.6892188787460327
INFO - Step 529, rl-loss: 0.7410300374031067
INFO - Step 530, rl-loss: 0.48457351326942444
INFO - Step 531, rl-loss: 0.7296453714370728
INFO - Step 532, rl-loss: 0.5895982980728149
INFO - Step 533, rl-loss: 0.5668683648109436
INFO - Step 534, rl-loss: 0.44445735216140747
INFO - Step 535, rl-loss: 0.4964817762374878
INFO - Step 536, rl-loss: 0.49635225534439087
INFO - Step 537, rl-loss: 0.6523614525794983
INFO - Step 538, rl-loss: 0.4031149744987488
INFO - Step 539, rl-loss: 0.6050804853439331
INFO - Step 540, rl-loss: 0.9679352641105652
INFO - Step 541, rl-loss: 0.7479187846183777
INFO - Step 542, rl-loss: 0.7711361646652222
INFO - Step 543, rl-loss: 0.7314169406890869
INFO - Step 544, rl-loss: 0.8454853296279907
INFO - Step 545, rl-loss: 0.6773459911346436
INFO - Step 546, rl-loss: 0.6261173486709595
INFO - Step 547, rl-loss: 0.5668445229530334
INFO - Step 548, rl-loss: 0.6672361493110657
INFO - Step 549, rl-loss: 0.6543020009994507
INFO - Step 550, rl-loss: 0.5220654606819153
INFO - Step 551, rl-loss: 0.6644365787506104
INFO - Step 552, rl-loss: 0.6538562774658203
INFO - Step 553, rl-loss: 0.5829411745071411
INFO - Step 554, rl-loss: 0.9323221445083618
INFO - Step 555, rl-loss: 0.4748518764972687
INFO - Step 556, rl-loss: 0.5592201948165894
INFO - Step 557, rl-loss: 0.7487353682518005
INFO - Step 558, rl-loss: 0.6689591407775879
INFO - Step 559, rl-loss: 0.8040528893470764
INFO - Step 560, rl-loss: 0.7216891050338745
INFO - Step 561, rl-loss: 0.5944298505783081
INFO - Step 562, rl-loss: 0.41934704780578613
INFO - Step 563, rl-loss: 0.8180949091911316
INFO - Step 564, rl-loss: 0.648764967918396
INFO - Step 565, rl-loss: 0.7034308910369873
INFO - Step 566, rl-loss: 0.8601626753807068
INFO - Step 567, rl-loss: 0.6114922165870667
INFO - Step 568, rl-loss: 0.7637176513671875
INFO - Step 569, rl-loss: 0.6927459239959717
INFO - Step 570, rl-loss: 0.846492350101471
INFO - Step 571, rl-loss: 0.4148246943950653
INFO - Step 572, rl-loss: 0.5569256544113159
INFO - Step 573, rl-loss: 0.589826762676239
INFO - Step 574, rl-loss: 0.500523567199707
INFO - Step 575, rl-loss: 0.43966400623321533
INFO - Step 576, rl-loss: 1.120991826057434
INFO - Step 577, rl-loss: 0.7499155402183533
INFO - Step 578, rl-loss: 0.6404126286506653
INFO - Step 579, rl-loss: 0.7716451287269592
INFO - Step 580, rl-loss: 0.7910334467887878
INFO - Step 581, rl-loss: 0.6750704050064087
INFO - Step 582, rl-loss: 0.863983690738678
INFO - Step 583, rl-loss: 0.7155593633651733
INFO - Step 584, rl-loss: 0.6402393579483032
INFO - Step 585, rl-loss: 0.6778385043144226
INFO - Step 586, rl-loss: 0.41510286927223206
INFO - Step 587, rl-loss: 0.6607282161712646
INFO - Step 588, rl-loss: 0.6761114597320557
INFO - Step 589, rl-loss: 0.7046772837638855
INFO - Step 590, rl-loss: 0.6907225251197815
INFO - Step 591, rl-loss: 0.6822757720947266
INFO - Step 592, rl-loss: 0.5086393356323242
INFO - Step 593, rl-loss: 0.7472915649414062
INFO - Step 594, rl-loss: 0.5000494718551636
INFO - Step 595, rl-loss: 0.8573399186134338
INFO - Step 596, rl-loss: 0.6996554136276245
INFO - Step 597, rl-loss: 0.6548871994018555
INFO - Step 598, rl-loss: 0.8987106680870056
INFO - Step 599, rl-loss: 0.5363256335258484
INFO - Step 600, rl-loss: 0.5766338109970093
INFO - Step 601, rl-loss: 0.6425597071647644
INFO - Step 602, rl-loss: 0.400863915681839
INFO - Step 603, rl-loss: 0.9258185625076294
INFO - Step 604, rl-loss: 0.4410463869571686
INFO - Step 605, rl-loss: 0.6912652254104614
INFO - Step 606, rl-loss: 0.7638674974441528
INFO - Step 607, rl-loss: 0.47407266497612
INFO - Step 608, rl-loss: 0.6520695090293884
INFO - Step 609, rl-loss: 0.6721853613853455
INFO - Step 610, rl-loss: 0.4313848316669464
INFO - Step 611, rl-loss: 0.8598446249961853
INFO - Step 612, rl-loss: 0.5907140970230103
INFO - Step 613, rl-loss: 0.809119701385498
INFO - Step 614, rl-loss: 0.5239918231964111
INFO - Step 615, rl-loss: 0.9055683016777039
INFO - Step 616, rl-loss: 0.8264402151107788
INFO - Step 617, rl-loss: 0.5965626239776611
INFO - Step 618, rl-loss: 0.9079706072807312
INFO - Step 619, rl-loss: 0.5861655473709106
INFO - Step 620, rl-loss: 0.3368934988975525
INFO - Step 621, rl-loss: 0.4875185489654541
INFO - Step 622, rl-loss: 0.4972069561481476
INFO - Step 623, rl-loss: 0.5545381903648376
INFO - Step 624, rl-loss: 0.6274271607398987
INFO - Step 625, rl-loss: 0.7441220283508301
INFO - Step 626, rl-loss: 1.1000757217407227
INFO - Step 627, rl-loss: 0.46765613555908203
INFO - Step 628, rl-loss: 0.6005029082298279
INFO - Step 629, rl-loss: 0.9637672901153564
INFO - Step 630, rl-loss: 0.6631466746330261
INFO - Step 631, rl-loss: 0.49439096450805664
INFO - Step 632, rl-loss: 0.6696258783340454
INFO - Step 633, rl-loss: 0.5828857421875
INFO - Step 634, rl-loss: 0.5975720286369324
INFO - Step 635, rl-loss: 0.7367941737174988
INFO - Step 636, rl-loss: 0.5594679713249207
INFO - Step 637, rl-loss: 0.6915246248245239
INFO - Step 638, rl-loss: 0.589238166809082
INFO - Step 639, rl-loss: 0.739560604095459
INFO - Step 640, rl-loss: 0.576566219329834
INFO - Step 641, rl-loss: 0.45643386244773865
INFO - Step 642, rl-loss: 0.530391275882721
INFO - Step 643, rl-loss: 0.366740345954895
INFO - Step 644, rl-loss: 0.66754150390625
INFO - Step 645, rl-loss: 0.6412709951400757
INFO - Step 646, rl-loss: 0.5910193920135498
INFO - Step 647, rl-loss: 0.6645271182060242
INFO - Step 648, rl-loss: 0.47004857659339905
INFO - Step 649, rl-loss: 0.4005858600139618
INFO - Step 650, rl-loss: 0.43192750215530396
INFO - Step 651, rl-loss: 0.4744606614112854
INFO - Step 652, rl-loss: 0.710150420665741
INFO - Step 653, rl-loss: 0.623622715473175
INFO - Step 654, rl-loss: 0.6522231101989746
INFO - Step 655, rl-loss: 0.30992424488067627
INFO - Step 656, rl-loss: 0.3875877261161804
INFO - Step 657, rl-loss: 0.5123602151870728
INFO - Step 658, rl-loss: 0.7012903094291687
INFO - Step 659, rl-loss: 0.7550060749053955
INFO - Step 660, rl-loss: 0.6002911925315857
INFO - Step 661, rl-loss: 0.7886682748794556
INFO - Step 662, rl-loss: 0.6873550415039062
INFO - Step 663, rl-loss: 0.6430549621582031
INFO - Step 664, rl-loss: 0.34183916449546814
INFO - Step 665, rl-loss: 0.6151711940765381
INFO - Step 666, rl-loss: 0.7654547691345215
INFO - Step 667, rl-loss: 0.7473243474960327
INFO - Step 668, rl-loss: 0.9020361304283142
INFO - Step 669, rl-loss: 0.48704463243484497
INFO - Step 670, rl-loss: 0.4662910997867584
INFO - Step 671, rl-loss: 0.7349662780761719
INFO - Step 672, rl-loss: 0.3942888379096985
INFO - Step 673, rl-loss: 0.49600929021835327
INFO - Step 674, rl-loss: 0.8616847395896912
INFO - Step 675, rl-loss: 0.4713214039802551
INFO - Step 676, rl-loss: 0.8279609084129333
INFO - Step 677, rl-loss: 0.8537487983703613
INFO - Step 678, rl-loss: 0.8107777237892151
INFO - Step 679, rl-loss: 0.7743805646896362
INFO - Step 680, rl-loss: 0.6016635894775391
INFO - Step 681, rl-loss: 0.7588624954223633
INFO - Step 682, rl-loss: 0.7688103318214417
INFO - Step 683, rl-loss: 0.4950195848941803
INFO - Step 684, rl-loss: 0.6030014753341675
INFO - Step 685, rl-loss: 0.9029999375343323
INFO - Step 686, rl-loss: 0.656936764717102
INFO - Step 687, rl-loss: 0.42599087953567505
INFO - Step 688, rl-loss: 0.7560587525367737
INFO - Step 689, rl-loss: 0.5070453882217407
INFO - Step 690, rl-loss: 0.5445855855941772
INFO - Step 691, rl-loss: 0.7574211955070496
INFO - Step 692, rl-loss: 0.6061791181564331
INFO - Step 693, rl-loss: 0.6384456157684326
INFO - Step 694, rl-loss: 0.8019429445266724
INFO - Step 695, rl-loss: 0.5280733108520508
INFO - Step 696, rl-loss: 0.6577242612838745
INFO - Step 697, rl-loss: 0.6419010758399963
INFO - Step 698, rl-loss: 0.6480810046195984
INFO - Step 699, rl-loss: 0.726434051990509
INFO - Step 700, rl-loss: 0.7644977569580078
INFO - Step 701, rl-loss: 0.603991687297821
INFO - Step 702, rl-loss: 0.5585928559303284
INFO - Step 703, rl-loss: 0.8368714451789856
INFO - Step 704, rl-loss: 0.6550171971321106
INFO - Step 705, rl-loss: 0.787795901298523
INFO - Step 706, rl-loss: 0.6071942448616028
INFO - Step 707, rl-loss: 0.5866334438323975
INFO - Step 708, rl-loss: 0.5182944536209106
INFO - Step 709, rl-loss: 0.4173572063446045
INFO - Step 710, rl-loss: 0.6659232378005981
INFO - Step 711, rl-loss: 0.5136159658432007
INFO - Step 712, rl-loss: 0.5148754715919495
INFO - Step 713, rl-loss: 0.7716988325119019
INFO - Step 714, rl-loss: 0.701493501663208
INFO - Step 715, rl-loss: 0.4718448519706726
INFO - Step 716, rl-loss: 0.7999442219734192
INFO - Step 717, rl-loss: 0.6765388250350952
INFO - Step 718, rl-loss: 0.6500826478004456
INFO - Step 719, rl-loss: 0.6466543078422546
INFO - Step 720, rl-loss: 0.6885019540786743
INFO - Step 721, rl-loss: 0.6290575861930847
INFO - Step 722, rl-loss: 0.8513123393058777
INFO - Step 723, rl-loss: 0.5351344347000122
INFO - Step 724, rl-loss: 0.500785768032074
INFO - Step 725, rl-loss: 0.7396272420883179
INFO - Step 726, rl-loss: 1.1596513986587524
INFO - Step 727, rl-loss: 0.5941319465637207
INFO - Step 728, rl-loss: 0.5192907452583313
INFO - Step 729, rl-loss: 0.7340313196182251
INFO - Step 730, rl-loss: 0.5493261814117432
INFO - Step 731, rl-loss: 0.5578017830848694
INFO - Step 732, rl-loss: 0.7188615202903748
INFO - Step 733, rl-loss: 0.7073062062263489
INFO - Step 734, rl-loss: 0.49903634190559387
INFO - Step 735, rl-loss: 0.6293665170669556
INFO - Step 736, rl-loss: 0.5968020558357239
INFO - Step 737, rl-loss: 0.6509569883346558
INFO - Step 738, rl-loss: 0.7365975379943848
INFO - Step 739, rl-loss: 0.9363711476325989
INFO - Step 740, rl-loss: 0.6492888331413269
INFO - Step 741, rl-loss: 0.4932934045791626
INFO - Step 742, rl-loss: 0.49050581455230713
INFO - Step 743, rl-loss: 0.5182742476463318
INFO - Step 744, rl-loss: 0.6173796653747559
INFO - Step 745, rl-loss: 0.5566871166229248
INFO - Step 746, rl-loss: 0.6332002878189087
INFO - Step 747, rl-loss: 0.7148030996322632
INFO - Step 748, rl-loss: 0.650044858455658
INFO - Step 749, rl-loss: 0.5616523623466492
INFO - Step 750, rl-loss: 0.7251955270767212
INFO - Step 751, rl-loss: 0.669841468334198
INFO - Step 752, rl-loss: 0.6462275385856628
INFO - Step 753, rl-loss: 0.39586347341537476
INFO - Step 754, rl-loss: 1.0686492919921875
INFO - Step 755, rl-loss: 0.7683658003807068
INFO - Step 756, rl-loss: 0.6954488754272461
INFO - Step 757, rl-loss: 0.5921317338943481
INFO - Step 758, rl-loss: 0.6341884732246399
INFO - Step 759, rl-loss: 0.5117778778076172
INFO - Step 760, rl-loss: 0.7746973037719727
INFO - Step 761, rl-loss: 0.4904754161834717
INFO - Step 762, rl-loss: 0.6049458384513855
INFO - Step 763, rl-loss: 0.8190889358520508
INFO - Step 764, rl-loss: 0.5621474981307983
INFO - Step 765, rl-loss: 0.5626501441001892
INFO - Step 766, rl-loss: 0.53571617603302
INFO - Step 767, rl-loss: 0.6715827584266663
INFO - Step 768, rl-loss: 0.6441829800605774
INFO - Step 769, rl-loss: 0.644159197807312
INFO - Step 770, rl-loss: 0.6092966794967651
INFO - Step 771, rl-loss: 0.611851692199707
INFO - Step 772, rl-loss: 0.5291507840156555
INFO - Step 773, rl-loss: 0.5097278356552124
INFO - Step 774, rl-loss: 0.7191304564476013
INFO - Step 775, rl-loss: 0.5514357089996338
INFO - Step 776, rl-loss: 0.7491497993469238
INFO - Step 777, rl-loss: 0.6700960397720337
INFO - Step 778, rl-loss: 0.7590256929397583
INFO - Step 779, rl-loss: 0.8515245914459229
INFO - Step 780, rl-loss: 0.569219708442688
INFO - Step 781, rl-loss: 0.8166631460189819
INFO - Step 782, rl-loss: 0.5773409605026245
INFO - Step 783, rl-loss: 0.6320244073867798
INFO - Step 784, rl-loss: 0.6032931208610535
INFO - Step 785, rl-loss: 0.5668787956237793
INFO - Step 786, rl-loss: 0.8698107600212097
INFO - Step 787, rl-loss: 0.597049355506897
INFO - Step 788, rl-loss: 0.7638872861862183
INFO - Step 789, rl-loss: 0.7152144312858582
INFO - Step 790, rl-loss: 0.8203199505805969
INFO - Step 791, rl-loss: 0.5248540639877319
INFO - Step 792, rl-loss: 0.6069709062576294
INFO - Step 793, rl-loss: 0.551914632320404
INFO - Step 794, rl-loss: 0.5663093328475952
INFO - Step 795, rl-loss: 0.7072155475616455
INFO - Step 796, rl-loss: 0.3126920163631439
INFO - Step 797, rl-loss: 0.8975138664245605
INFO - Step 798, rl-loss: 0.6815567016601562
INFO - Step 799, rl-loss: 0.5055272579193115
INFO - Step 800, rl-loss: 0.7154675722122192
Episode 40/100 - Evaluating...

INFO - Step 801, rl-loss: 0.718967616558075
INFO - Step 802, rl-loss: 0.4236995577812195
INFO - Step 803, rl-loss: 0.6979537606239319
INFO - Step 804, rl-loss: 0.9312992095947266
INFO - Step 805, rl-loss: 0.7132116556167603
INFO - Step 806, rl-loss: 0.6959397792816162
INFO - Step 807, rl-loss: 0.8347886204719543
INFO - Step 808, rl-loss: 0.8263604640960693
INFO - Step 809, rl-loss: 0.6557927131652832
INFO - Step 810, rl-loss: 0.5039199590682983
INFO - Step 811, rl-loss: 0.7430500388145447
INFO - Step 812, rl-loss: 0.430393248796463
INFO - Step 813, rl-loss: 0.6268888711929321
INFO - Step 814, rl-loss: 0.5171449780464172
INFO - Step 815, rl-loss: 0.5669702291488647
INFO - Step 816, rl-loss: 0.6245793700218201
INFO - Step 817, rl-loss: 0.8618402481079102
INFO - Step 818, rl-loss: 0.3961792290210724
INFO - Step 819, rl-loss: 0.6677056550979614
INFO - Step 820, rl-loss: 0.6473285555839539
INFO - Step 821, rl-loss: 0.49720531702041626
INFO - Step 822, rl-loss: 0.8218910694122314
INFO - Step 823, rl-loss: 0.7418575286865234
INFO - Step 824, rl-loss: 0.6848998069763184
INFO - Step 825, rl-loss: 0.601838231086731
INFO - Step 826, rl-loss: 0.6394128799438477
INFO - Step 827, rl-loss: 0.5339584946632385
INFO - Step 828, rl-loss: 0.4718659520149231
INFO - Step 829, rl-loss: 0.5998194217681885
INFO - Step 830, rl-loss: 0.5529504418373108
INFO - Step 831, rl-loss: 0.665850818157196
INFO - Step 832, rl-loss: 0.4121227264404297
INFO - Step 833, rl-loss: 0.7601962089538574
INFO - Step 834, rl-loss: 0.6544501185417175
INFO - Step 835, rl-loss: 0.4892469346523285
INFO - Step 836, rl-loss: 0.7678987979888916
INFO - Step 837, rl-loss: 0.6077656149864197
INFO - Step 838, rl-loss: 0.7078036665916443
INFO - Step 839, rl-loss: 0.767035722732544
INFO - Step 840, rl-loss: 0.7112907767295837
INFO - Step 841, rl-loss: 0.3884633779525757
INFO - Step 842, rl-loss: 0.4317242503166199
INFO - Step 843, rl-loss: 0.7500354647636414
INFO - Step 844, rl-loss: 0.6425328254699707
INFO - Step 845, rl-loss: 0.5148966312408447
INFO - Step 846, rl-loss: 0.7113128900527954
INFO - Step 847, rl-loss: 0.37696200609207153
INFO - Step 848, rl-loss: 0.5659830570220947
INFO - Step 849, rl-loss: 0.7471476793289185
INFO - Step 850, rl-loss: 0.6953622698783875
INFO - Step 851, rl-loss: 0.6951389908790588
INFO - Step 852, rl-loss: 0.8287078142166138
INFO - Step 853, rl-loss: 0.7378503680229187
INFO - Step 854, rl-loss: 0.5029576420783997
INFO - Step 855, rl-loss: 0.5546145439147949
INFO - Step 856, rl-loss: 0.5367243885993958
INFO - Step 857, rl-loss: 0.7575876712799072
INFO - Step 858, rl-loss: 0.5871992111206055
INFO - Step 859, rl-loss: 0.4735007882118225
INFO - Step 860, rl-loss: 0.5107187628746033
INFO - Step 861, rl-loss: 0.5346400141716003
INFO - Step 862, rl-loss: 0.6487700939178467
INFO - Step 863, rl-loss: 0.6019869446754456
INFO - Step 864, rl-loss: 0.47687846422195435
INFO - Step 865, rl-loss: 0.5843645334243774
INFO - Step 866, rl-loss: 0.7122742533683777
INFO - Step 867, rl-loss: 0.5486103892326355
INFO - Step 868, rl-loss: 0.46003052592277527
INFO - Step 869, rl-loss: 0.43415987491607666
INFO - Step 870, rl-loss: 0.35800284147262573
INFO - Step 871, rl-loss: 0.5833215117454529
INFO - Step 872, rl-loss: 0.7033507227897644
INFO - Step 873, rl-loss: 0.4497418701648712
INFO - Step 874, rl-loss: 0.4326716959476471
INFO - Step 875, rl-loss: 0.530985414981842
INFO - Step 876, rl-loss: 0.9177988767623901
INFO - Step 877, rl-loss: 0.5797705054283142
INFO - Step 878, rl-loss: 0.5043086409568787
INFO - Step 879, rl-loss: 0.7231166958808899
INFO - Step 880, rl-loss: 0.7496623992919922
INFO - Step 881, rl-loss: 0.42463362216949463
INFO - Step 882, rl-loss: 0.5881340503692627
INFO - Step 883, rl-loss: 0.5441386103630066
INFO - Step 884, rl-loss: 0.6343289613723755
INFO - Step 885, rl-loss: 0.6117107272148132
INFO - Step 886, rl-loss: 0.5525709986686707
INFO - Step 887, rl-loss: 0.9536088109016418
INFO - Step 888, rl-loss: 0.6263959407806396
INFO - Step 889, rl-loss: 0.7179258465766907
INFO - Step 890, rl-loss: 0.47384312748908997
INFO - Step 891, rl-loss: 0.8039460778236389
INFO - Step 892, rl-loss: 0.5764064192771912
INFO - Step 893, rl-loss: 0.7642716765403748
INFO - Step 894, rl-loss: 0.6347650289535522
INFO - Step 895, rl-loss: 0.6729108691215515
INFO - Step 896, rl-loss: 0.5045082569122314
INFO - Step 897, rl-loss: 0.7356215715408325
INFO - Step 898, rl-loss: 0.46145087480545044
INFO - Step 899, rl-loss: 0.7393490076065063
INFO - Step 900, rl-loss: 0.5873892903327942
INFO - Step 901, rl-loss: 0.7303228378295898
INFO - Step 902, rl-loss: 0.4231315851211548
INFO - Step 903, rl-loss: 0.8732640743255615
INFO - Step 904, rl-loss: 0.43978339433670044
INFO - Step 905, rl-loss: 0.42719322443008423
INFO - Step 906, rl-loss: 0.34178248047828674
INFO - Step 907, rl-loss: 0.5346029996871948
INFO - Step 908, rl-loss: 0.6758490204811096
INFO - Step 909, rl-loss: 0.5504872798919678
INFO - Step 910, rl-loss: 0.6132453083992004
INFO - Step 911, rl-loss: 0.6893835067749023
INFO - Step 912, rl-loss: 0.6912171840667725
INFO - Step 913, rl-loss: 0.6143375635147095
INFO - Step 914, rl-loss: 0.5497158765792847
INFO - Step 915, rl-loss: 0.7498659491539001
INFO - Step 916, rl-loss: 0.5170798301696777
INFO - Step 917, rl-loss: 0.499348521232605
INFO - Step 918, rl-loss: 0.7025765776634216
INFO - Step 919, rl-loss: 0.5663048624992371
INFO - Step 920, rl-loss: 0.4354569911956787
INFO - Step 921, rl-loss: 0.5194432139396667
INFO - Step 922, rl-loss: 0.7069388628005981
INFO - Step 923, rl-loss: 0.676196813583374
INFO - Step 924, rl-loss: 0.7908812761306763
INFO - Step 925, rl-loss: 0.7023000121116638
INFO - Step 926, rl-loss: 0.9194924235343933
INFO - Step 927, rl-loss: 0.573025107383728
INFO - Step 928, rl-loss: 0.7652021646499634
INFO - Step 929, rl-loss: 0.6037484407424927
INFO - Step 930, rl-loss: 0.710641622543335
INFO - Step 931, rl-loss: 0.6750427484512329
INFO - Step 932, rl-loss: 0.5499377846717834
INFO - Step 933, rl-loss: 0.4915407598018646
INFO - Step 934, rl-loss: 0.86443030834198
INFO - Step 935, rl-loss: 0.4239121079444885
INFO - Step 936, rl-loss: 0.536728024482727
INFO - Step 937, rl-loss: 0.5204633474349976
INFO - Step 938, rl-loss: 0.495174765586853
INFO - Step 939, rl-loss: 0.6337429285049438
INFO - Step 940, rl-loss: 0.5082278251647949
INFO - Step 941, rl-loss: 0.6781687140464783
INFO - Step 942, rl-loss: 0.53528892993927
INFO - Step 943, rl-loss: 0.56371009349823
INFO - Step 944, rl-loss: 0.574941873550415
INFO - Step 945, rl-loss: 0.625806987285614
INFO - Step 946, rl-loss: 0.7665823101997375
INFO - Step 947, rl-loss: 0.6843061447143555
INFO - Step 948, rl-loss: 0.6780863404273987
INFO - Step 949, rl-loss: 0.6656076908111572
INFO - Step 950, rl-loss: 0.6822993755340576
INFO - Step 951, rl-loss: 0.6703907251358032
INFO - Step 952, rl-loss: 0.5093068480491638
INFO - Step 953, rl-loss: 0.6999276280403137
INFO - Step 954, rl-loss: 0.5452595353126526
INFO - Step 955, rl-loss: 0.7803841829299927
INFO - Step 956, rl-loss: 0.7033877372741699
INFO - Step 957, rl-loss: 0.6364853978157043
INFO - Step 958, rl-loss: 0.4954025447368622
INFO - Step 959, rl-loss: 0.7281176447868347
INFO - Step 960, rl-loss: 0.9419139623641968
INFO - Step 961, rl-loss: 0.5187904834747314
INFO - Step 962, rl-loss: 0.5627341866493225
INFO - Step 963, rl-loss: 0.4589412808418274
INFO - Step 964, rl-loss: 0.8229280114173889
INFO - Step 965, rl-loss: 0.6355453729629517
INFO - Step 966, rl-loss: 0.5721094608306885
INFO - Step 967, rl-loss: 0.4788554906845093
INFO - Step 968, rl-loss: 0.36000412702560425
INFO - Step 969, rl-loss: 0.919112503528595
INFO - Step 970, rl-loss: 0.6509303450584412
INFO - Step 971, rl-loss: 0.5587115287780762
INFO - Step 972, rl-loss: 0.5202022790908813
INFO - Step 973, rl-loss: 0.3479767143726349
INFO - Step 974, rl-loss: 0.8352868556976318
INFO - Step 975, rl-loss: 0.819758415222168
INFO - Step 976, rl-loss: 0.6746975183486938
INFO - Step 977, rl-loss: 0.7638766765594482
INFO - Step 978, rl-loss: 0.6148589849472046
INFO - Step 979, rl-loss: 0.6778196096420288
INFO - Step 980, rl-loss: 0.5870264172554016
INFO - Step 981, rl-loss: 0.6721341013908386
INFO - Step 982, rl-loss: 0.811345100402832
INFO - Step 983, rl-loss: 0.4286435842514038
INFO - Step 984, rl-loss: 0.43529587984085083
INFO - Step 985, rl-loss: 0.7279434204101562
INFO - Step 986, rl-loss: 0.47342661023139954
INFO - Step 987, rl-loss: 0.7142367362976074
INFO - Step 988, rl-loss: 0.4877513349056244
INFO - Step 989, rl-loss: 0.5042940378189087
INFO - Step 990, rl-loss: 0.6407601833343506
INFO - Step 991, rl-loss: 0.7088799476623535
INFO - Step 992, rl-loss: 0.6958842277526855
INFO - Step 993, rl-loss: 0.5212541818618774
INFO - Step 994, rl-loss: 0.7442073822021484
INFO - Step 995, rl-loss: 0.6042752265930176
INFO - Step 996, rl-loss: 0.4820172190666199
INFO - Step 997, rl-loss: 0.8788743019104004
INFO - Step 998, rl-loss: 0.6983636021614075
INFO - Step 999, rl-loss: 0.521226704120636
INFO - Step 1000, rl-loss: 0.7998820543289185
INFO - Step 1001, rl-loss: 0.5991694331169128
INFO - Step 1002, rl-loss: 0.6734883189201355
INFO - Step 1003, rl-loss: 0.5775262117385864
INFO - Step 1004, rl-loss: 0.5132036209106445
INFO - Step 1005, rl-loss: 0.8365486860275269
INFO - Step 1006, rl-loss: 0.9044216275215149
INFO - Step 1007, rl-loss: 0.7555394768714905
INFO - Step 1008, rl-loss: 0.6683765053749084
INFO - Step 1009, rl-loss: 0.6333702802658081
INFO - Step 1010, rl-loss: 0.5622024536132812
INFO - Step 1011, rl-loss: 0.5312942266464233
INFO - Step 1012, rl-loss: 0.7456714510917664
INFO - Step 1013, rl-loss: 0.5918409824371338
INFO - Step 1014, rl-loss: 0.8093199729919434
INFO - Step 1015, rl-loss: 0.45621782541275024
INFO - Step 1016, rl-loss: 0.7359526753425598
INFO - Step 1017, rl-loss: 0.43863916397094727
INFO - Step 1018, rl-loss: 0.44532498717308044
INFO - Step 1019, rl-loss: 0.9141825437545776
INFO - Step 1020, rl-loss: 0.713736891746521
INFO - Step 1021, rl-loss: 0.37604230642318726
INFO - Step 1022, rl-loss: 0.8313172459602356
INFO - Step 1023, rl-loss: 0.5575205087661743
INFO - Step 1024, rl-loss: 0.7825300693511963
INFO - Step 1025, rl-loss: 0.8389310240745544
INFO - Step 1026, rl-loss: 0.39629513025283813
INFO - Step 1027, rl-loss: 0.7131520509719849
INFO - Step 1028, rl-loss: 0.6040385365486145
INFO - Step 1029, rl-loss: 0.6095375418663025
INFO - Step 1030, rl-loss: 0.6382132768630981
INFO - Step 1031, rl-loss: 0.4762675166130066
INFO - Step 1032, rl-loss: 0.8128994703292847
INFO - Step 1033, rl-loss: 0.644645094871521
INFO - Step 1034, rl-loss: 0.6889384984970093
INFO - Step 1035, rl-loss: 0.5463721752166748
INFO - Step 1036, rl-loss: 0.49903514981269836
INFO - Step 1037, rl-loss: 0.5603660941123962
INFO - Step 1038, rl-loss: 0.5804182887077332
INFO - Step 1039, rl-loss: 0.8000132441520691
INFO - Step 1040, rl-loss: 0.5498079061508179
INFO - Step 1041, rl-loss: 0.6638421416282654
INFO - Step 1042, rl-loss: 0.45076584815979004
INFO - Step 1043, rl-loss: 0.492309033870697
INFO - Step 1044, rl-loss: 0.7020375728607178
INFO - Step 1045, rl-loss: 0.6855521202087402
INFO - Step 1046, rl-loss: 0.6306926608085632
INFO - Step 1047, rl-loss: 0.9258437156677246
INFO - Step 1048, rl-loss: 0.7043899297714233
INFO - Step 1049, rl-loss: 0.8792518377304077
INFO - Step 1050, rl-loss: 0.6182878017425537
INFO - Step 1051, rl-loss: 0.7665443420410156
INFO - Step 1052, rl-loss: 0.5041314363479614
INFO - Step 1053, rl-loss: 1.1351783275604248
INFO - Step 1054, rl-loss: 0.8446856141090393
INFO - Step 1055, rl-loss: 0.46549299359321594
INFO - Step 1056, rl-loss: 0.49183186888694763
INFO - Step 1057, rl-loss: 0.7429096698760986
INFO - Step 1058, rl-loss: 0.689315676689148
INFO - Step 1059, rl-loss: 0.684226930141449
INFO - Step 1060, rl-loss: 0.6645990610122681
INFO - Step 1061, rl-loss: 0.6488956212997437
INFO - Step 1062, rl-loss: 0.9890402555465698
INFO - Step 1063, rl-loss: 0.8688154220581055
INFO - Step 1064, rl-loss: 0.5201352834701538
INFO - Step 1065, rl-loss: 0.4930969476699829
INFO - Step 1066, rl-loss: 0.38939258456230164
INFO - Step 1067, rl-loss: 0.6265943050384521
INFO - Step 1068, rl-loss: 0.7401919364929199
INFO - Step 1069, rl-loss: 0.42375993728637695
INFO - Step 1070, rl-loss: 0.5592330098152161
INFO - Step 1071, rl-loss: 0.6327831149101257
INFO - Step 1072, rl-loss: 0.5544194579124451
INFO - Step 1073, rl-loss: 0.7090078592300415
INFO - Step 1074, rl-loss: 0.7434135675430298
INFO - Step 1075, rl-loss: 0.6292506456375122
INFO - Step 1076, rl-loss: 0.694683849811554
INFO - Step 1077, rl-loss: 0.8209509253501892
INFO - Step 1078, rl-loss: 0.8654633164405823
INFO - Step 1079, rl-loss: 0.6382357478141785
INFO - Step 1080, rl-loss: 0.39598071575164795
INFO - Step 1081, rl-loss: 0.8026732206344604
INFO - Step 1082, rl-loss: 0.34751132130622864
INFO - Step 1083, rl-loss: 0.9586796164512634
INFO - Step 1084, rl-loss: 0.7537966966629028
INFO - Step 1085, rl-loss: 0.8075264692306519
INFO - Step 1086, rl-loss: 0.6959669589996338
INFO - Step 1087, rl-loss: 0.8304985761642456
INFO - Step 1088, rl-loss: 0.5157209038734436
INFO - Step 1089, rl-loss: 0.6637391448020935
INFO - Step 1090, rl-loss: 0.7712638974189758
INFO - Step 1091, rl-loss: 0.7483627200126648
INFO - Step 1092, rl-loss: 0.6155548095703125
INFO - Step 1093, rl-loss: 0.4300510287284851
INFO - Step 1094, rl-loss: 0.5073983073234558
INFO - Step 1095, rl-loss: 0.6057419776916504
INFO - Step 1096, rl-loss: 0.9079228639602661
INFO - Step 1097, rl-loss: 0.6687536835670471
INFO - Step 1098, rl-loss: 0.627475380897522
INFO - Step 1099, rl-loss: 0.676864504814148
INFO - Step 1100, rl-loss: 0.3479516804218292
INFO - Copied model parameters to target network.

INFO - Step 1101, rl-loss: 0.9156075716018677
INFO - Step 1102, rl-loss: 1.147864818572998
INFO - Step 1103, rl-loss: 0.6573199033737183
INFO - Step 1104, rl-loss: 0.9619662761688232
INFO - Step 1105, rl-loss: 0.8335884213447571
INFO - Step 1106, rl-loss: 0.7243395447731018
INFO - Step 1107, rl-loss: 0.8747082948684692
INFO - Step 1108, rl-loss: 0.7391902804374695
INFO - Step 1109, rl-loss: 0.4617687463760376
INFO - Step 1110, rl-loss: 0.7033921480178833
INFO - Step 1111, rl-loss: 0.9520459175109863
INFO - Step 1112, rl-loss: 0.4937130808830261
INFO - Step 1113, rl-loss: 0.6739351153373718
INFO - Step 1114, rl-loss: 0.7969300746917725
INFO - Step 1115, rl-loss: 0.8373510837554932
INFO - Step 1116, rl-loss: 0.780582070350647
INFO - Step 1117, rl-loss: 0.8600248098373413
INFO - Step 1118, rl-loss: 0.8885911703109741
INFO - Step 1119, rl-loss: 0.848268985748291
INFO - Step 1120, rl-loss: 0.49886593222618103
INFO - Step 1121, rl-loss: 0.7617977857589722
INFO - Step 1122, rl-loss: 0.7142990827560425
INFO - Step 1123, rl-loss: 0.8335423469543457
INFO - Step 1124, rl-loss: 0.8077026605606079
INFO - Step 1125, rl-loss: 0.8716560006141663
INFO - Step 1126, rl-loss: 0.6650084257125854
INFO - Step 1127, rl-loss: 0.7453335523605347
INFO - Step 1128, rl-loss: 1.3378572463989258
INFO - Step 1129, rl-loss: 0.838962972164154
INFO - Step 1130, rl-loss: 0.9559354782104492
INFO - Step 1131, rl-loss: 0.7797882556915283
INFO - Step 1132, rl-loss: 0.9585609436035156
INFO - Step 1133, rl-loss: 0.7251494526863098
INFO - Step 1134, rl-loss: 0.8080872297286987
INFO - Step 1135, rl-loss: 0.8874979615211487
INFO - Step 1136, rl-loss: 0.6974252462387085
INFO - Step 1137, rl-loss: 0.9653623104095459
INFO - Step 1138, rl-loss: 0.666213870048523
INFO - Step 1139, rl-loss: 0.6520623564720154
INFO - Step 1140, rl-loss: 0.926231861114502
INFO - Step 1141, rl-loss: 0.55523681640625
INFO - Step 1142, rl-loss: 0.6183264851570129
INFO - Step 1143, rl-loss: 1.0468417406082153
INFO - Step 1144, rl-loss: 0.6355667114257812
INFO - Step 1145, rl-loss: 0.573022723197937
INFO - Step 1146, rl-loss: 1.046830415725708
INFO - Step 1147, rl-loss: 0.9814225435256958
INFO - Step 1148, rl-loss: 0.7691538333892822
INFO - Step 1149, rl-loss: 0.8311979174613953
INFO - Step 1150, rl-loss: 1.1573659181594849
INFO - Step 1151, rl-loss: 0.7041977643966675
INFO - Step 1152, rl-loss: 0.7726238965988159
INFO - Step 1153, rl-loss: 0.5930235385894775
INFO - Step 1154, rl-loss: 0.5728421807289124
INFO - Step 1155, rl-loss: 0.6832301616668701
INFO - Step 1156, rl-loss: 0.9209271669387817
INFO - Step 1157, rl-loss: 0.6002899408340454
INFO - Step 1158, rl-loss: 0.823904812335968
INFO - Step 1159, rl-loss: 0.505517303943634
INFO - Step 1160, rl-loss: 0.7088701725006104
INFO - Step 1161, rl-loss: 0.522361159324646
INFO - Step 1162, rl-loss: 0.6398876309394836
INFO - Step 1163, rl-loss: 0.7365323901176453
INFO - Step 1164, rl-loss: 1.0073230266571045
INFO - Step 1165, rl-loss: 0.6668362617492676
INFO - Step 1166, rl-loss: 0.6338176131248474
INFO - Step 1167, rl-loss: 1.0609270334243774
INFO - Step 1168, rl-loss: 0.544804036617279
INFO - Step 1169, rl-loss: 0.6646524667739868
INFO - Step 1170, rl-loss: 0.654542863368988
INFO - Step 1171, rl-loss: 0.7127169966697693
INFO - Step 1172, rl-loss: 0.6736027598381042
INFO - Step 1173, rl-loss: 0.3611561357975006
INFO - Step 1174, rl-loss: 0.5676718354225159
INFO - Step 1175, rl-loss: 0.7002105712890625
INFO - Step 1176, rl-loss: 0.5902948379516602
INFO - Step 1177, rl-loss: 0.5415271520614624
INFO - Step 1178, rl-loss: 0.8591188192367554
INFO - Step 1179, rl-loss: 0.7524154186248779
INFO - Step 1180, rl-loss: 0.6750123500823975
INFO - Step 1181, rl-loss: 1.0998674631118774
INFO - Step 1182, rl-loss: 0.92193603515625
INFO - Step 1183, rl-loss: 0.8761255741119385
INFO - Step 1184, rl-loss: 0.6408941745758057
INFO - Step 1185, rl-loss: 0.8985806703567505
INFO - Step 1186, rl-loss: 0.656701385974884
INFO - Step 1187, rl-loss: 0.6361925601959229
INFO - Step 1188, rl-loss: 0.7348325252532959
INFO - Step 1189, rl-loss: 0.7001292705535889
INFO - Step 1190, rl-loss: 0.2758197486400604
INFO - Step 1191, rl-loss: 0.7813993692398071
INFO - Step 1192, rl-loss: 0.8872168064117432
INFO - Step 1193, rl-loss: 0.4838189482688904
INFO - Step 1194, rl-loss: 0.6764017939567566
INFO - Step 1195, rl-loss: 1.0314356088638306
INFO - Step 1196, rl-loss: 0.796326756477356
INFO - Step 1197, rl-loss: 0.6735315918922424
INFO - Step 1198, rl-loss: 0.6920182704925537
INFO - Step 1199, rl-loss: 0.7607035040855408
INFO - Step 1200, rl-loss: 0.832484781742096
Episode 60/100 - Evaluating...

INFO - Step 1201, rl-loss: 0.7365682721138
INFO - Step 1202, rl-loss: 0.7467957735061646
INFO - Step 1203, rl-loss: 0.6929447650909424
INFO - Step 1204, rl-loss: 0.8287142515182495
INFO - Step 1205, rl-loss: 0.5723799467086792
INFO - Step 1206, rl-loss: 0.43842145800590515
INFO - Step 1207, rl-loss: 0.9507378339767456
INFO - Step 1208, rl-loss: 0.9192392230033875
INFO - Step 1209, rl-loss: 1.0995137691497803
INFO - Step 1210, rl-loss: 0.7385116815567017
INFO - Step 1211, rl-loss: 0.7549893260002136
INFO - Step 1212, rl-loss: 0.9670188426971436
INFO - Step 1213, rl-loss: 0.7795812487602234
INFO - Step 1214, rl-loss: 0.637914776802063
INFO - Step 1215, rl-loss: 0.9780297875404358
INFO - Step 1216, rl-loss: 0.6202012896537781
INFO - Step 1217, rl-loss: 0.7455515265464783
INFO - Step 1218, rl-loss: 0.9260005950927734
INFO - Step 1219, rl-loss: 0.7901374101638794
INFO - Step 1220, rl-loss: 0.8842473030090332
INFO - Step 1221, rl-loss: 0.8893305659294128
INFO - Step 1222, rl-loss: 0.7716962099075317
INFO - Step 1223, rl-loss: 1.1265836954116821
INFO - Step 1224, rl-loss: 0.798832356929779
INFO - Step 1225, rl-loss: 0.7557981014251709
INFO - Step 1226, rl-loss: 0.6281806826591492
INFO - Step 1227, rl-loss: 0.8388689756393433
INFO - Step 1228, rl-loss: 0.8869838714599609
INFO - Step 1229, rl-loss: 0.602034330368042
INFO - Step 1230, rl-loss: 0.9315958023071289
INFO - Step 1231, rl-loss: 0.7824630737304688
INFO - Step 1232, rl-loss: 0.6203038692474365
INFO - Step 1233, rl-loss: 0.7296450734138489
INFO - Step 1234, rl-loss: 0.7075566053390503
INFO - Step 1235, rl-loss: 0.5450932383537292
INFO - Step 1236, rl-loss: 0.995978057384491
INFO - Step 1237, rl-loss: 0.9682843685150146
INFO - Step 1238, rl-loss: 0.7466280460357666
INFO - Step 1239, rl-loss: 0.9319174289703369
INFO - Step 1240, rl-loss: 0.7669134140014648
INFO - Step 1241, rl-loss: 0.6204839944839478
INFO - Step 1242, rl-loss: 0.5071901082992554
INFO - Step 1243, rl-loss: 0.7833967804908752
INFO - Step 1244, rl-loss: 1.0182690620422363
INFO - Step 1245, rl-loss: 0.6544774174690247
INFO - Step 1246, rl-loss: 0.719655454158783
INFO - Step 1247, rl-loss: 0.484353631734848
INFO - Step 1248, rl-loss: 1.080810785293579
INFO - Step 1249, rl-loss: 0.6836939454078674
INFO - Step 1250, rl-loss: 0.8265166878700256
INFO - Step 1251, rl-loss: 0.7368426322937012
INFO - Step 1252, rl-loss: 0.4891267716884613
INFO - Step 1253, rl-loss: 0.9659782648086548
INFO - Step 1254, rl-loss: 0.7385199666023254
INFO - Step 1255, rl-loss: 0.6404733061790466
INFO - Step 1256, rl-loss: 0.6919787526130676
INFO - Step 1257, rl-loss: 0.6586007475852966
INFO - Step 1258, rl-loss: 0.8249264359474182
INFO - Step 1259, rl-loss: 0.6211194396018982
INFO - Step 1260, rl-loss: 0.5663716197013855
INFO - Step 1261, rl-loss: 0.7058465480804443
INFO - Step 1262, rl-loss: 0.7022969722747803
INFO - Step 1263, rl-loss: 0.5435079336166382
INFO - Step 1264, rl-loss: 1.0250945091247559
INFO - Step 1265, rl-loss: 0.6498974561691284
INFO - Step 1266, rl-loss: 1.056552767753601
INFO - Step 1267, rl-loss: 0.6113848686218262
INFO - Step 1268, rl-loss: 0.8472402095794678
INFO - Step 1269, rl-loss: 0.8210200071334839
INFO - Step 1270, rl-loss: 0.40414488315582275
INFO - Step 1271, rl-loss: 0.6597538590431213
INFO - Step 1272, rl-loss: 0.5413336753845215
INFO - Step 1273, rl-loss: 0.6397320032119751
INFO - Step 1274, rl-loss: 0.6679324507713318
INFO - Step 1275, rl-loss: 1.2518978118896484
INFO - Step 1276, rl-loss: 0.9812423586845398
INFO - Step 1277, rl-loss: 0.48247241973876953
INFO - Step 1278, rl-loss: 0.6257533431053162
INFO - Step 1279, rl-loss: 0.7090862393379211
INFO - Step 1280, rl-loss: 0.6866682171821594
INFO - Step 1281, rl-loss: 0.8482769131660461
INFO - Step 1282, rl-loss: 1.1031036376953125
INFO - Step 1283, rl-loss: 0.8582966923713684
INFO - Step 1284, rl-loss: 1.2720787525177002
INFO - Step 1285, rl-loss: 0.8129180669784546
INFO - Step 1286, rl-loss: 0.6875566244125366
INFO - Step 1287, rl-loss: 1.106354832649231
INFO - Step 1288, rl-loss: 0.7100392580032349
INFO - Step 1289, rl-loss: 0.5339908599853516
INFO - Step 1290, rl-loss: 0.6814967393875122
INFO - Step 1291, rl-loss: 0.7120137810707092
INFO - Step 1292, rl-loss: 0.7707749009132385
INFO - Step 1293, rl-loss: 0.6675774455070496
INFO - Step 1294, rl-loss: 0.8187083601951599
INFO - Step 1295, rl-loss: 0.7597990036010742
INFO - Step 1296, rl-loss: 0.9520002603530884
INFO - Step 1297, rl-loss: 0.6626455783843994
INFO - Step 1298, rl-loss: 0.6457033157348633
INFO - Step 1299, rl-loss: 0.7601426243782043
INFO - Step 1300, rl-loss: 1.1325777769088745
INFO - Step 1301, rl-loss: 0.560994029045105
INFO - Step 1302, rl-loss: 0.7257380485534668
INFO - Step 1303, rl-loss: 0.6828547716140747
INFO - Step 1304, rl-loss: 0.5932358503341675
INFO - Step 1305, rl-loss: 0.6823238134384155
INFO - Step 1306, rl-loss: 0.8136796355247498
INFO - Step 1307, rl-loss: 0.805614173412323
INFO - Step 1308, rl-loss: 0.6226105093955994
INFO - Step 1309, rl-loss: 0.8413790464401245
INFO - Step 1310, rl-loss: 1.1303369998931885
INFO - Step 1311, rl-loss: 0.6926943063735962
INFO - Step 1312, rl-loss: 0.6087218523025513
INFO - Step 1313, rl-loss: 0.759063720703125
INFO - Step 1314, rl-loss: 0.8624805808067322
INFO - Step 1315, rl-loss: 0.787734866142273
INFO - Step 1316, rl-loss: 0.7676854133605957
INFO - Step 1317, rl-loss: 0.5851291418075562
INFO - Step 1318, rl-loss: 0.8623960018157959
INFO - Step 1319, rl-loss: 0.7851583957672119
INFO - Step 1320, rl-loss: 0.8587677478790283
INFO - Step 1321, rl-loss: 0.6762233972549438
INFO - Step 1322, rl-loss: 0.7554418444633484
INFO - Step 1323, rl-loss: 0.571648895740509
INFO - Step 1324, rl-loss: 0.6213198900222778
INFO - Step 1325, rl-loss: 0.6345188617706299
INFO - Step 1326, rl-loss: 1.1436243057250977
INFO - Step 1327, rl-loss: 0.8018549680709839
INFO - Step 1328, rl-loss: 0.6813749074935913
INFO - Step 1329, rl-loss: 0.4458966851234436
INFO - Step 1330, rl-loss: 0.8105878829956055
INFO - Step 1331, rl-loss: 0.5639276504516602
INFO - Step 1332, rl-loss: 0.749275803565979
INFO - Step 1333, rl-loss: 0.8511500954627991
INFO - Step 1334, rl-loss: 0.8238261938095093
INFO - Step 1335, rl-loss: 0.5907686352729797
INFO - Step 1336, rl-loss: 0.5318208932876587
INFO - Step 1337, rl-loss: 0.570995569229126
INFO - Step 1338, rl-loss: 0.9041206240653992
INFO - Step 1339, rl-loss: 0.7879155278205872
INFO - Step 1340, rl-loss: 0.9028646349906921
INFO - Step 1341, rl-loss: 0.783308744430542
INFO - Step 1342, rl-loss: 0.8557215332984924
INFO - Step 1343, rl-loss: 0.6938762068748474
INFO - Step 1344, rl-loss: 0.8030983805656433
INFO - Step 1345, rl-loss: 0.602086067199707
INFO - Step 1346, rl-loss: 0.8091263771057129
INFO - Step 1347, rl-loss: 0.8757704496383667
INFO - Step 1348, rl-loss: 0.7270052433013916
INFO - Step 1349, rl-loss: 0.7294448614120483
INFO - Step 1350, rl-loss: 0.7019075155258179
INFO - Step 1351, rl-loss: 0.9946901202201843
INFO - Step 1352, rl-loss: 0.5726500749588013
INFO - Step 1353, rl-loss: 0.5754261612892151
INFO - Step 1354, rl-loss: 0.6538069248199463
INFO - Step 1355, rl-loss: 0.5773000717163086
INFO - Step 1356, rl-loss: 0.6776830554008484
INFO - Step 1357, rl-loss: 0.663314938545227
INFO - Step 1358, rl-loss: 0.4554236829280853
INFO - Step 1359, rl-loss: 0.7339101433753967
INFO - Step 1360, rl-loss: 0.557965874671936
INFO - Step 1361, rl-loss: 0.9205580949783325
INFO - Step 1362, rl-loss: 0.6933861374855042
INFO - Step 1363, rl-loss: 0.7821604013442993
INFO - Step 1364, rl-loss: 0.744396448135376
INFO - Step 1365, rl-loss: 0.713638424873352
INFO - Step 1366, rl-loss: 0.8786536455154419
INFO - Step 1367, rl-loss: 0.8125683665275574
INFO - Step 1368, rl-loss: 0.5566971898078918
INFO - Step 1369, rl-loss: 0.5757300853729248
INFO - Step 1370, rl-loss: 0.6476051807403564
INFO - Step 1371, rl-loss: 0.6385350823402405
INFO - Step 1372, rl-loss: 0.6850086450576782
INFO - Step 1373, rl-loss: 0.8489551544189453
INFO - Step 1374, rl-loss: 0.9428038597106934
INFO - Step 1375, rl-loss: 0.5109918117523193
INFO - Step 1376, rl-loss: 0.6717699766159058
INFO - Step 1377, rl-loss: 0.5552656054496765
INFO - Step 1378, rl-loss: 0.9832291007041931
INFO - Step 1379, rl-loss: 0.5317943692207336
INFO - Step 1380, rl-loss: 0.5183775424957275
INFO - Step 1381, rl-loss: 1.0079220533370972
INFO - Step 1382, rl-loss: 0.5734620094299316
INFO - Step 1383, rl-loss: 0.8076654076576233
INFO - Step 1384, rl-loss: 0.6811707615852356
INFO - Step 1385, rl-loss: 0.9173122048377991
INFO - Step 1386, rl-loss: 0.854703426361084
INFO - Step 1387, rl-loss: 0.5858229398727417
INFO - Step 1388, rl-loss: 0.3716064989566803
INFO - Step 1389, rl-loss: 0.49978941679000854
INFO - Step 1390, rl-loss: 0.49313873052597046
INFO - Step 1391, rl-loss: 0.6202647089958191
INFO - Step 1392, rl-loss: 0.5854883790016174
INFO - Step 1393, rl-loss: 0.7805588245391846
INFO - Step 1394, rl-loss: 0.598136305809021
INFO - Step 1395, rl-loss: 0.6307125091552734
INFO - Step 1396, rl-loss: 0.6354900002479553
INFO - Step 1397, rl-loss: 0.7533385753631592
INFO - Step 1398, rl-loss: 0.7988108396530151
INFO - Step 1399, rl-loss: 0.5186664462089539
INFO - Step 1400, rl-loss: 0.8195742964744568
INFO - Step 1401, rl-loss: 0.7853107452392578
INFO - Step 1402, rl-loss: 0.6954280138015747
INFO - Step 1403, rl-loss: 0.5072895884513855
INFO - Step 1404, rl-loss: 0.7761986255645752
INFO - Step 1405, rl-loss: 0.9002286791801453
INFO - Step 1406, rl-loss: 0.46734654903411865
INFO - Step 1407, rl-loss: 0.6195899844169617
INFO - Step 1408, rl-loss: 0.7052472829818726
INFO - Step 1409, rl-loss: 0.3970123827457428
INFO - Step 1410, rl-loss: 1.0427676439285278
INFO - Step 1411, rl-loss: 0.8783599138259888
INFO - Step 1412, rl-loss: 0.6142969727516174
INFO - Step 1413, rl-loss: 1.0897730588912964
INFO - Step 1414, rl-loss: 0.8307913541793823
INFO - Step 1415, rl-loss: 0.9435995817184448
INFO - Step 1416, rl-loss: 0.8010468482971191
INFO - Step 1417, rl-loss: 0.4786102771759033
INFO - Step 1418, rl-loss: 0.7493558526039124
INFO - Step 1419, rl-loss: 0.6055448055267334
INFO - Step 1420, rl-loss: 0.7087410092353821
INFO - Step 1421, rl-loss: 0.7168567180633545
INFO - Step 1422, rl-loss: 1.0300458669662476
INFO - Step 1423, rl-loss: 0.7098550200462341
INFO - Step 1424, rl-loss: 0.6831864714622498
INFO - Step 1425, rl-loss: 0.5383919477462769
INFO - Step 1426, rl-loss: 0.7318012714385986
INFO - Step 1427, rl-loss: 0.4970179796218872
INFO - Step 1428, rl-loss: 0.9414750933647156
INFO - Step 1429, rl-loss: 0.751700758934021
INFO - Step 1430, rl-loss: 0.5775787830352783
INFO - Step 1431, rl-loss: 0.7809128761291504
INFO - Step 1432, rl-loss: 0.7733921408653259
INFO - Step 1433, rl-loss: 0.5388029217720032
INFO - Step 1434, rl-loss: 0.5765824317932129
INFO - Step 1435, rl-loss: 0.9670685529708862
INFO - Step 1436, rl-loss: 0.7199594378471375
INFO - Step 1437, rl-loss: 0.7227625250816345
INFO - Step 1438, rl-loss: 0.7104707360267639
INFO - Step 1439, rl-loss: 0.5199502110481262
INFO - Step 1440, rl-loss: 1.0273034572601318
INFO - Step 1441, rl-loss: 0.5970980525016785
INFO - Step 1442, rl-loss: 0.771874189376831
INFO - Step 1443, rl-loss: 0.9029308557510376
INFO - Step 1444, rl-loss: 0.7345573306083679
INFO - Step 1445, rl-loss: 0.7872386574745178
INFO - Step 1446, rl-loss: 0.7920670509338379
INFO - Step 1447, rl-loss: 0.9511958956718445
INFO - Step 1448, rl-loss: 0.4914173483848572
INFO - Step 1449, rl-loss: 0.9203854203224182
INFO - Step 1450, rl-loss: 0.8220007419586182
INFO - Step 1451, rl-loss: 0.7135431170463562
INFO - Step 1452, rl-loss: 0.9807040691375732
INFO - Step 1453, rl-loss: 0.6782083511352539
INFO - Step 1454, rl-loss: 0.733482301235199
INFO - Step 1455, rl-loss: 0.9118131995201111
INFO - Step 1456, rl-loss: 0.5992854833602905
INFO - Step 1457, rl-loss: 0.7991876006126404
INFO - Step 1458, rl-loss: 0.7590615749359131
INFO - Step 1459, rl-loss: 0.8419706225395203
INFO - Step 1460, rl-loss: 0.9197090864181519
INFO - Step 1461, rl-loss: 0.7650676965713501
INFO - Step 1462, rl-loss: 0.7838520407676697
INFO - Step 1463, rl-loss: 0.8026508688926697
INFO - Step 1464, rl-loss: 0.6123077869415283
INFO - Step 1465, rl-loss: 0.7962768077850342
INFO - Step 1466, rl-loss: 1.097719669342041
INFO - Step 1467, rl-loss: 0.7682531476020813
INFO - Step 1468, rl-loss: 0.7667081952095032
INFO - Step 1469, rl-loss: 0.5728806853294373
INFO - Step 1470, rl-loss: 0.9183874726295471
INFO - Step 1471, rl-loss: 0.793916642665863
INFO - Step 1472, rl-loss: 0.9480737447738647
INFO - Step 1473, rl-loss: 1.0342953205108643
INFO - Step 1474, rl-loss: 0.8056632876396179
INFO - Step 1475, rl-loss: 0.6655377149581909
INFO - Step 1476, rl-loss: 0.5655050277709961
INFO - Step 1477, rl-loss: 0.8000134229660034
INFO - Step 1478, rl-loss: 0.9084852933883667
INFO - Step 1479, rl-loss: 0.6782543659210205
INFO - Step 1480, rl-loss: 0.9259088039398193
INFO - Step 1481, rl-loss: 0.685157299041748
INFO - Step 1482, rl-loss: 0.5646759271621704
INFO - Step 1483, rl-loss: 0.9545203447341919
INFO - Step 1484, rl-loss: 0.6042246222496033
INFO - Step 1485, rl-loss: 0.5634428858757019
INFO - Step 1486, rl-loss: 0.50171959400177
INFO - Step 1487, rl-loss: 0.795875608921051
INFO - Step 1488, rl-loss: 0.8471581339836121
INFO - Step 1489, rl-loss: 0.4185195565223694
INFO - Step 1490, rl-loss: 0.7282499074935913
INFO - Step 1491, rl-loss: 0.9588022828102112
INFO - Step 1492, rl-loss: 0.5740354061126709
INFO - Step 1493, rl-loss: 0.7567885518074036
INFO - Step 1494, rl-loss: 0.696906566619873
INFO - Step 1495, rl-loss: 0.8895082473754883
INFO - Step 1496, rl-loss: 0.4144006371498108
INFO - Step 1497, rl-loss: 0.752689778804779
INFO - Step 1498, rl-loss: 0.6645879745483398
INFO - Step 1499, rl-loss: 0.7953264117240906
INFO - Step 1500, rl-loss: 0.7134949564933777
INFO - Step 1501, rl-loss: 1.1368060111999512
INFO - Step 1502, rl-loss: 0.6837048530578613
INFO - Step 1503, rl-loss: 0.8113986253738403
INFO - Step 1504, rl-loss: 0.8039373159408569
INFO - Step 1505, rl-loss: 1.1142430305480957
INFO - Step 1506, rl-loss: 0.7518227100372314
INFO - Step 1507, rl-loss: 0.5899446606636047
INFO - Step 1508, rl-loss: 0.5898666977882385
INFO - Step 1509, rl-loss: 0.5206090211868286
INFO - Step 1510, rl-loss: 0.7815083265304565
INFO - Step 1511, rl-loss: 0.7087776064872742
INFO - Step 1512, rl-loss: 0.6323481798171997
INFO - Step 1513, rl-loss: 0.812384307384491
INFO - Step 1514, rl-loss: 0.7488400340080261
INFO - Step 1515, rl-loss: 0.5259220600128174
INFO - Step 1516, rl-loss: 0.6028805375099182
INFO - Step 1517, rl-loss: 0.518950879573822
INFO - Step 1518, rl-loss: 0.6276206970214844
INFO - Step 1519, rl-loss: 0.5602271556854248
INFO - Step 1520, rl-loss: 0.5935993790626526
INFO - Step 1521, rl-loss: 0.8249313831329346
INFO - Step 1522, rl-loss: 0.7499911785125732
INFO - Step 1523, rl-loss: 0.5821694731712341
INFO - Step 1524, rl-loss: 0.7955846786499023
INFO - Step 1525, rl-loss: 0.8875465393066406
INFO - Step 1526, rl-loss: 0.7989201545715332
INFO - Step 1527, rl-loss: 1.0026419162750244
INFO - Step 1528, rl-loss: 0.6889405250549316
INFO - Step 1529, rl-loss: 0.8671948313713074
INFO - Step 1530, rl-loss: 1.1540480852127075
INFO - Step 1531, rl-loss: 0.8923208713531494
INFO - Step 1532, rl-loss: 0.5771264433860779
INFO - Step 1533, rl-loss: 0.8618054986000061
INFO - Step 1534, rl-loss: 0.873088002204895
INFO - Step 1535, rl-loss: 0.6893856525421143
INFO - Step 1536, rl-loss: 0.6679363250732422
INFO - Step 1537, rl-loss: 0.7818059921264648
INFO - Step 1538, rl-loss: 0.5592788457870483
INFO - Step 1539, rl-loss: 0.8594151735305786
INFO - Step 1540, rl-loss: 1.1592222452163696
INFO - Step 1541, rl-loss: 0.7223273515701294
INFO - Step 1542, rl-loss: 0.7968347072601318
INFO - Step 1543, rl-loss: 0.9809024930000305
INFO - Step 1544, rl-loss: 0.647986650466919
INFO - Step 1545, rl-loss: 1.0720651149749756
INFO - Step 1546, rl-loss: 0.7371624708175659
INFO - Step 1547, rl-loss: 0.767474353313446
INFO - Step 1548, rl-loss: 0.686129629611969
INFO - Step 1549, rl-loss: 0.7813701629638672
INFO - Step 1550, rl-loss: 0.9871193766593933
INFO - Step 1551, rl-loss: 0.6823722124099731
INFO - Step 1552, rl-loss: 0.8460839986801147
INFO - Step 1553, rl-loss: 0.9526631236076355
INFO - Step 1554, rl-loss: 0.8492817282676697
INFO - Step 1555, rl-loss: 0.5262812376022339
INFO - Step 1556, rl-loss: 0.8086258172988892
INFO - Step 1557, rl-loss: 0.9530099034309387
INFO - Step 1558, rl-loss: 0.43523454666137695
INFO - Step 1559, rl-loss: 0.9014407992362976
INFO - Step 1560, rl-loss: 1.0538601875305176
INFO - Step 1561, rl-loss: 0.8528957366943359
INFO - Step 1562, rl-loss: 0.6123893857002258
INFO - Step 1563, rl-loss: 0.8436995148658752
INFO - Step 1564, rl-loss: 0.8351903557777405
INFO - Step 1565, rl-loss: 0.6718756556510925
INFO - Step 1566, rl-loss: 0.9335287809371948
INFO - Step 1567, rl-loss: 0.6271713972091675
INFO - Step 1568, rl-loss: 0.7460203766822815
INFO - Step 1569, rl-loss: 0.7515583634376526
INFO - Step 1570, rl-loss: 0.6023722887039185
INFO - Step 1571, rl-loss: 0.9392747282981873
INFO - Step 1572, rl-loss: 0.8561316728591919
INFO - Step 1573, rl-loss: 0.6246565580368042
INFO - Step 1574, rl-loss: 0.8161221146583557
INFO - Step 1575, rl-loss: 0.6203700304031372
INFO - Step 1576, rl-loss: 0.8189679980278015
INFO - Step 1577, rl-loss: 0.5056185722351074
INFO - Step 1578, rl-loss: 0.6144758462905884
INFO - Step 1579, rl-loss: 0.7357686161994934
INFO - Step 1580, rl-loss: 0.8297561407089233
INFO - Step 1581, rl-loss: 0.5827693343162537
INFO - Step 1582, rl-loss: 0.5856494307518005
INFO - Step 1583, rl-loss: 0.7009291648864746
INFO - Step 1584, rl-loss: 0.6143006682395935
INFO - Step 1585, rl-loss: 0.7655748128890991
INFO - Step 1586, rl-loss: 0.8230897784233093
INFO - Step 1587, rl-loss: 1.036731481552124
INFO - Step 1588, rl-loss: 0.6395884156227112
INFO - Step 1589, rl-loss: 0.9909111857414246
INFO - Step 1590, rl-loss: 0.7207366824150085
INFO - Step 1591, rl-loss: 1.0048606395721436
INFO - Step 1592, rl-loss: 0.6102558970451355
INFO - Step 1593, rl-loss: 0.6785107851028442
INFO - Step 1594, rl-loss: 0.5435072183609009
INFO - Step 1595, rl-loss: 0.5459180474281311
Episode 80/100 - Evaluating...

INFO - Step 1596, rl-loss: 1.1203272342681885
INFO - Step 1597, rl-loss: 0.8074051141738892
INFO - Step 1598, rl-loss: 0.7549224495887756
INFO - Step 1599, rl-loss: 0.7129117250442505
INFO - Step 1600, rl-loss: 0.6029690504074097
INFO - Step 1601, rl-loss: 0.6179072856903076
INFO - Step 1602, rl-loss: 0.7707558870315552
INFO - Step 1603, rl-loss: 0.6193463206291199
INFO - Step 1604, rl-loss: 1.1020792722702026
INFO - Step 1605, rl-loss: 1.019153118133545
INFO - Step 1606, rl-loss: 0.6226047873497009
INFO - Step 1607, rl-loss: 0.5563383102416992
INFO - Step 1608, rl-loss: 1.0357977151870728
INFO - Step 1609, rl-loss: 0.853570818901062
INFO - Step 1610, rl-loss: 0.9995771050453186
INFO - Step 1611, rl-loss: 0.7577014565467834
INFO - Step 1612, rl-loss: 0.5830448865890503
INFO - Step 1613, rl-loss: 0.8628310561180115
INFO - Step 1614, rl-loss: 1.0216944217681885
INFO - Step 1615, rl-loss: 0.8628599643707275
INFO - Step 1616, rl-loss: 0.5968337655067444
INFO - Step 1617, rl-loss: 0.6723819971084595
INFO - Step 1618, rl-loss: 0.7013437151908875
INFO - Step 1619, rl-loss: 0.7194132208824158
INFO - Step 1620, rl-loss: 0.7981459498405457
INFO - Step 1621, rl-loss: 0.9938663244247437
INFO - Step 1622, rl-loss: 0.8314099311828613
INFO - Step 1623, rl-loss: 0.7826826572418213
INFO - Step 1624, rl-loss: 0.8135578036308289
INFO - Step 1625, rl-loss: 0.8551990389823914
INFO - Step 1626, rl-loss: 0.6610355377197266
INFO - Step 1627, rl-loss: 0.7929999828338623
INFO - Step 1628, rl-loss: 0.8435811400413513
INFO - Step 1629, rl-loss: 0.9303874969482422
INFO - Step 1630, rl-loss: 0.7601361870765686
INFO - Step 1631, rl-loss: 0.8637346625328064
INFO - Step 1632, rl-loss: 0.7145529985427856
INFO - Step 1633, rl-loss: 0.9401237964630127
INFO - Step 1634, rl-loss: 0.5267111659049988
INFO - Step 1635, rl-loss: 0.6521604061126709
INFO - Step 1636, rl-loss: 1.0538877248764038
INFO - Step 1637, rl-loss: 0.6667637825012207
INFO - Step 1638, rl-loss: 0.6740877032279968
INFO - Step 1639, rl-loss: 0.8637166023254395
INFO - Step 1640, rl-loss: 0.48450028896331787
INFO - Step 1641, rl-loss: 0.5535852313041687
INFO - Step 1642, rl-loss: 1.033052921295166
INFO - Step 1643, rl-loss: 0.5756694078445435
INFO - Step 1644, rl-loss: 0.6074128746986389
INFO - Step 1645, rl-loss: 0.7774065136909485
INFO - Step 1646, rl-loss: 0.5674027800559998
INFO - Step 1647, rl-loss: 1.0944383144378662
INFO - Step 1648, rl-loss: 0.724098265171051
INFO - Step 1649, rl-loss: 0.7234169244766235
INFO - Step 1650, rl-loss: 0.7624351978302002
INFO - Step 1651, rl-loss: 1.0949842929840088
INFO - Step 1652, rl-loss: 0.5128609538078308
INFO - Step 1653, rl-loss: 0.9867216348648071
INFO - Step 1654, rl-loss: 0.44277000427246094
INFO - Step 1655, rl-loss: 0.610693097114563
INFO - Step 1656, rl-loss: 0.5041580200195312
INFO - Step 1657, rl-loss: 0.9373365044593811
INFO - Step 1658, rl-loss: 0.5701677799224854
INFO - Step 1659, rl-loss: 0.7582780122756958
INFO - Step 1660, rl-loss: 0.8593311905860901
INFO - Step 1661, rl-loss: 0.9429007172584534
INFO - Step 1662, rl-loss: 0.9290595054626465
INFO - Step 1663, rl-loss: 0.6325174570083618
INFO - Step 1664, rl-loss: 0.6787653565406799
INFO - Step 1665, rl-loss: 0.5419133901596069
INFO - Step 1666, rl-loss: 0.6456245183944702
INFO - Step 1667, rl-loss: 0.7279143929481506
INFO - Step 1668, rl-loss: 0.6349506378173828
INFO - Step 1669, rl-loss: 0.4396454393863678
INFO - Step 1670, rl-loss: 0.9933474063873291
INFO - Step 1671, rl-loss: 0.7616103291511536
INFO - Step 1672, rl-loss: 0.4899028539657593
INFO - Step 1673, rl-loss: 0.6343623995780945
INFO - Step 1674, rl-loss: 0.4189698100090027
INFO - Step 1675, rl-loss: 0.8208644390106201
INFO - Step 1676, rl-loss: 0.7630256414413452
INFO - Step 1677, rl-loss: 0.7189139723777771
INFO - Step 1678, rl-loss: 0.8693198561668396
INFO - Step 1679, rl-loss: 0.7234267592430115
INFO - Step 1680, rl-loss: 0.8137244582176208
INFO - Step 1681, rl-loss: 0.698843240737915
INFO - Step 1682, rl-loss: 0.822597861289978
INFO - Step 1683, rl-loss: 0.6033139228820801
INFO - Step 1684, rl-loss: 0.6523904800415039
INFO - Step 1685, rl-loss: 0.8347130417823792
INFO - Step 1686, rl-loss: 1.1272180080413818
INFO - Step 1687, rl-loss: 1.095999002456665
INFO - Step 1688, rl-loss: 0.7475591897964478
INFO - Step 1689, rl-loss: 0.7206125259399414
INFO - Step 1690, rl-loss: 0.7752772569656372
INFO - Step 1691, rl-loss: 0.8617874383926392
INFO - Step 1692, rl-loss: 0.7041796445846558
INFO - Step 1693, rl-loss: 0.5591151118278503
INFO - Step 1694, rl-loss: 0.5991905927658081
INFO - Step 1695, rl-loss: 0.8559589982032776
INFO - Step 1696, rl-loss: 0.7764731645584106
INFO - Step 1697, rl-loss: 0.6380969285964966
INFO - Step 1698, rl-loss: 0.5553991198539734
INFO - Step 1699, rl-loss: 0.36370381712913513
INFO - Step 1700, rl-loss: 0.6518552303314209
INFO - Step 1701, rl-loss: 0.8701774477958679
INFO - Step 1702, rl-loss: 0.7991525530815125
INFO - Step 1703, rl-loss: 0.7102385759353638
INFO - Step 1704, rl-loss: 0.8352311253547668
INFO - Step 1705, rl-loss: 0.7794553637504578
INFO - Step 1706, rl-loss: 0.620647668838501
INFO - Step 1707, rl-loss: 0.3252265453338623
INFO - Step 1708, rl-loss: 0.8596339821815491
INFO - Step 1709, rl-loss: 1.0757184028625488
INFO - Step 1710, rl-loss: 0.7025734782218933
INFO - Step 1711, rl-loss: 0.9122012257575989
INFO - Step 1712, rl-loss: 0.7455644607543945
INFO - Step 1713, rl-loss: 0.6724805235862732
INFO - Step 1714, rl-loss: 0.7393333911895752
INFO - Step 1715, rl-loss: 0.5300061106681824
INFO - Step 1716, rl-loss: 0.599250853061676
INFO - Step 1717, rl-loss: 0.8115332126617432
INFO - Step 1718, rl-loss: 1.145456314086914
INFO - Step 1719, rl-loss: 0.5042461156845093
INFO - Step 1720, rl-loss: 0.5100506544113159
INFO - Step 1721, rl-loss: 0.5369826555252075
INFO - Step 1722, rl-loss: 0.5331981778144836
INFO - Step 1723, rl-loss: 0.8811957836151123
INFO - Step 1724, rl-loss: 0.8385306000709534
INFO - Step 1725, rl-loss: 0.6618181467056274
INFO - Step 1726, rl-loss: 0.5226802229881287
INFO - Step 1727, rl-loss: 0.46948450803756714
INFO - Step 1728, rl-loss: 0.5896848440170288
INFO - Step 1729, rl-loss: 0.7220855355262756
INFO - Step 1730, rl-loss: 0.9349898099899292
INFO - Step 1731, rl-loss: 0.5339859127998352
INFO - Step 1732, rl-loss: 0.724907636642456
INFO - Step 1733, rl-loss: 0.6090337038040161
INFO - Step 1734, rl-loss: 0.8767551183700562
INFO - Step 1735, rl-loss: 0.7215580344200134
INFO - Step 1736, rl-loss: 0.8091312646865845
INFO - Step 1737, rl-loss: 0.8265895843505859
INFO - Step 1738, rl-loss: 0.9523528814315796
INFO - Step 1739, rl-loss: 0.823672890663147
INFO - Step 1740, rl-loss: 0.9332500696182251
INFO - Step 1741, rl-loss: 0.7270300388336182
INFO - Step 1742, rl-loss: 0.6121033430099487
INFO - Step 1743, rl-loss: 0.8172203898429871
INFO - Step 1744, rl-loss: 0.6182796359062195
INFO - Step 1745, rl-loss: 0.7412798404693604
INFO - Step 1746, rl-loss: 0.8223108649253845
INFO - Step 1747, rl-loss: 0.5860443711280823
INFO - Step 1748, rl-loss: 0.8041089773178101
INFO - Step 1749, rl-loss: 0.7523363828659058
INFO - Step 1750, rl-loss: 0.6481245160102844
INFO - Step 1751, rl-loss: 0.6141112446784973
INFO - Step 1752, rl-loss: 0.37607306241989136
INFO - Step 1753, rl-loss: 0.7858945727348328
INFO - Step 1754, rl-loss: 0.8707376718521118
INFO - Step 1755, rl-loss: 1.1544767618179321
INFO - Step 1756, rl-loss: 0.7915651202201843
INFO - Step 1757, rl-loss: 0.5577518939971924
INFO - Step 1758, rl-loss: 0.5346744060516357
INFO - Step 1759, rl-loss: 0.4373287856578827
INFO - Step 1760, rl-loss: 0.6337613463401794
INFO - Step 1761, rl-loss: 0.7578089237213135
INFO - Step 1762, rl-loss: 0.9035665392875671
INFO - Step 1763, rl-loss: 1.0930626392364502
INFO - Step 1764, rl-loss: 1.1528973579406738
INFO - Step 1765, rl-loss: 0.6509965062141418
INFO - Step 1766, rl-loss: 0.7266794443130493
INFO - Step 1767, rl-loss: 0.6075820922851562
INFO - Step 1768, rl-loss: 0.5875934362411499
INFO - Step 1769, rl-loss: 0.8124589323997498
INFO - Step 1770, rl-loss: 0.7322975397109985
INFO - Step 1771, rl-loss: 0.4849604368209839
INFO - Step 1772, rl-loss: 0.7000429630279541
INFO - Step 1773, rl-loss: 0.6907671689987183
INFO - Step 1774, rl-loss: 0.7297108173370361
INFO - Step 1775, rl-loss: 0.8191266059875488
INFO - Step 1776, rl-loss: 0.5833251476287842
INFO - Step 1777, rl-loss: 0.8382149934768677
INFO - Step 1778, rl-loss: 0.4751781225204468
INFO - Step 1779, rl-loss: 0.8649135231971741
INFO - Step 1780, rl-loss: 0.5828005075454712
INFO - Step 1781, rl-loss: 0.6841247081756592
INFO - Step 1782, rl-loss: 0.5906804203987122
INFO - Step 1783, rl-loss: 0.5992773175239563
INFO - Step 1784, rl-loss: 0.9393414258956909
INFO - Step 1785, rl-loss: 0.5719588994979858
INFO - Step 1786, rl-loss: 0.9331412315368652
INFO - Step 1787, rl-loss: 0.6813209056854248
INFO - Step 1788, rl-loss: 0.8688090443611145
INFO - Step 1789, rl-loss: 0.7696359157562256
INFO - Step 1790, rl-loss: 0.7316661477088928
INFO - Step 1791, rl-loss: 0.9564311504364014
INFO - Step 1792, rl-loss: 0.8403017520904541
INFO - Step 1793, rl-loss: 0.5070299506187439
INFO - Step 1794, rl-loss: 0.8753319978713989
INFO - Step 1795, rl-loss: 0.8556501865386963
INFO - Step 1796, rl-loss: 0.9568745493888855
INFO - Step 1797, rl-loss: 0.661763072013855
INFO - Step 1798, rl-loss: 0.7349922060966492
INFO - Step 1799, rl-loss: 0.8836689591407776
INFO - Step 1800, rl-loss: 0.39334309101104736
INFO - Step 1801, rl-loss: 1.1157139539718628
INFO - Step 1802, rl-loss: 0.2625441551208496
INFO - Step 1803, rl-loss: 0.5309368968009949
INFO - Step 1804, rl-loss: 0.7145846486091614
INFO - Step 1805, rl-loss: 0.7293148040771484
INFO - Step 1806, rl-loss: 0.7136533260345459
INFO - Step 1807, rl-loss: 0.7265105843544006
INFO - Step 1808, rl-loss: 0.43504154682159424
INFO - Step 1809, rl-loss: 0.8841603994369507
INFO - Step 1810, rl-loss: 0.4487355947494507
INFO - Step 1811, rl-loss: 1.0963633060455322
INFO - Step 1812, rl-loss: 0.8557316064834595
INFO - Step 1813, rl-loss: 0.669905960559845
INFO - Step 1814, rl-loss: 0.7409951686859131
INFO - Step 1815, rl-loss: 0.6225836277008057
INFO - Step 1816, rl-loss: 0.9876167178153992
INFO - Step 1817, rl-loss: 0.8736512660980225
INFO - Step 1818, rl-loss: 0.8914437294006348
INFO - Step 1819, rl-loss: 0.48418721556663513
INFO - Step 1820, rl-loss: 0.682188093662262
INFO - Step 1821, rl-loss: 0.7191743850708008
INFO - Step 1822, rl-loss: 0.7396371364593506
INFO - Step 1823, rl-loss: 0.6691274642944336
INFO - Step 1824, rl-loss: 0.6973372101783752
INFO - Step 1825, rl-loss: 0.908070981502533
INFO - Step 1826, rl-loss: 0.7018749713897705
INFO - Step 1827, rl-loss: 0.9034754037857056
INFO - Step 1828, rl-loss: 0.9740902185440063
INFO - Step 1829, rl-loss: 0.7387114763259888
INFO - Step 1830, rl-loss: 0.44111886620521545
INFO - Step 1831, rl-loss: 0.8018524646759033
INFO - Step 1832, rl-loss: 0.8121427297592163
INFO - Step 1833, rl-loss: 0.6427569389343262
INFO - Step 1834, rl-loss: 0.5667886137962341
INFO - Step 1835, rl-loss: 0.5830459594726562
INFO - Step 1836, rl-loss: 0.6434341073036194
INFO - Step 1837, rl-loss: 0.6745139956474304
INFO - Step 1838, rl-loss: 0.4723150432109833
INFO - Step 1839, rl-loss: 0.5238221287727356
INFO - Step 1840, rl-loss: 0.9051458835601807
INFO - Step 1841, rl-loss: 0.7741848230361938
INFO - Step 1842, rl-loss: 0.8620112538337708
INFO - Step 1843, rl-loss: 0.731986939907074
INFO - Step 1844, rl-loss: 0.7574284076690674
INFO - Step 1845, rl-loss: 0.7703580260276794
INFO - Step 1846, rl-loss: 0.6448909044265747
INFO - Step 1847, rl-loss: 0.875142514705658
INFO - Step 1848, rl-loss: 0.8997349739074707
INFO - Step 1849, rl-loss: 0.5059502720832825
INFO - Step 1850, rl-loss: 1.2016021013259888
INFO - Step 1851, rl-loss: 0.6569634079933167
INFO - Step 1852, rl-loss: 0.7415947914123535
INFO - Step 1853, rl-loss: 1.28984534740448
INFO - Step 1854, rl-loss: 0.6630456447601318
INFO - Step 1855, rl-loss: 0.669818639755249
INFO - Step 1856, rl-loss: 0.40954554080963135
INFO - Step 1857, rl-loss: 0.7206636071205139
INFO - Step 1858, rl-loss: 0.71690833568573
INFO - Step 1859, rl-loss: 0.7555500268936157
INFO - Step 1860, rl-loss: 0.712852418422699
INFO - Step 1861, rl-loss: 0.7365451455116272
INFO - Step 1862, rl-loss: 0.7699273228645325
INFO - Step 1863, rl-loss: 0.8333719968795776
INFO - Step 1864, rl-loss: 0.6752382516860962
INFO - Step 1865, rl-loss: 0.7340063452720642
INFO - Step 1866, rl-loss: 0.8878249526023865
INFO - Step 1867, rl-loss: 0.6966142654418945
INFO - Step 1868, rl-loss: 0.6618839502334595
INFO - Step 1869, rl-loss: 0.9249710440635681
INFO - Step 1870, rl-loss: 0.676915168762207
INFO - Step 1871, rl-loss: 0.8872628808021545
INFO - Step 1872, rl-loss: 0.6293608546257019
INFO - Step 1873, rl-loss: 0.7925242781639099
INFO - Step 1874, rl-loss: 0.9995704889297485
INFO - Step 1875, rl-loss: 0.843588650226593
INFO - Step 1876, rl-loss: 0.5914533734321594
INFO - Step 1877, rl-loss: 1.0331257581710815
INFO - Step 1878, rl-loss: 0.9873976111412048
INFO - Step 1879, rl-loss: 0.8814997673034668
INFO - Step 1880, rl-loss: 0.8527541160583496
INFO - Step 1881, rl-loss: 0.770388662815094
INFO - Step 1882, rl-loss: 0.8081079125404358
INFO - Step 1883, rl-loss: 0.6283436417579651
INFO - Step 1884, rl-loss: 0.5528963804244995
INFO - Step 1885, rl-loss: 1.0396263599395752
INFO - Step 1886, rl-loss: 0.4080764651298523
INFO - Step 1887, rl-loss: 0.5728516578674316
INFO - Step 1888, rl-loss: 0.6924493908882141
INFO - Step 1889, rl-loss: 0.8239316344261169
INFO - Step 1890, rl-loss: 0.734357476234436
INFO - Step 1891, rl-loss: 0.7755602598190308
INFO - Step 1892, rl-loss: 0.7688831686973572
INFO - Step 1893, rl-loss: 0.5794118642807007
INFO - Step 1894, rl-loss: 0.8452543616294861
INFO - Step 1895, rl-loss: 0.8931068181991577
INFO - Step 1896, rl-loss: 0.8084788918495178
INFO - Step 1897, rl-loss: 0.7059422731399536
INFO - Step 1898, rl-loss: 0.7017455697059631
INFO - Step 1899, rl-loss: 0.6721656918525696
INFO - Step 1900, rl-loss: 0.6234247088432312
INFO - Step 1901, rl-loss: 0.5311351418495178
INFO - Step 1902, rl-loss: 0.6780244708061218
INFO - Step 1903, rl-loss: 0.783266544342041
INFO - Step 1904, rl-loss: 0.7711539268493652
INFO - Step 1905, rl-loss: 0.8902348875999451
INFO - Step 1906, rl-loss: 0.821564257144928
INFO - Step 1907, rl-loss: 1.128967046737671
INFO - Step 1908, rl-loss: 0.7096059322357178
INFO - Step 1909, rl-loss: 0.7224302291870117
INFO - Step 1910, rl-loss: 0.6617592573165894
INFO - Step 1911, rl-loss: 0.5040407180786133
INFO - Step 1912, rl-loss: 0.8116937279701233
INFO - Step 1913, rl-loss: 0.67267906665802
INFO - Step 1914, rl-loss: 1.4678579568862915
INFO - Step 1915, rl-loss: 0.9562029242515564
INFO - Step 1916, rl-loss: 0.5986812710762024
INFO - Step 1917, rl-loss: 0.4215822219848633
INFO - Step 1918, rl-loss: 0.9243062734603882
INFO - Step 1919, rl-loss: 0.9540421962738037
INFO - Step 1920, rl-loss: 0.9584804773330688
INFO - Step 1921, rl-loss: 0.9323585033416748
INFO - Step 1922, rl-loss: 0.8124402761459351
INFO - Step 1923, rl-loss: 1.077440857887268
INFO - Step 1924, rl-loss: 0.676626443862915
INFO - Step 1925, rl-loss: 0.7383692860603333
INFO - Step 1926, rl-loss: 0.5197994112968445
INFO - Step 1927, rl-loss: 0.6960389018058777
INFO - Step 1928, rl-loss: 0.8497567772865295
INFO - Step 1929, rl-loss: 0.9112053513526917
INFO - Step 1930, rl-loss: 0.5992412567138672
INFO - Step 1931, rl-loss: 0.7231446504592896
INFO - Step 1932, rl-loss: 0.772538959980011
INFO - Step 1933, rl-loss: 0.669632077217102
INFO - Step 1934, rl-loss: 0.6013935804367065
INFO - Step 1935, rl-loss: 0.7510945796966553
INFO - Step 1936, rl-loss: 0.9258434772491455
INFO - Step 1937, rl-loss: 0.6396940350532532
INFO - Step 1938, rl-loss: 0.953566312789917
INFO - Step 1939, rl-loss: 0.5286231637001038
INFO - Step 1940, rl-loss: 0.5194283723831177
INFO - Step 1941, rl-loss: 0.6230364441871643
INFO - Step 1942, rl-loss: 0.5553582906723022
INFO - Step 1943, rl-loss: 0.8044808506965637
INFO - Step 1944, rl-loss: 1.0073076486587524
INFO - Step 1945, rl-loss: 0.7656635046005249
INFO - Step 1946, rl-loss: 0.8019400835037231
INFO - Step 1947, rl-loss: 0.5733308792114258
INFO - Step 1948, rl-loss: 0.8075868487358093
INFO - Step 1949, rl-loss: 0.6322264671325684
INFO - Step 1950, rl-loss: 1.285975694656372
INFO - Step 1951, rl-loss: 0.3496129810810089
INFO - Step 1952, rl-loss: 0.7381292581558228
INFO - Step 1953, rl-loss: 0.9992127418518066
INFO - Step 1954, rl-loss: 0.8661408424377441
INFO - Step 1955, rl-loss: 0.7925412654876709
INFO - Step 1956, rl-loss: 0.7409135699272156
INFO - Step 1957, rl-loss: 0.6356739401817322
INFO - Step 1958, rl-loss: 0.7099795937538147
INFO - Step 1959, rl-loss: 0.7042951583862305
INFO - Step 1960, rl-loss: 0.5051665306091309
INFO - Step 1961, rl-loss: 0.7853577733039856
INFO - Step 1962, rl-loss: 0.6654573678970337
INFO - Step 1963, rl-loss: 0.4878097176551819
INFO - Step 1964, rl-loss: 0.7382261753082275
INFO - Step 1965, rl-loss: 0.5245431065559387
INFO - Step 1966, rl-loss: 0.918368399143219
INFO - Step 1967, rl-loss: 0.7913550734519958
INFO - Step 1968, rl-loss: 0.5650522708892822
INFO - Step 1969, rl-loss: 0.5519403219223022
INFO - Step 1970, rl-loss: 0.9389050006866455
INFO - Step 1971, rl-loss: 0.5409272909164429
INFO - Step 1972, rl-loss: 0.7470026016235352
INFO - Step 1973, rl-loss: 0.9014335870742798
INFO - Step 1974, rl-loss: 0.359099805355072
INFO - Step 1975, rl-loss: 0.6189404726028442
INFO - Step 1976, rl-loss: 0.9285520911216736
INFO - Step 1977, rl-loss: 0.6183722615242004
INFO - Step 1978, rl-loss: 0.8261513113975525
INFO - Step 1979, rl-loss: 0.8731246590614319
INFO - Step 1980, rl-loss: 0.5377700924873352
INFO - Step 1981, rl-loss: 0.6045740842819214
INFO - Step 1982, rl-loss: 0.7030772566795349
INFO - Step 1983, rl-loss: 0.732568085193634
INFO - Step 1984, rl-loss: 0.5535135269165039
INFO - Step 1985, rl-loss: 1.188132643699646
INFO - Step 1986, rl-loss: 0.5882886052131653
Episode 100/100 - Evaluating...

Training complete.
