--> Running on the CPU
Using device: cpu

==============================
  DQN Training on 29 (5 layers, 100 episodes)
==============================

INFO - Step 100, rl-loss: 1.141258955001831
INFO - Copied model parameters to target network.

INFO - Step 101, rl-loss: 1.1482470035552979
INFO - Step 102, rl-loss: 1.177327275276184
INFO - Step 103, rl-loss: 1.3924202919006348
INFO - Step 104, rl-loss: 1.6553949117660522
INFO - Step 105, rl-loss: 1.0246236324310303
INFO - Step 106, rl-loss: 1.0857017040252686
INFO - Step 107, rl-loss: 1.248392105102539
INFO - Step 108, rl-loss: 1.1644673347473145
INFO - Step 109, rl-loss: 1.1992592811584473
INFO - Step 110, rl-loss: 1.195739507675171
INFO - Step 111, rl-loss: 1.2197669744491577
INFO - Step 112, rl-loss: 1.2473047971725464
INFO - Step 113, rl-loss: 1.244680404663086
INFO - Step 114, rl-loss: 1.2978041172027588
INFO - Step 115, rl-loss: 1.1458821296691895
INFO - Step 116, rl-loss: 1.1505873203277588
INFO - Step 117, rl-loss: 1.4709476232528687
INFO - Step 118, rl-loss: 1.132675051689148
INFO - Step 119, rl-loss: 1.0653444528579712
INFO - Step 120, rl-loss: 1.1528035402297974
INFO - Step 121, rl-loss: 1.1421442031860352
INFO - Step 122, rl-loss: 1.1001840829849243
INFO - Step 123, rl-loss: 1.3925315141677856
INFO - Step 124, rl-loss: 1.1278091669082642
INFO - Step 125, rl-loss: 1.4343246221542358
INFO - Step 126, rl-loss: 1.030960202217102
INFO - Step 127, rl-loss: 1.0062328577041626
INFO - Step 128, rl-loss: 0.995455265045166
INFO - Step 129, rl-loss: 0.8722919225692749
INFO - Step 130, rl-loss: 1.2714219093322754
INFO - Step 131, rl-loss: 1.1364874839782715
INFO - Step 132, rl-loss: 1.1295807361602783
INFO - Step 133, rl-loss: 0.7587771415710449
INFO - Step 134, rl-loss: 0.7767595648765564
INFO - Step 135, rl-loss: 1.0276049375534058
INFO - Step 136, rl-loss: 1.1496713161468506
INFO - Step 137, rl-loss: 0.73185795545578
INFO - Step 138, rl-loss: 0.9227593541145325
INFO - Step 139, rl-loss: 0.9027301073074341
INFO - Step 140, rl-loss: 0.8529407978057861
INFO - Step 141, rl-loss: 0.9484320878982544
INFO - Step 142, rl-loss: 0.6892467737197876
INFO - Step 143, rl-loss: 0.9905908107757568
INFO - Step 144, rl-loss: 0.8437561392784119
INFO - Step 145, rl-loss: 0.8456636667251587
INFO - Step 146, rl-loss: 1.0372780561447144
INFO - Step 147, rl-loss: 1.0822556018829346
INFO - Step 148, rl-loss: 0.8001682162284851
INFO - Step 149, rl-loss: 0.7437963485717773
INFO - Step 150, rl-loss: 0.7131904363632202
INFO - Step 151, rl-loss: 0.6330090165138245
INFO - Step 152, rl-loss: 0.9227619171142578
INFO - Step 153, rl-loss: 0.9710386991500854
INFO - Step 154, rl-loss: 1.1183626651763916
INFO - Step 155, rl-loss: 0.9979431629180908
INFO - Step 156, rl-loss: 0.7957439422607422
INFO - Step 157, rl-loss: 0.8210747838020325
INFO - Step 158, rl-loss: 0.6899220943450928
INFO - Step 159, rl-loss: 0.7329286336898804
INFO - Step 160, rl-loss: 0.9435211420059204
INFO - Step 161, rl-loss: 0.684360682964325
INFO - Step 162, rl-loss: 0.8908160924911499
INFO - Step 163, rl-loss: 0.7912149429321289
INFO - Step 164, rl-loss: 0.7739681601524353
INFO - Step 165, rl-loss: 0.8366913795471191
INFO - Step 166, rl-loss: 0.8080785870552063
INFO - Step 167, rl-loss: 0.742318332195282
INFO - Step 168, rl-loss: 0.6769466400146484
INFO - Step 169, rl-loss: 0.698650598526001
INFO - Step 170, rl-loss: 0.7438942193984985
INFO - Step 171, rl-loss: 0.6696181297302246
INFO - Step 172, rl-loss: 0.9225040674209595
INFO - Step 173, rl-loss: 0.7021588087081909
INFO - Step 174, rl-loss: 0.8976238965988159
INFO - Step 175, rl-loss: 0.6601828336715698
INFO - Step 176, rl-loss: 1.024104118347168
INFO - Step 177, rl-loss: 0.7285033464431763
INFO - Step 178, rl-loss: 1.096472144126892
INFO - Step 179, rl-loss: 0.6680845618247986
INFO - Step 180, rl-loss: 0.6331471800804138
INFO - Step 181, rl-loss: 0.5787587761878967
INFO - Step 182, rl-loss: 0.8150501847267151
INFO - Step 183, rl-loss: 0.6653837561607361
INFO - Step 184, rl-loss: 0.808415949344635
INFO - Step 185, rl-loss: 0.8149026036262512
INFO - Step 186, rl-loss: 0.6857866048812866
INFO - Step 187, rl-loss: 0.7167911529541016
INFO - Step 188, rl-loss: 0.7906213402748108
INFO - Step 189, rl-loss: 0.6000347137451172
INFO - Step 190, rl-loss: 0.7013853192329407
INFO - Step 191, rl-loss: 0.7998359203338623
INFO - Step 192, rl-loss: 0.7709834575653076
INFO - Step 193, rl-loss: 0.6301389336585999
INFO - Step 194, rl-loss: 0.7415224313735962
INFO - Step 195, rl-loss: 0.824530303478241
INFO - Step 196, rl-loss: 0.6374416351318359
INFO - Step 197, rl-loss: 0.7358077168464661
INFO - Step 198, rl-loss: 0.7586405873298645
INFO - Step 199, rl-loss: 0.7368635535240173
INFO - Step 200, rl-loss: 0.6427283883094788
INFO - Step 201, rl-loss: 0.6248421669006348
INFO - Step 202, rl-loss: 0.8481946587562561
INFO - Step 203, rl-loss: 0.6839732527732849
INFO - Step 204, rl-loss: 0.5904756784439087
INFO - Step 205, rl-loss: 0.7885040044784546
INFO - Step 206, rl-loss: 0.6176270246505737
INFO - Step 207, rl-loss: 0.6829369068145752
INFO - Step 208, rl-loss: 0.7150133848190308
INFO - Step 209, rl-loss: 0.7481156587600708
INFO - Step 210, rl-loss: 0.633423924446106
INFO - Step 211, rl-loss: 0.676852822303772
INFO - Step 212, rl-loss: 0.8279548287391663
INFO - Step 213, rl-loss: 0.5878691077232361
INFO - Step 214, rl-loss: 0.5080167055130005
INFO - Step 215, rl-loss: 0.980981171131134
INFO - Step 216, rl-loss: 0.7711650133132935
INFO - Step 217, rl-loss: 0.7298548221588135
INFO - Step 218, rl-loss: 0.47918766736984253
INFO - Step 219, rl-loss: 1.0301213264465332
INFO - Step 220, rl-loss: 0.6845028400421143
INFO - Step 221, rl-loss: 0.8524343967437744
INFO - Step 222, rl-loss: 0.8022869229316711
INFO - Step 223, rl-loss: 0.7259458899497986
INFO - Step 224, rl-loss: 0.6421439051628113
INFO - Step 225, rl-loss: 0.6276053190231323
INFO - Step 226, rl-loss: 0.6475153565406799
INFO - Step 227, rl-loss: 0.7437068223953247
INFO - Step 228, rl-loss: 0.7411209344863892
INFO - Step 229, rl-loss: 0.663362979888916
INFO - Step 230, rl-loss: 0.508853554725647
INFO - Step 231, rl-loss: 0.7299010753631592
INFO - Step 232, rl-loss: 0.4953121542930603
INFO - Step 233, rl-loss: 0.5686482191085815
INFO - Step 234, rl-loss: 0.5821748375892639
INFO - Step 235, rl-loss: 0.5763877630233765
INFO - Step 236, rl-loss: 0.7368993759155273
INFO - Step 237, rl-loss: 0.5442675352096558
INFO - Step 238, rl-loss: 0.616776168346405
INFO - Step 239, rl-loss: 0.8295351266860962
INFO - Step 240, rl-loss: 0.5996844172477722
INFO - Step 241, rl-loss: 0.7140356302261353
INFO - Step 242, rl-loss: 0.6397273540496826
INFO - Step 243, rl-loss: 0.515116274356842
INFO - Step 244, rl-loss: 0.6535991430282593
INFO - Step 245, rl-loss: 0.7487945556640625
INFO - Step 246, rl-loss: 0.7501122951507568
INFO - Step 247, rl-loss: 0.5955585241317749
INFO - Step 248, rl-loss: 0.6419046521186829
INFO - Step 249, rl-loss: 0.485392302274704
INFO - Step 250, rl-loss: 0.7639143466949463
INFO - Step 251, rl-loss: 0.8310562968254089
INFO - Step 252, rl-loss: 0.3693527579307556
INFO - Step 253, rl-loss: 0.5934653282165527
INFO - Step 254, rl-loss: 0.5863579511642456
INFO - Step 255, rl-loss: 0.6473146080970764
INFO - Step 256, rl-loss: 0.6769096851348877
INFO - Step 257, rl-loss: 0.6557278037071228
INFO - Step 258, rl-loss: 0.8392553925514221
INFO - Step 259, rl-loss: 0.5609881281852722
INFO - Step 260, rl-loss: 0.6667588949203491
INFO - Step 261, rl-loss: 0.37950417399406433
INFO - Step 262, rl-loss: 0.5798149108886719
INFO - Step 263, rl-loss: 0.7343220114707947
INFO - Step 264, rl-loss: 0.6387606859207153
INFO - Step 265, rl-loss: 0.5698184967041016
INFO - Step 266, rl-loss: 0.5164238810539246
INFO - Step 267, rl-loss: 0.5482856035232544
INFO - Step 268, rl-loss: 0.5672069191932678
INFO - Step 269, rl-loss: 0.8063275814056396
INFO - Step 270, rl-loss: 0.6650873422622681
INFO - Step 271, rl-loss: 0.5787202715873718
INFO - Step 272, rl-loss: 0.6157422661781311
INFO - Step 273, rl-loss: 0.7602768540382385
INFO - Step 274, rl-loss: 0.6100522875785828
INFO - Step 275, rl-loss: 0.4789907932281494
INFO - Step 276, rl-loss: 0.4694777727127075
INFO - Step 277, rl-loss: 0.6856884360313416
INFO - Step 278, rl-loss: 0.5662649869918823
INFO - Step 279, rl-loss: 0.6585176587104797
INFO - Step 280, rl-loss: 0.8937796354293823
INFO - Step 281, rl-loss: 0.4638429880142212
INFO - Step 282, rl-loss: 0.7239018678665161
INFO - Step 283, rl-loss: 0.7598265409469604
INFO - Step 284, rl-loss: 0.6794462203979492
INFO - Step 285, rl-loss: 0.7952125668525696
INFO - Step 286, rl-loss: 0.5387691259384155
INFO - Step 287, rl-loss: 0.48912665247917175
INFO - Step 288, rl-loss: 0.5660422444343567
INFO - Step 289, rl-loss: 0.4948483109474182
INFO - Step 290, rl-loss: 0.7001211047172546
INFO - Step 291, rl-loss: 0.6654689908027649
INFO - Step 292, rl-loss: 0.669948935508728
INFO - Step 293, rl-loss: 0.650361955165863
INFO - Step 294, rl-loss: 0.5806117653846741
INFO - Step 295, rl-loss: 0.7302429676055908
INFO - Step 296, rl-loss: 0.4957091510295868
INFO - Step 297, rl-loss: 0.6831533908843994
INFO - Step 298, rl-loss: 0.6903386116027832
INFO - Step 299, rl-loss: 0.5274224877357483
INFO - Step 300, rl-loss: 0.7970901131629944
INFO - Step 301, rl-loss: 0.7030968070030212
INFO - Step 302, rl-loss: 0.7221702337265015
INFO - Step 303, rl-loss: 0.6165188550949097
INFO - Step 304, rl-loss: 0.8002640604972839
INFO - Step 305, rl-loss: 0.539625346660614
INFO - Step 306, rl-loss: 0.5102982521057129
INFO - Step 307, rl-loss: 0.6917895674705505
INFO - Step 308, rl-loss: 0.5124566555023193
INFO - Step 309, rl-loss: 0.700228750705719
INFO - Step 310, rl-loss: 0.5715804696083069
INFO - Step 311, rl-loss: 0.5610150098800659
INFO - Step 312, rl-loss: 0.5140548944473267
INFO - Step 313, rl-loss: 0.6449300050735474
INFO - Step 314, rl-loss: 0.4845789670944214
INFO - Step 315, rl-loss: 0.8143964409828186
INFO - Step 316, rl-loss: 0.5830197930335999
INFO - Step 317, rl-loss: 0.6555644869804382
INFO - Step 318, rl-loss: 0.4060209393501282
INFO - Step 319, rl-loss: 0.7524559497833252
INFO - Step 320, rl-loss: 0.5573273301124573
INFO - Step 321, rl-loss: 0.5324347019195557
INFO - Step 322, rl-loss: 0.7482376098632812
INFO - Step 323, rl-loss: 0.6404551863670349
INFO - Step 324, rl-loss: 0.7427712082862854
INFO - Step 325, rl-loss: 0.4706265926361084
INFO - Step 326, rl-loss: 0.5933585166931152
INFO - Step 327, rl-loss: 0.7385298013687134
INFO - Step 328, rl-loss: 0.61174476146698
INFO - Step 329, rl-loss: 0.8099318742752075
INFO - Step 330, rl-loss: 0.4730904698371887
INFO - Step 331, rl-loss: 0.4320923388004303
INFO - Step 332, rl-loss: 0.6727986931800842
INFO - Step 333, rl-loss: 0.7285311818122864
INFO - Step 334, rl-loss: 0.6190223693847656
INFO - Step 335, rl-loss: 0.9389017224311829
INFO - Step 336, rl-loss: 0.673816442489624
INFO - Step 337, rl-loss: 0.7717608213424683
INFO - Step 338, rl-loss: 0.5985763669013977
INFO - Step 339, rl-loss: 0.48394519090652466
INFO - Step 340, rl-loss: 0.6962498426437378
INFO - Step 341, rl-loss: 0.6335233449935913
INFO - Step 342, rl-loss: 0.79958575963974
INFO - Step 343, rl-loss: 0.7061026096343994
INFO - Step 344, rl-loss: 0.6630536913871765
INFO - Step 345, rl-loss: 0.7892634272575378
INFO - Step 346, rl-loss: 0.7284151315689087
INFO - Step 347, rl-loss: 0.5925334095954895
INFO - Step 348, rl-loss: 0.8319294452667236
INFO - Step 349, rl-loss: 0.5357298254966736
INFO - Step 350, rl-loss: 0.5984020829200745
INFO - Step 351, rl-loss: 1.0505093336105347
INFO - Step 352, rl-loss: 0.7176145315170288
INFO - Step 353, rl-loss: 0.6582865118980408
INFO - Step 354, rl-loss: 0.4699521064758301
INFO - Step 355, rl-loss: 0.7612292170524597
INFO - Step 356, rl-loss: 0.5549424886703491
INFO - Step 357, rl-loss: 0.528550386428833
INFO - Step 358, rl-loss: 0.7268936038017273
INFO - Step 359, rl-loss: 0.6402799487113953
INFO - Step 360, rl-loss: 0.4201224744319916
INFO - Step 361, rl-loss: 0.9078076481819153
INFO - Step 362, rl-loss: 0.7115128636360168
INFO - Step 363, rl-loss: 0.48689794540405273
INFO - Step 364, rl-loss: 0.9093648195266724
INFO - Step 365, rl-loss: 0.848946750164032
INFO - Step 366, rl-loss: 0.6467041969299316
INFO - Step 367, rl-loss: 0.5520558953285217
INFO - Step 368, rl-loss: 0.5408583879470825
INFO - Step 369, rl-loss: 0.6739710569381714
INFO - Step 370, rl-loss: 0.8253071904182434
INFO - Step 371, rl-loss: 0.6529902219772339
INFO - Step 372, rl-loss: 0.541713297367096
INFO - Step 373, rl-loss: 0.4876824617385864
INFO - Step 374, rl-loss: 0.6202234029769897
INFO - Step 375, rl-loss: 0.685279369354248
INFO - Step 376, rl-loss: 0.46479475498199463
INFO - Step 377, rl-loss: 0.9747921228408813
INFO - Step 378, rl-loss: 0.5981189012527466
INFO - Step 379, rl-loss: 0.7318806648254395
INFO - Step 380, rl-loss: 0.5360546112060547
INFO - Step 381, rl-loss: 0.7215795516967773
INFO - Step 382, rl-loss: 0.979500412940979
INFO - Step 383, rl-loss: 0.744686484336853
INFO - Step 384, rl-loss: 0.5992414355278015
INFO - Step 385, rl-loss: 0.7105125784873962
INFO - Step 386, rl-loss: 0.8951215744018555
INFO - Step 387, rl-loss: 0.6010072231292725
INFO - Step 388, rl-loss: 0.5270814895629883
INFO - Step 389, rl-loss: 0.5491263270378113
INFO - Step 390, rl-loss: 0.4434095025062561
INFO - Step 391, rl-loss: 0.9315319061279297
INFO - Step 392, rl-loss: 1.0449426174163818
INFO - Step 393, rl-loss: 1.0176060199737549
Episode 20/100 - Evaluating...

INFO - Step 394, rl-loss: 0.9859700202941895
INFO - Step 395, rl-loss: 0.687249481678009
INFO - Step 396, rl-loss: 0.8617961406707764
INFO - Step 397, rl-loss: 0.6384817957878113
INFO - Step 398, rl-loss: 0.8538475036621094
INFO - Step 399, rl-loss: 0.5459340810775757
INFO - Step 400, rl-loss: 0.6046209335327148
INFO - Step 401, rl-loss: 1.01559579372406
INFO - Step 402, rl-loss: 0.46339136362075806
INFO - Step 403, rl-loss: 0.7293367981910706
INFO - Step 404, rl-loss: 0.9243595004081726
INFO - Step 405, rl-loss: 0.44844141602516174
INFO - Step 406, rl-loss: 0.5592895746231079
INFO - Step 407, rl-loss: 0.8485865592956543
INFO - Step 408, rl-loss: 0.46748778223991394
INFO - Step 409, rl-loss: 1.0573177337646484
INFO - Step 410, rl-loss: 0.9267593622207642
INFO - Step 411, rl-loss: 0.682549238204956
INFO - Step 412, rl-loss: 0.8684582710266113
INFO - Step 413, rl-loss: 0.8536971807479858
INFO - Step 414, rl-loss: 0.7337456345558167
INFO - Step 415, rl-loss: 0.8825090527534485
INFO - Step 416, rl-loss: 0.9322841167449951
INFO - Step 417, rl-loss: 0.4136267304420471
INFO - Step 418, rl-loss: 0.6838779449462891
INFO - Step 419, rl-loss: 0.713451623916626
INFO - Step 420, rl-loss: 0.5753006935119629
INFO - Step 421, rl-loss: 0.5186828374862671
INFO - Step 422, rl-loss: 0.7726284265518188
INFO - Step 423, rl-loss: 0.6282007694244385
INFO - Step 424, rl-loss: 0.5814338326454163
INFO - Step 425, rl-loss: 0.803126335144043
INFO - Step 426, rl-loss: 0.9620621204376221
INFO - Step 427, rl-loss: 0.8153350353240967
INFO - Step 428, rl-loss: 0.5985230207443237
INFO - Step 429, rl-loss: 0.5423763990402222
INFO - Step 430, rl-loss: 0.8001413941383362
INFO - Step 431, rl-loss: 0.6283411979675293
INFO - Step 432, rl-loss: 0.9528856873512268
INFO - Step 433, rl-loss: 0.6391474604606628
INFO - Step 434, rl-loss: 0.5764176249504089
INFO - Step 435, rl-loss: 0.4584890604019165
INFO - Step 436, rl-loss: 1.113792896270752
INFO - Step 437, rl-loss: 0.6958836913108826
INFO - Step 438, rl-loss: 0.4866054952144623
INFO - Step 439, rl-loss: 0.8085733652114868
INFO - Step 440, rl-loss: 0.6720858812332153
INFO - Step 441, rl-loss: 0.7782268524169922
INFO - Step 442, rl-loss: 0.832582950592041
INFO - Step 443, rl-loss: 0.48881351947784424
INFO - Step 444, rl-loss: 0.6754447817802429
INFO - Step 445, rl-loss: 0.5130984783172607
INFO - Step 446, rl-loss: 0.8207232356071472
INFO - Step 447, rl-loss: 0.7681195735931396
INFO - Step 448, rl-loss: 0.8346518278121948
INFO - Step 449, rl-loss: 0.5004302859306335
INFO - Step 450, rl-loss: 0.6537571549415588
INFO - Step 451, rl-loss: 0.7404782772064209
INFO - Step 452, rl-loss: 0.5709227919578552
INFO - Step 453, rl-loss: 0.5300277471542358
INFO - Step 454, rl-loss: 0.35714852809906006
INFO - Step 455, rl-loss: 0.9579182267189026
INFO - Step 456, rl-loss: 0.5681110620498657
INFO - Step 457, rl-loss: 0.6555293798446655
INFO - Step 458, rl-loss: 0.6706091165542603
INFO - Step 459, rl-loss: 0.49756503105163574
INFO - Step 460, rl-loss: 0.6290667057037354
INFO - Step 461, rl-loss: 1.0616248846054077
INFO - Step 462, rl-loss: 0.8487939238548279
INFO - Step 463, rl-loss: 0.47060340642929077
INFO - Step 464, rl-loss: 0.6889574527740479
INFO - Step 465, rl-loss: 0.4459603428840637
INFO - Step 466, rl-loss: 0.718932569026947
INFO - Step 467, rl-loss: 0.7866812348365784
INFO - Step 468, rl-loss: 0.7338194847106934
INFO - Step 469, rl-loss: 0.5984598398208618
INFO - Step 470, rl-loss: 0.7231140732765198
INFO - Step 471, rl-loss: 0.5728644132614136
INFO - Step 472, rl-loss: 0.7732532024383545
INFO - Step 473, rl-loss: 0.8023315668106079
INFO - Step 474, rl-loss: 0.7294481992721558
INFO - Step 475, rl-loss: 0.9615107774734497
INFO - Step 476, rl-loss: 0.6807230114936829
INFO - Step 477, rl-loss: 0.658441960811615
INFO - Step 478, rl-loss: 0.8302114009857178
INFO - Step 479, rl-loss: 0.8141123056411743
INFO - Step 480, rl-loss: 0.8149631023406982
INFO - Step 481, rl-loss: 0.7172884941101074
INFO - Step 482, rl-loss: 0.5811981558799744
INFO - Step 483, rl-loss: 0.6354274749755859
INFO - Step 484, rl-loss: 1.0492959022521973
INFO - Step 485, rl-loss: 0.8346174359321594
INFO - Step 486, rl-loss: 0.8048416376113892
INFO - Step 487, rl-loss: 0.7791584134101868
INFO - Step 488, rl-loss: 0.502882182598114
INFO - Step 489, rl-loss: 0.5124913454055786
INFO - Step 490, rl-loss: 0.6467443704605103
INFO - Step 491, rl-loss: 0.6966046094894409
INFO - Step 492, rl-loss: 0.9462481737136841
INFO - Step 493, rl-loss: 0.5401113033294678
INFO - Step 494, rl-loss: 0.5568353533744812
INFO - Step 495, rl-loss: 0.6680113077163696
INFO - Step 496, rl-loss: 0.9497973918914795
INFO - Step 497, rl-loss: 0.5300843119621277
INFO - Step 498, rl-loss: 0.7934634685516357
INFO - Step 499, rl-loss: 0.504280149936676
INFO - Step 500, rl-loss: 0.435690701007843
INFO - Step 501, rl-loss: 0.5996637940406799
INFO - Step 502, rl-loss: 0.6267576217651367
INFO - Step 503, rl-loss: 0.7172333002090454
INFO - Step 504, rl-loss: 0.7274876236915588
INFO - Step 505, rl-loss: 0.6286104321479797
INFO - Step 506, rl-loss: 0.5352317690849304
INFO - Step 507, rl-loss: 0.5410634875297546
INFO - Step 508, rl-loss: 0.6363206505775452
INFO - Step 509, rl-loss: 0.6004729270935059
INFO - Step 510, rl-loss: 1.0303442478179932
INFO - Step 511, rl-loss: 0.7598719000816345
INFO - Step 512, rl-loss: 0.6713190078735352
INFO - Step 513, rl-loss: 0.6761636137962341
INFO - Step 514, rl-loss: 0.3670555353164673
INFO - Step 515, rl-loss: 0.6044567227363586
INFO - Step 516, rl-loss: 0.5565366744995117
INFO - Step 517, rl-loss: 0.7131754755973816
INFO - Step 518, rl-loss: 0.5937625169754028
INFO - Step 519, rl-loss: 0.948979914188385
INFO - Step 520, rl-loss: 0.4344988465309143
INFO - Step 521, rl-loss: 0.6490848660469055
INFO - Step 522, rl-loss: 0.7304764986038208
INFO - Step 523, rl-loss: 0.7658171653747559
INFO - Step 524, rl-loss: 0.601596474647522
INFO - Step 525, rl-loss: 0.6735908389091492
INFO - Step 526, rl-loss: 0.8747144341468811
INFO - Step 527, rl-loss: 0.6864046454429626
INFO - Step 528, rl-loss: 0.6836677193641663
INFO - Step 529, rl-loss: 0.47234782576560974
INFO - Step 530, rl-loss: 0.6170676350593567
INFO - Step 531, rl-loss: 0.4386158287525177
INFO - Step 532, rl-loss: 0.7444858551025391
INFO - Step 533, rl-loss: 0.7865185141563416
INFO - Step 534, rl-loss: 0.5448386073112488
INFO - Step 535, rl-loss: 0.5694793462753296
INFO - Step 536, rl-loss: 0.5067053437232971
INFO - Step 537, rl-loss: 0.8101666569709778
INFO - Step 538, rl-loss: 0.7494769096374512
INFO - Step 539, rl-loss: 0.5339258313179016
INFO - Step 540, rl-loss: 0.7389508485794067
INFO - Step 541, rl-loss: 0.8431946635246277
INFO - Step 542, rl-loss: 0.7681043148040771
INFO - Step 543, rl-loss: 0.9237044453620911
INFO - Step 544, rl-loss: 0.3519284725189209
INFO - Step 545, rl-loss: 0.49390357732772827
INFO - Step 546, rl-loss: 0.7790093421936035
INFO - Step 547, rl-loss: 0.5761986374855042
INFO - Step 548, rl-loss: 0.9821076393127441
INFO - Step 549, rl-loss: 0.927814781665802
INFO - Step 550, rl-loss: 0.7921022176742554
INFO - Step 551, rl-loss: 0.8651891946792603
INFO - Step 552, rl-loss: 0.5659803748130798
INFO - Step 553, rl-loss: 0.5920196771621704
INFO - Step 554, rl-loss: 0.707177460193634
INFO - Step 555, rl-loss: 0.851675808429718
INFO - Step 556, rl-loss: 0.4640072286128998
INFO - Step 557, rl-loss: 0.6433978080749512
INFO - Step 558, rl-loss: 0.5958949327468872
INFO - Step 559, rl-loss: 0.5370476245880127
INFO - Step 560, rl-loss: 0.7697355151176453
INFO - Step 561, rl-loss: 0.9895336031913757
INFO - Step 562, rl-loss: 0.7108137011528015
INFO - Step 563, rl-loss: 0.6296089291572571
INFO - Step 564, rl-loss: 0.6321421265602112
INFO - Step 565, rl-loss: 0.6860775351524353
INFO - Step 566, rl-loss: 0.7318243980407715
INFO - Step 567, rl-loss: 0.6787391901016235
INFO - Step 568, rl-loss: 0.3798012435436249
INFO - Step 569, rl-loss: 0.9026334285736084
INFO - Step 570, rl-loss: 0.5024173259735107
INFO - Step 571, rl-loss: 0.7305625677108765
INFO - Step 572, rl-loss: 0.8985204100608826
INFO - Step 573, rl-loss: 1.0958101749420166
INFO - Step 574, rl-loss: 0.44697776436805725
INFO - Step 575, rl-loss: 0.888137936592102
INFO - Step 576, rl-loss: 0.9346010088920593
INFO - Step 577, rl-loss: 0.4952337145805359
INFO - Step 578, rl-loss: 0.641872763633728
INFO - Step 579, rl-loss: 0.7767437100410461
INFO - Step 580, rl-loss: 0.6487822532653809
INFO - Step 581, rl-loss: 0.7034949064254761
INFO - Step 582, rl-loss: 0.8418700098991394
INFO - Step 583, rl-loss: 0.8929301500320435
INFO - Step 584, rl-loss: 1.1545392274856567
INFO - Step 585, rl-loss: 0.6880201697349548
INFO - Step 586, rl-loss: 0.5177748799324036
INFO - Step 587, rl-loss: 0.9283239245414734
INFO - Step 588, rl-loss: 0.5955886840820312
INFO - Step 589, rl-loss: 0.7898582220077515
INFO - Step 590, rl-loss: 0.560653805732727
INFO - Step 591, rl-loss: 1.011818528175354
INFO - Step 592, rl-loss: 0.7763463854789734
INFO - Step 593, rl-loss: 0.7285062074661255
INFO - Step 594, rl-loss: 0.9296951293945312
INFO - Step 595, rl-loss: 0.6896622776985168
INFO - Step 596, rl-loss: 0.5917059779167175
INFO - Step 597, rl-loss: 0.6013370752334595
INFO - Step 598, rl-loss: 0.7914146184921265
INFO - Step 599, rl-loss: 0.5496679544448853
INFO - Step 600, rl-loss: 0.7103381156921387
INFO - Step 601, rl-loss: 0.8850827217102051
INFO - Step 602, rl-loss: 0.731152355670929
INFO - Step 603, rl-loss: 0.6994009613990784
INFO - Step 604, rl-loss: 0.8377186059951782
INFO - Step 605, rl-loss: 0.5006501078605652
INFO - Step 606, rl-loss: 1.0174239873886108
INFO - Step 607, rl-loss: 0.7724545001983643
INFO - Step 608, rl-loss: 0.6603102087974548
INFO - Step 609, rl-loss: 0.6960497498512268
INFO - Step 610, rl-loss: 0.5005234479904175
INFO - Step 611, rl-loss: 0.44021543860435486
INFO - Step 612, rl-loss: 0.8024949431419373
INFO - Step 613, rl-loss: 0.5609905123710632
INFO - Step 614, rl-loss: 0.8057419061660767
INFO - Step 615, rl-loss: 0.5764970779418945
INFO - Step 616, rl-loss: 0.6429829597473145
INFO - Step 617, rl-loss: 0.4779748022556305
INFO - Step 618, rl-loss: 0.47269588708877563
INFO - Step 619, rl-loss: 0.6450076103210449
INFO - Step 620, rl-loss: 0.42045170068740845
INFO - Step 621, rl-loss: 0.7001124024391174
INFO - Step 622, rl-loss: 0.7545638084411621
INFO - Step 623, rl-loss: 0.7718467116355896
INFO - Step 624, rl-loss: 0.6445075869560242
INFO - Step 625, rl-loss: 1.1495307683944702
INFO - Step 626, rl-loss: 0.753011167049408
INFO - Step 627, rl-loss: 0.6919757723808289
INFO - Step 628, rl-loss: 0.6791831254959106
INFO - Step 629, rl-loss: 0.5907886028289795
INFO - Step 630, rl-loss: 0.8309149146080017
INFO - Step 631, rl-loss: 0.8956072926521301
INFO - Step 632, rl-loss: 0.7459484934806824
INFO - Step 633, rl-loss: 0.9232919812202454
INFO - Step 634, rl-loss: 0.604891300201416
INFO - Step 635, rl-loss: 0.695009708404541
INFO - Step 636, rl-loss: 0.8496701121330261
INFO - Step 637, rl-loss: 0.6961787939071655
INFO - Step 638, rl-loss: 0.7706490755081177
INFO - Step 639, rl-loss: 0.757279634475708
INFO - Step 640, rl-loss: 0.8522592782974243
INFO - Step 641, rl-loss: 0.4678722620010376
INFO - Step 642, rl-loss: 0.714601457118988
INFO - Step 643, rl-loss: 0.6996843814849854
INFO - Step 644, rl-loss: 0.7420111894607544
INFO - Step 645, rl-loss: 0.7187507152557373
INFO - Step 646, rl-loss: 0.6190462708473206
INFO - Step 647, rl-loss: 0.5712194442749023
INFO - Step 648, rl-loss: 0.8590880036354065
INFO - Step 649, rl-loss: 0.7650657892227173
INFO - Step 650, rl-loss: 0.9179204702377319
INFO - Step 651, rl-loss: 0.5022608041763306
INFO - Step 652, rl-loss: 0.5827852487564087
INFO - Step 653, rl-loss: 0.6039949059486389
INFO - Step 654, rl-loss: 0.7069979310035706
INFO - Step 655, rl-loss: 0.7244673371315002
INFO - Step 656, rl-loss: 0.7799559235572815
INFO - Step 657, rl-loss: 0.7223057150840759
INFO - Step 658, rl-loss: 0.7387771606445312
INFO - Step 659, rl-loss: 0.8006831407546997
INFO - Step 660, rl-loss: 0.5886169075965881
INFO - Step 661, rl-loss: 0.7161248922348022
INFO - Step 662, rl-loss: 0.7215990424156189
INFO - Step 663, rl-loss: 0.7269947528839111
INFO - Step 664, rl-loss: 0.5072572231292725
INFO - Step 665, rl-loss: 0.5287980437278748
INFO - Step 666, rl-loss: 0.8703934550285339
INFO - Step 667, rl-loss: 0.8743114471435547
INFO - Step 668, rl-loss: 0.8054741024971008
INFO - Step 669, rl-loss: 0.6105870008468628
INFO - Step 670, rl-loss: 0.7841886878013611
INFO - Step 671, rl-loss: 0.6313573718070984
INFO - Step 672, rl-loss: 0.7090065479278564
INFO - Step 673, rl-loss: 0.7525924444198608
INFO - Step 674, rl-loss: 0.6439374685287476
INFO - Step 675, rl-loss: 0.7723627686500549
INFO - Step 676, rl-loss: 0.8005165457725525
INFO - Step 677, rl-loss: 0.6498216390609741
INFO - Step 678, rl-loss: 1.1230069398880005
INFO - Step 679, rl-loss: 0.5876706838607788
INFO - Step 680, rl-loss: 0.5516307950019836
INFO - Step 681, rl-loss: 0.7734949588775635
INFO - Step 682, rl-loss: 0.6521292328834534
INFO - Step 683, rl-loss: 0.8218510150909424
INFO - Step 684, rl-loss: 0.6106383800506592
INFO - Step 685, rl-loss: 0.6050172448158264
INFO - Step 686, rl-loss: 0.6203343868255615
INFO - Step 687, rl-loss: 0.7183334827423096
INFO - Step 688, rl-loss: 0.7872927188873291
INFO - Step 689, rl-loss: 0.53641676902771
INFO - Step 690, rl-loss: 0.651969850063324
INFO - Step 691, rl-loss: 0.8724275827407837
INFO - Step 692, rl-loss: 0.6928828358650208
INFO - Step 693, rl-loss: 0.7565298080444336
INFO - Step 694, rl-loss: 0.5772328972816467
INFO - Step 695, rl-loss: 0.57999587059021
INFO - Step 696, rl-loss: 0.7159672975540161
INFO - Step 697, rl-loss: 0.4871397018432617
INFO - Step 698, rl-loss: 0.49028706550598145
INFO - Step 699, rl-loss: 0.482882022857666
INFO - Step 700, rl-loss: 0.7198578715324402
INFO - Step 701, rl-loss: 0.9068710207939148
INFO - Step 702, rl-loss: 0.7406109571456909
INFO - Step 703, rl-loss: 0.6792845726013184
INFO - Step 704, rl-loss: 0.8130903244018555
INFO - Step 705, rl-loss: 0.6187542676925659
INFO - Step 706, rl-loss: 0.6705212593078613
INFO - Step 707, rl-loss: 0.33890077471733093
INFO - Step 708, rl-loss: 0.842191755771637
INFO - Step 709, rl-loss: 0.8388141989707947
INFO - Step 710, rl-loss: 0.6190344095230103
INFO - Step 711, rl-loss: 0.6033282279968262
INFO - Step 712, rl-loss: 0.7854432463645935
INFO - Step 713, rl-loss: 0.43865635991096497
INFO - Step 714, rl-loss: 0.6871654987335205
INFO - Step 715, rl-loss: 0.8576987981796265
INFO - Step 716, rl-loss: 0.7660822868347168
INFO - Step 717, rl-loss: 0.5241238474845886
INFO - Step 718, rl-loss: 0.5147101879119873
INFO - Step 719, rl-loss: 0.7350278496742249
INFO - Step 720, rl-loss: 0.5428560972213745
INFO - Step 721, rl-loss: 0.8461156487464905
INFO - Step 722, rl-loss: 0.7110120058059692
INFO - Step 723, rl-loss: 0.5340892672538757
INFO - Step 724, rl-loss: 0.5223172307014465
INFO - Step 725, rl-loss: 1.0185511112213135
INFO - Step 726, rl-loss: 0.9976950883865356
INFO - Step 727, rl-loss: 0.6221714019775391
INFO - Step 728, rl-loss: 0.9717074632644653
INFO - Step 729, rl-loss: 0.7031179666519165
INFO - Step 730, rl-loss: 0.6115075349807739
INFO - Step 731, rl-loss: 0.7179586887359619
INFO - Step 732, rl-loss: 0.6493884921073914
INFO - Step 733, rl-loss: 0.8284927606582642
INFO - Step 734, rl-loss: 0.7380399703979492
INFO - Step 735, rl-loss: 0.6450048089027405
INFO - Step 736, rl-loss: 0.6438331604003906
INFO - Step 737, rl-loss: 0.737671971321106
INFO - Step 738, rl-loss: 0.6923590898513794
INFO - Step 739, rl-loss: 0.5831713080406189
INFO - Step 740, rl-loss: 0.5780233144760132
INFO - Step 741, rl-loss: 0.5812498331069946
INFO - Step 742, rl-loss: 0.7219666242599487
INFO - Step 743, rl-loss: 0.6684081554412842
INFO - Step 744, rl-loss: 0.5943670868873596
INFO - Step 745, rl-loss: 0.6889755129814148
INFO - Step 746, rl-loss: 0.6415613889694214
INFO - Step 747, rl-loss: 0.9985859990119934
INFO - Step 748, rl-loss: 0.5610365271568298
INFO - Step 749, rl-loss: 0.6946974396705627
INFO - Step 750, rl-loss: 0.6319209337234497
INFO - Step 751, rl-loss: 0.627373993396759
INFO - Step 752, rl-loss: 0.5088527202606201
INFO - Step 753, rl-loss: 0.9355267286300659
INFO - Step 754, rl-loss: 0.5996674299240112
INFO - Step 755, rl-loss: 0.7923533916473389
INFO - Step 756, rl-loss: 0.6481107473373413
INFO - Step 757, rl-loss: 0.7884687185287476
INFO - Step 758, rl-loss: 0.6176116466522217
INFO - Step 759, rl-loss: 0.7153986692428589
INFO - Step 760, rl-loss: 0.6728313565254211
INFO - Step 761, rl-loss: 0.7956494092941284
INFO - Step 762, rl-loss: 0.5989041328430176
INFO - Step 763, rl-loss: 0.5114355087280273
INFO - Step 764, rl-loss: 0.9018791913986206
INFO - Step 765, rl-loss: 0.7110507488250732
INFO - Step 766, rl-loss: 0.5859283208847046
INFO - Step 767, rl-loss: 0.6236872673034668
INFO - Step 768, rl-loss: 0.9640597701072693
INFO - Step 769, rl-loss: 0.6834608912467957
INFO - Step 770, rl-loss: 0.8877246975898743
INFO - Step 771, rl-loss: 0.8291115760803223
INFO - Step 772, rl-loss: 0.762800395488739
INFO - Step 773, rl-loss: 0.445628821849823
INFO - Step 774, rl-loss: 0.795253574848175
INFO - Step 775, rl-loss: 0.5196257829666138
INFO - Step 776, rl-loss: 0.6982011198997498
INFO - Step 777, rl-loss: 0.590747058391571
INFO - Step 778, rl-loss: 1.0291885137557983
INFO - Step 779, rl-loss: 0.8332891464233398
INFO - Step 780, rl-loss: 0.36790192127227783
INFO - Step 781, rl-loss: 0.9433546662330627
INFO - Step 782, rl-loss: 1.0139796733856201
INFO - Step 783, rl-loss: 0.5186771750450134
INFO - Step 784, rl-loss: 0.7115606069564819
INFO - Step 785, rl-loss: 0.8239977359771729
INFO - Step 786, rl-loss: 0.6991058588027954
INFO - Step 787, rl-loss: 1.131887674331665
INFO - Step 788, rl-loss: 0.4797089993953705
INFO - Step 789, rl-loss: 0.9079227447509766
INFO - Step 790, rl-loss: 0.6692924499511719
INFO - Step 791, rl-loss: 0.6789501905441284
INFO - Step 792, rl-loss: 0.7344555854797363
Episode 40/100 - Evaluating...

INFO - Step 793, rl-loss: 0.9737828969955444
INFO - Step 794, rl-loss: 0.5507453083992004
INFO - Step 795, rl-loss: 0.5244354009628296
INFO - Step 796, rl-loss: 0.7812564969062805
INFO - Step 797, rl-loss: 0.6928070783615112
INFO - Step 798, rl-loss: 0.5325837135314941
INFO - Step 799, rl-loss: 0.41010764241218567
INFO - Step 800, rl-loss: 0.49313920736312866
INFO - Step 801, rl-loss: 0.7174161076545715
INFO - Step 802, rl-loss: 0.9565532207489014
INFO - Step 803, rl-loss: 0.8356362581253052
INFO - Step 804, rl-loss: 0.6358091831207275
INFO - Step 805, rl-loss: 0.4997430145740509
INFO - Step 806, rl-loss: 0.8754446506500244
INFO - Step 807, rl-loss: 0.49556779861450195
INFO - Step 808, rl-loss: 0.5889539122581482
INFO - Step 809, rl-loss: 0.7711994051933289
INFO - Step 810, rl-loss: 0.9662370681762695
INFO - Step 811, rl-loss: 0.9275875687599182
INFO - Step 812, rl-loss: 0.8658034205436707
INFO - Step 813, rl-loss: 0.6227290630340576
INFO - Step 814, rl-loss: 0.9063005447387695
INFO - Step 815, rl-loss: 0.5219593048095703
INFO - Step 816, rl-loss: 0.3850877285003662
INFO - Step 817, rl-loss: 0.5819492340087891
INFO - Step 818, rl-loss: 0.6158819794654846
INFO - Step 819, rl-loss: 0.8017571568489075
INFO - Step 820, rl-loss: 0.7099230289459229
INFO - Step 821, rl-loss: 0.6687420606613159
INFO - Step 822, rl-loss: 0.610275387763977
INFO - Step 823, rl-loss: 0.5568426847457886
INFO - Step 824, rl-loss: 0.7356159687042236
INFO - Step 825, rl-loss: 0.7560070157051086
INFO - Step 826, rl-loss: 0.5238539576530457
INFO - Step 827, rl-loss: 0.7490571141242981
INFO - Step 828, rl-loss: 1.4279417991638184
INFO - Step 829, rl-loss: 0.7480061054229736
INFO - Step 830, rl-loss: 0.5587307810783386
INFO - Step 831, rl-loss: 0.7141199111938477
INFO - Step 832, rl-loss: 0.7222389578819275
INFO - Step 833, rl-loss: 0.6648412942886353
INFO - Step 834, rl-loss: 0.6880782246589661
INFO - Step 835, rl-loss: 0.8586061596870422
INFO - Step 836, rl-loss: 0.6690233945846558
INFO - Step 837, rl-loss: 0.6708844304084778
INFO - Step 838, rl-loss: 0.6818576455116272
INFO - Step 839, rl-loss: 0.6665409803390503
INFO - Step 840, rl-loss: 0.6132650971412659
INFO - Step 841, rl-loss: 0.8040061593055725
INFO - Step 842, rl-loss: 0.9573383331298828
INFO - Step 843, rl-loss: 0.7710438966751099
INFO - Step 844, rl-loss: 0.70841383934021
INFO - Step 845, rl-loss: 0.685522198677063
INFO - Step 846, rl-loss: 0.7636287212371826
INFO - Step 847, rl-loss: 0.8356974720954895
INFO - Step 848, rl-loss: 0.564398467540741
INFO - Step 849, rl-loss: 0.7225279211997986
INFO - Step 850, rl-loss: 0.7616050839424133
INFO - Step 851, rl-loss: 1.3530144691467285
INFO - Step 852, rl-loss: 0.6822394728660583
INFO - Step 853, rl-loss: 0.6958900094032288
INFO - Step 854, rl-loss: 0.7459778189659119
INFO - Step 855, rl-loss: 0.4525083005428314
INFO - Step 856, rl-loss: 0.6885913014411926
INFO - Step 857, rl-loss: 0.9986005425453186
INFO - Step 858, rl-loss: 0.6665188074111938
INFO - Step 859, rl-loss: 0.6491448879241943
INFO - Step 860, rl-loss: 0.6261469125747681
INFO - Step 861, rl-loss: 0.7012532353401184
INFO - Step 862, rl-loss: 1.2306402921676636
INFO - Step 863, rl-loss: 0.46937307715415955
INFO - Step 864, rl-loss: 0.8678050637245178
INFO - Step 865, rl-loss: 0.5154078602790833
INFO - Step 866, rl-loss: 0.7931245565414429
INFO - Step 867, rl-loss: 0.897905170917511
INFO - Step 868, rl-loss: 0.6871795654296875
INFO - Step 869, rl-loss: 0.8401739001274109
INFO - Step 870, rl-loss: 0.6667929291725159
INFO - Step 871, rl-loss: 0.5291498899459839
INFO - Step 872, rl-loss: 0.5689796209335327
INFO - Step 873, rl-loss: 0.8393937349319458
INFO - Step 874, rl-loss: 0.717170774936676
INFO - Step 875, rl-loss: 0.5984861850738525
INFO - Step 876, rl-loss: 0.7977158427238464
INFO - Step 877, rl-loss: 0.475192129611969
INFO - Step 878, rl-loss: 0.7504271864891052
INFO - Step 879, rl-loss: 0.6271748542785645
INFO - Step 880, rl-loss: 0.7266336679458618
INFO - Step 881, rl-loss: 0.4808507561683655
INFO - Step 882, rl-loss: 0.9019127488136292
INFO - Step 883, rl-loss: 0.7904765605926514
INFO - Step 884, rl-loss: 0.4330976605415344
INFO - Step 885, rl-loss: 0.600696325302124
INFO - Step 886, rl-loss: 0.6559569835662842
INFO - Step 887, rl-loss: 0.9191112518310547
INFO - Step 888, rl-loss: 0.7287977337837219
INFO - Step 889, rl-loss: 0.5458663702011108
INFO - Step 890, rl-loss: 0.6627822518348694
INFO - Step 891, rl-loss: 0.637415885925293
INFO - Step 892, rl-loss: 0.9227123260498047
INFO - Step 893, rl-loss: 0.7172328233718872
INFO - Step 894, rl-loss: 0.573439359664917
INFO - Step 895, rl-loss: 0.759702205657959
INFO - Step 896, rl-loss: 0.742199182510376
INFO - Step 897, rl-loss: 0.4676288366317749
INFO - Step 898, rl-loss: 0.5682888031005859
INFO - Step 899, rl-loss: 0.818000316619873
INFO - Step 900, rl-loss: 0.8425111770629883
INFO - Step 901, rl-loss: 0.8733310699462891
INFO - Step 902, rl-loss: 0.5167744159698486
INFO - Step 903, rl-loss: 1.1118919849395752
INFO - Step 904, rl-loss: 0.7583775520324707
INFO - Step 905, rl-loss: 0.7442574501037598
INFO - Step 906, rl-loss: 0.7580976486206055
INFO - Step 907, rl-loss: 0.6327474117279053
INFO - Step 908, rl-loss: 1.0924198627471924
INFO - Step 909, rl-loss: 0.6840728521347046
INFO - Step 910, rl-loss: 0.8427319526672363
INFO - Step 911, rl-loss: 0.6524745225906372
INFO - Step 912, rl-loss: 0.7757607698440552
INFO - Step 913, rl-loss: 0.6518553495407104
INFO - Step 914, rl-loss: 0.7781244516372681
INFO - Step 915, rl-loss: 0.6489482522010803
INFO - Step 916, rl-loss: 0.41942691802978516
INFO - Step 917, rl-loss: 1.095367670059204
INFO - Step 918, rl-loss: 0.4865421652793884
INFO - Step 919, rl-loss: 0.5774285197257996
INFO - Step 920, rl-loss: 0.7306698560714722
INFO - Step 921, rl-loss: 0.39826229214668274
INFO - Step 922, rl-loss: 0.6857736706733704
INFO - Step 923, rl-loss: 0.4911348223686218
INFO - Step 924, rl-loss: 0.8958505392074585
INFO - Step 925, rl-loss: 1.066994547843933
INFO - Step 926, rl-loss: 0.6204969882965088
INFO - Step 927, rl-loss: 0.5539212822914124
INFO - Step 928, rl-loss: 0.8272995948791504
INFO - Step 929, rl-loss: 0.6875917911529541
INFO - Step 930, rl-loss: 0.6826738715171814
INFO - Step 931, rl-loss: 0.7592311501502991
INFO - Step 932, rl-loss: 0.571815013885498
INFO - Step 933, rl-loss: 0.6199021935462952
INFO - Step 934, rl-loss: 0.7267156839370728
INFO - Step 935, rl-loss: 0.7625205516815186
INFO - Step 936, rl-loss: 0.7712274193763733
INFO - Step 937, rl-loss: 0.60695880651474
INFO - Step 938, rl-loss: 0.5831329822540283
INFO - Step 939, rl-loss: 0.5907694101333618
INFO - Step 940, rl-loss: 0.5876996517181396
INFO - Step 941, rl-loss: 0.4107074737548828
INFO - Step 942, rl-loss: 0.5848547220230103
INFO - Step 943, rl-loss: 1.0412451028823853
INFO - Step 944, rl-loss: 0.7270265817642212
INFO - Step 945, rl-loss: 0.7112130522727966
INFO - Step 946, rl-loss: 0.7750688195228577
INFO - Step 947, rl-loss: 0.7409585118293762
INFO - Step 948, rl-loss: 0.6774366497993469
INFO - Step 949, rl-loss: 0.7208977937698364
INFO - Step 950, rl-loss: 0.619101345539093
INFO - Step 951, rl-loss: 0.655028760433197
INFO - Step 952, rl-loss: 0.6151130795478821
INFO - Step 953, rl-loss: 0.8344447612762451
INFO - Step 954, rl-loss: 0.8467775583267212
INFO - Step 955, rl-loss: 0.699731707572937
INFO - Step 956, rl-loss: 0.9889616966247559
INFO - Step 957, rl-loss: 0.6048076152801514
INFO - Step 958, rl-loss: 0.8461257815361023
INFO - Step 959, rl-loss: 0.542973518371582
INFO - Step 960, rl-loss: 0.6470372080802917
INFO - Step 961, rl-loss: 0.6464039087295532
INFO - Step 962, rl-loss: 1.0535714626312256
INFO - Step 963, rl-loss: 0.7678331732749939
INFO - Step 964, rl-loss: 0.4956679344177246
INFO - Step 965, rl-loss: 0.8861756324768066
INFO - Step 966, rl-loss: 0.738389790058136
INFO - Step 967, rl-loss: 0.7515687346458435
INFO - Step 968, rl-loss: 0.8133144378662109
INFO - Step 969, rl-loss: 0.48882001638412476
INFO - Step 970, rl-loss: 0.7212818264961243
INFO - Step 971, rl-loss: 0.7096965312957764
INFO - Step 972, rl-loss: 0.5221095085144043
INFO - Step 973, rl-loss: 0.48403868079185486
INFO - Step 974, rl-loss: 0.8568294048309326
INFO - Step 975, rl-loss: 0.873509407043457
INFO - Step 976, rl-loss: 0.6386223435401917
INFO - Step 977, rl-loss: 0.581337034702301
INFO - Step 978, rl-loss: 0.7603625059127808
INFO - Step 979, rl-loss: 0.9228159189224243
INFO - Step 980, rl-loss: 0.5776821374893188
INFO - Step 981, rl-loss: 0.7871199250221252
INFO - Step 982, rl-loss: 0.528935968875885
INFO - Step 983, rl-loss: 0.883423388004303
INFO - Step 984, rl-loss: 0.6592854261398315
INFO - Step 985, rl-loss: 0.580366313457489
INFO - Step 986, rl-loss: 0.760952353477478
INFO - Step 987, rl-loss: 0.5925716161727905
INFO - Step 988, rl-loss: 0.744321882724762
INFO - Step 989, rl-loss: 0.5973156094551086
INFO - Step 990, rl-loss: 0.7224239110946655
INFO - Step 991, rl-loss: 0.8418172001838684
INFO - Step 992, rl-loss: 0.8241881132125854
INFO - Step 993, rl-loss: 0.6937941312789917
INFO - Step 994, rl-loss: 0.605620801448822
INFO - Step 995, rl-loss: 0.8637726902961731
INFO - Step 996, rl-loss: 0.5932965874671936
INFO - Step 997, rl-loss: 0.6638356447219849
INFO - Step 998, rl-loss: 0.6491373181343079
INFO - Step 999, rl-loss: 0.6928701400756836
INFO - Step 1000, rl-loss: 0.5317290425300598
INFO - Step 1001, rl-loss: 0.782043993473053
INFO - Step 1002, rl-loss: 0.7385894656181335
INFO - Step 1003, rl-loss: 1.1477038860321045
INFO - Step 1004, rl-loss: 0.5257267355918884
INFO - Step 1005, rl-loss: 0.7266812324523926
INFO - Step 1006, rl-loss: 0.7754542827606201
INFO - Step 1007, rl-loss: 0.8165924549102783
INFO - Step 1008, rl-loss: 0.676654040813446
INFO - Step 1009, rl-loss: 0.4724058508872986
INFO - Step 1010, rl-loss: 0.8548073768615723
INFO - Step 1011, rl-loss: 0.5502572059631348
INFO - Step 1012, rl-loss: 0.4228767454624176
INFO - Step 1013, rl-loss: 1.2535988092422485
INFO - Step 1014, rl-loss: 0.6246523857116699
INFO - Step 1015, rl-loss: 0.8674008846282959
INFO - Step 1016, rl-loss: 0.7339410781860352
INFO - Step 1017, rl-loss: 0.5045578479766846
INFO - Step 1018, rl-loss: 0.4695500135421753
INFO - Step 1019, rl-loss: 0.5367048382759094
INFO - Step 1020, rl-loss: 0.6113669872283936
INFO - Step 1021, rl-loss: 0.5741348266601562
INFO - Step 1022, rl-loss: 0.6531203389167786
INFO - Step 1023, rl-loss: 0.6208759546279907
INFO - Step 1024, rl-loss: 0.49144548177719116
INFO - Step 1025, rl-loss: 0.5230486989021301
INFO - Step 1026, rl-loss: 0.8115208148956299
INFO - Step 1027, rl-loss: 0.7627666592597961
INFO - Step 1028, rl-loss: 0.9353286027908325
INFO - Step 1029, rl-loss: 0.9637645483016968
INFO - Step 1030, rl-loss: 0.49711155891418457
INFO - Step 1031, rl-loss: 0.6570661664009094
INFO - Step 1032, rl-loss: 0.5846745371818542
INFO - Step 1033, rl-loss: 0.6125394105911255
INFO - Step 1034, rl-loss: 0.5987790822982788
INFO - Step 1035, rl-loss: 0.5708809494972229
INFO - Step 1036, rl-loss: 0.7415754795074463
INFO - Step 1037, rl-loss: 0.6092539429664612
INFO - Step 1038, rl-loss: 0.4144432842731476
INFO - Step 1039, rl-loss: 0.6811913251876831
INFO - Step 1040, rl-loss: 0.9776864051818848
INFO - Step 1041, rl-loss: 0.4971522092819214
INFO - Step 1042, rl-loss: 0.5507970452308655
INFO - Step 1043, rl-loss: 0.9728676080703735
INFO - Step 1044, rl-loss: 0.672312319278717
INFO - Step 1045, rl-loss: 0.7821596264839172
INFO - Step 1046, rl-loss: 0.6267586946487427
INFO - Step 1047, rl-loss: 0.6011281609535217
INFO - Step 1048, rl-loss: 0.6259205341339111
INFO - Step 1049, rl-loss: 0.785153329372406
INFO - Step 1050, rl-loss: 0.5645581483840942
INFO - Step 1051, rl-loss: 0.5483366847038269
INFO - Step 1052, rl-loss: 0.6244882345199585
INFO - Step 1053, rl-loss: 0.8208722472190857
INFO - Step 1054, rl-loss: 0.7020658850669861
INFO - Step 1055, rl-loss: 0.4406535029411316
INFO - Step 1056, rl-loss: 0.5017305016517639
INFO - Step 1057, rl-loss: 0.579369068145752
INFO - Step 1058, rl-loss: 0.7747607827186584
INFO - Step 1059, rl-loss: 0.7103757262229919
INFO - Step 1060, rl-loss: 0.5694575905799866
INFO - Step 1061, rl-loss: 0.5798269510269165
INFO - Step 1062, rl-loss: 0.7320932149887085
INFO - Step 1063, rl-loss: 0.6933395266532898
INFO - Step 1064, rl-loss: 0.741192102432251
INFO - Step 1065, rl-loss: 0.5587425231933594
INFO - Step 1066, rl-loss: 0.4032401144504547
INFO - Step 1067, rl-loss: 0.9005002975463867
INFO - Step 1068, rl-loss: 0.8284891247749329
INFO - Step 1069, rl-loss: 0.7599292993545532
INFO - Step 1070, rl-loss: 0.6727305054664612
INFO - Step 1071, rl-loss: 0.5623633861541748
INFO - Step 1072, rl-loss: 0.815025269985199
INFO - Step 1073, rl-loss: 0.7668331861495972
INFO - Step 1074, rl-loss: 0.4813089966773987
INFO - Step 1075, rl-loss: 0.6268630027770996
INFO - Step 1076, rl-loss: 0.5108277201652527
INFO - Step 1077, rl-loss: 0.9226509928703308
INFO - Step 1078, rl-loss: 0.5641456842422485
INFO - Step 1079, rl-loss: 0.7482452988624573
INFO - Step 1080, rl-loss: 0.9870613217353821
INFO - Step 1081, rl-loss: 0.506142258644104
INFO - Step 1082, rl-loss: 0.5572284460067749
INFO - Step 1083, rl-loss: 0.5908579230308533
INFO - Step 1084, rl-loss: 0.5944675207138062
INFO - Step 1085, rl-loss: 0.7709693908691406
INFO - Step 1086, rl-loss: 1.076930284500122
INFO - Step 1087, rl-loss: 0.6438060402870178
INFO - Step 1088, rl-loss: 0.8305948376655579
INFO - Step 1089, rl-loss: 0.5681416392326355
INFO - Step 1090, rl-loss: 0.7351372241973877
INFO - Step 1091, rl-loss: 0.8053964376449585
INFO - Step 1092, rl-loss: 0.6990806460380554
INFO - Step 1093, rl-loss: 0.6722093224525452
INFO - Step 1094, rl-loss: 0.594946563243866
INFO - Step 1095, rl-loss: 0.5258996486663818
INFO - Step 1096, rl-loss: 0.5920431017875671
INFO - Step 1097, rl-loss: 0.48630693554878235
INFO - Step 1098, rl-loss: 0.643462598323822
INFO - Step 1099, rl-loss: 0.5761251449584961
INFO - Step 1100, rl-loss: 0.5155864953994751
INFO - Copied model parameters to target network.

INFO - Step 1101, rl-loss: 0.9420480132102966
INFO - Step 1102, rl-loss: 1.197153091430664
INFO - Step 1103, rl-loss: 0.9332671761512756
INFO - Step 1104, rl-loss: 0.7063884735107422
INFO - Step 1105, rl-loss: 0.716371476650238
INFO - Step 1106, rl-loss: 0.8989747166633606
INFO - Step 1107, rl-loss: 1.1006306409835815
INFO - Step 1108, rl-loss: 1.0336582660675049
INFO - Step 1109, rl-loss: 1.0591049194335938
INFO - Step 1110, rl-loss: 0.8970223665237427
INFO - Step 1111, rl-loss: 1.206392526626587
INFO - Step 1112, rl-loss: 0.6950920820236206
INFO - Step 1113, rl-loss: 0.8442948460578918
INFO - Step 1114, rl-loss: 0.6454229950904846
INFO - Step 1115, rl-loss: 1.2095074653625488
INFO - Step 1116, rl-loss: 1.0399525165557861
INFO - Step 1117, rl-loss: 1.377748727798462
INFO - Step 1118, rl-loss: 0.6953691244125366
INFO - Step 1119, rl-loss: 0.9656260013580322
INFO - Step 1120, rl-loss: 0.8392789959907532
INFO - Step 1121, rl-loss: 0.6176630854606628
INFO - Step 1122, rl-loss: 0.7800613045692444
INFO - Step 1123, rl-loss: 1.045442819595337
INFO - Step 1124, rl-loss: 1.0380500555038452
INFO - Step 1125, rl-loss: 0.9003995060920715
INFO - Step 1126, rl-loss: 0.7975207567214966
INFO - Step 1127, rl-loss: 0.6134986877441406
INFO - Step 1128, rl-loss: 0.786194920539856
INFO - Step 1129, rl-loss: 0.8318989872932434
INFO - Step 1130, rl-loss: 1.0109148025512695
INFO - Step 1131, rl-loss: 1.3038753271102905
INFO - Step 1132, rl-loss: 1.0224095582962036
INFO - Step 1133, rl-loss: 0.9016705751419067
INFO - Step 1134, rl-loss: 1.0298917293548584
INFO - Step 1135, rl-loss: 0.8195550441741943
INFO - Step 1136, rl-loss: 0.7464786171913147
INFO - Step 1137, rl-loss: 1.1786401271820068
INFO - Step 1138, rl-loss: 0.744163990020752
INFO - Step 1139, rl-loss: 0.7299799919128418
INFO - Step 1140, rl-loss: 0.8907451033592224
INFO - Step 1141, rl-loss: 1.140190601348877
INFO - Step 1142, rl-loss: 0.8296754956245422
INFO - Step 1143, rl-loss: 1.0336945056915283
INFO - Step 1144, rl-loss: 0.8979488611221313
INFO - Step 1145, rl-loss: 1.0006794929504395
INFO - Step 1146, rl-loss: 0.7406671643257141
INFO - Step 1147, rl-loss: 0.8952937722206116
INFO - Step 1148, rl-loss: 1.2095260620117188
INFO - Step 1149, rl-loss: 0.8894731402397156
INFO - Step 1150, rl-loss: 1.0679006576538086
INFO - Step 1151, rl-loss: 1.0769922733306885
INFO - Step 1152, rl-loss: 0.7121060490608215
INFO - Step 1153, rl-loss: 0.9770668745040894
INFO - Step 1154, rl-loss: 0.7570194005966187
INFO - Step 1155, rl-loss: 0.7062212228775024
INFO - Step 1156, rl-loss: 0.7351054549217224
INFO - Step 1157, rl-loss: 0.9243820905685425
INFO - Step 1158, rl-loss: 0.7222719788551331
INFO - Step 1159, rl-loss: 0.8469904661178589
INFO - Step 1160, rl-loss: 0.818120002746582
INFO - Step 1161, rl-loss: 0.892891526222229
INFO - Step 1162, rl-loss: 1.1393285989761353
INFO - Step 1163, rl-loss: 0.637983500957489
INFO - Step 1164, rl-loss: 0.8337109088897705
INFO - Step 1165, rl-loss: 0.9131144285202026
INFO - Step 1166, rl-loss: 0.564742386341095
INFO - Step 1167, rl-loss: 0.6367678642272949
INFO - Step 1168, rl-loss: 0.8496705293655396
INFO - Step 1169, rl-loss: 1.0252716541290283
INFO - Step 1170, rl-loss: 0.9877816438674927
INFO - Step 1171, rl-loss: 0.6493133902549744
INFO - Step 1172, rl-loss: 0.8828759789466858
INFO - Step 1173, rl-loss: 1.150700569152832
INFO - Step 1174, rl-loss: 0.6258894205093384
INFO - Step 1175, rl-loss: 0.7671535611152649
INFO - Step 1176, rl-loss: 0.7601780295372009
INFO - Step 1177, rl-loss: 0.767538845539093
INFO - Step 1178, rl-loss: 1.120524525642395
INFO - Step 1179, rl-loss: 0.6775842905044556
INFO - Step 1180, rl-loss: 0.6403204202651978
INFO - Step 1181, rl-loss: 0.9909981489181519
INFO - Step 1182, rl-loss: 0.6225584149360657
INFO - Step 1183, rl-loss: 0.6733182668685913
INFO - Step 1184, rl-loss: 0.7175344228744507
INFO - Step 1185, rl-loss: 1.023888349533081
INFO - Step 1186, rl-loss: 0.9658477306365967
INFO - Step 1187, rl-loss: 0.7465590834617615
INFO - Step 1188, rl-loss: 0.85443514585495
INFO - Step 1189, rl-loss: 1.1262211799621582
INFO - Step 1190, rl-loss: 0.8152630925178528
Episode 60/100 - Evaluating...

INFO - Step 1191, rl-loss: 0.7826501727104187
INFO - Step 1192, rl-loss: 0.7007387280464172
INFO - Step 1193, rl-loss: 0.5671172738075256
INFO - Step 1194, rl-loss: 0.9690593481063843
INFO - Step 1195, rl-loss: 0.9794312715530396
INFO - Step 1196, rl-loss: 0.7239245772361755
INFO - Step 1197, rl-loss: 0.8660289645195007
INFO - Step 1198, rl-loss: 0.9322910904884338
INFO - Step 1199, rl-loss: 0.6529833674430847
INFO - Step 1200, rl-loss: 0.7284707427024841
INFO - Step 1201, rl-loss: 0.9379417300224304
INFO - Step 1202, rl-loss: 0.5622614622116089
INFO - Step 1203, rl-loss: 0.8638941049575806
INFO - Step 1204, rl-loss: 0.5637319684028625
INFO - Step 1205, rl-loss: 0.545212984085083
INFO - Step 1206, rl-loss: 0.6442325115203857
INFO - Step 1207, rl-loss: 0.663184642791748
INFO - Step 1208, rl-loss: 0.9122148752212524
INFO - Step 1209, rl-loss: 0.9258865118026733
INFO - Step 1210, rl-loss: 0.8262283802032471
INFO - Step 1211, rl-loss: 1.06840181350708
INFO - Step 1212, rl-loss: 0.8880144357681274
INFO - Step 1213, rl-loss: 0.6662880778312683
INFO - Step 1214, rl-loss: 0.5920727252960205
INFO - Step 1215, rl-loss: 0.6580548286437988
INFO - Step 1216, rl-loss: 0.7233433127403259
INFO - Step 1217, rl-loss: 0.516318142414093
INFO - Step 1218, rl-loss: 0.5168133974075317
INFO - Step 1219, rl-loss: 0.6716532707214355
INFO - Step 1220, rl-loss: 0.5889277458190918
INFO - Step 1221, rl-loss: 0.8451462984085083
INFO - Step 1222, rl-loss: 0.9360215663909912
INFO - Step 1223, rl-loss: 0.8151589035987854
INFO - Step 1224, rl-loss: 0.8814821243286133
INFO - Step 1225, rl-loss: 0.76581871509552
INFO - Step 1226, rl-loss: 0.952438473701477
INFO - Step 1227, rl-loss: 1.1665914058685303
INFO - Step 1228, rl-loss: 0.8722209334373474
INFO - Step 1229, rl-loss: 0.656934916973114
INFO - Step 1230, rl-loss: 1.0595341920852661
INFO - Step 1231, rl-loss: 0.9448555707931519
INFO - Step 1232, rl-loss: 0.8344108462333679
INFO - Step 1233, rl-loss: 1.018511176109314
INFO - Step 1234, rl-loss: 0.8849599957466125
INFO - Step 1235, rl-loss: 0.7491993308067322
INFO - Step 1236, rl-loss: 0.59284907579422
INFO - Step 1237, rl-loss: 0.7644830942153931
INFO - Step 1238, rl-loss: 0.7586508989334106
INFO - Step 1239, rl-loss: 0.7839371562004089
INFO - Step 1240, rl-loss: 0.5095829367637634
INFO - Step 1241, rl-loss: 0.8111971020698547
INFO - Step 1242, rl-loss: 0.969423770904541
INFO - Step 1243, rl-loss: 0.964521050453186
INFO - Step 1244, rl-loss: 0.5976662635803223
INFO - Step 1245, rl-loss: 0.8713992238044739
INFO - Step 1246, rl-loss: 0.6775861978530884
INFO - Step 1247, rl-loss: 0.9809178709983826
INFO - Step 1248, rl-loss: 0.6541269421577454
INFO - Step 1249, rl-loss: 0.707100510597229
INFO - Step 1250, rl-loss: 0.843894362449646
INFO - Step 1251, rl-loss: 0.7434811592102051
INFO - Step 1252, rl-loss: 0.7550194263458252
INFO - Step 1253, rl-loss: 0.808546781539917
INFO - Step 1254, rl-loss: 0.847771406173706
INFO - Step 1255, rl-loss: 0.7909269332885742
INFO - Step 1256, rl-loss: 0.6690688133239746
INFO - Step 1257, rl-loss: 1.081749677658081
INFO - Step 1258, rl-loss: 0.7177521586418152
INFO - Step 1259, rl-loss: 0.7612491846084595
INFO - Step 1260, rl-loss: 0.7659581303596497
INFO - Step 1261, rl-loss: 0.6885215044021606
INFO - Step 1262, rl-loss: 0.795177161693573
INFO - Step 1263, rl-loss: 0.656863808631897
INFO - Step 1264, rl-loss: 0.6204948425292969
INFO - Step 1265, rl-loss: 0.7377325296401978
INFO - Step 1266, rl-loss: 0.6837041974067688
INFO - Step 1267, rl-loss: 0.6499332189559937
INFO - Step 1268, rl-loss: 0.4047717750072479
INFO - Step 1269, rl-loss: 0.782415509223938
INFO - Step 1270, rl-loss: 0.5082787275314331
INFO - Step 1271, rl-loss: 0.7196098566055298
INFO - Step 1272, rl-loss: 0.7482683658599854
INFO - Step 1273, rl-loss: 0.7481392025947571
INFO - Step 1274, rl-loss: 0.9029079675674438
INFO - Step 1275, rl-loss: 1.0083057880401611
INFO - Step 1276, rl-loss: 0.5636366605758667
INFO - Step 1277, rl-loss: 0.6994406580924988
INFO - Step 1278, rl-loss: 0.6827284693717957
INFO - Step 1279, rl-loss: 0.6584272384643555
INFO - Step 1280, rl-loss: 0.48244577646255493
INFO - Step 1281, rl-loss: 0.6299473643302917
INFO - Step 1282, rl-loss: 0.7106165885925293
INFO - Step 1283, rl-loss: 0.9129512310028076
INFO - Step 1284, rl-loss: 0.8455800414085388
INFO - Step 1285, rl-loss: 0.9752873182296753
INFO - Step 1286, rl-loss: 0.44628599286079407
INFO - Step 1287, rl-loss: 0.6715417504310608
INFO - Step 1288, rl-loss: 0.9515191316604614
INFO - Step 1289, rl-loss: 0.7211185693740845
INFO - Step 1290, rl-loss: 0.6341508626937866
INFO - Step 1291, rl-loss: 0.8771733641624451
INFO - Step 1292, rl-loss: 0.6212994456291199
INFO - Step 1293, rl-loss: 0.7363961935043335
INFO - Step 1294, rl-loss: 0.8233078718185425
INFO - Step 1295, rl-loss: 0.8680377006530762
INFO - Step 1296, rl-loss: 0.7524310350418091
INFO - Step 1297, rl-loss: 0.7097657918930054
INFO - Step 1298, rl-loss: 0.712826669216156
INFO - Step 1299, rl-loss: 0.7336998581886292
INFO - Step 1300, rl-loss: 1.0318447351455688
INFO - Step 1301, rl-loss: 0.7770276069641113
INFO - Step 1302, rl-loss: 0.7384833097457886
INFO - Step 1303, rl-loss: 1.046686053276062
INFO - Step 1304, rl-loss: 0.6902527809143066
INFO - Step 1305, rl-loss: 0.7908399701118469
INFO - Step 1306, rl-loss: 0.7007830739021301
INFO - Step 1307, rl-loss: 0.5045108795166016
INFO - Step 1308, rl-loss: 0.9217948913574219
INFO - Step 1309, rl-loss: 0.7801640033721924
INFO - Step 1310, rl-loss: 0.7940255403518677
INFO - Step 1311, rl-loss: 0.8418099284172058
INFO - Step 1312, rl-loss: 0.5330793857574463
INFO - Step 1313, rl-loss: 0.6365127563476562
INFO - Step 1314, rl-loss: 0.6464406251907349
INFO - Step 1315, rl-loss: 0.8678239583969116
INFO - Step 1316, rl-loss: 0.5300759673118591
INFO - Step 1317, rl-loss: 0.7888891696929932
INFO - Step 1318, rl-loss: 0.8230049014091492
INFO - Step 1319, rl-loss: 1.1615666151046753
INFO - Step 1320, rl-loss: 0.5834535360336304
INFO - Step 1321, rl-loss: 0.5752794146537781
INFO - Step 1322, rl-loss: 0.4996979832649231
INFO - Step 1323, rl-loss: 0.7404085993766785
INFO - Step 1324, rl-loss: 0.7195580005645752
INFO - Step 1325, rl-loss: 0.9377872943878174
INFO - Step 1326, rl-loss: 0.6829915642738342
INFO - Step 1327, rl-loss: 0.88001948595047
INFO - Step 1328, rl-loss: 0.8731180429458618
INFO - Step 1329, rl-loss: 0.48397406935691833
INFO - Step 1330, rl-loss: 0.6931850910186768
INFO - Step 1331, rl-loss: 0.7308276891708374
INFO - Step 1332, rl-loss: 0.7952720522880554
INFO - Step 1333, rl-loss: 0.5691843032836914
INFO - Step 1334, rl-loss: 0.7121666073799133
INFO - Step 1335, rl-loss: 0.544417142868042
INFO - Step 1336, rl-loss: 0.6291183233261108
INFO - Step 1337, rl-loss: 0.754866898059845
INFO - Step 1338, rl-loss: 0.5966618061065674
INFO - Step 1339, rl-loss: 0.6510213017463684
INFO - Step 1340, rl-loss: 0.9117953181266785
INFO - Step 1341, rl-loss: 1.0583802461624146
INFO - Step 1342, rl-loss: 0.6187098026275635
INFO - Step 1343, rl-loss: 0.9259033799171448
INFO - Step 1344, rl-loss: 0.7067399024963379
INFO - Step 1345, rl-loss: 0.9146814346313477
INFO - Step 1346, rl-loss: 0.8180322647094727
INFO - Step 1347, rl-loss: 0.8609015941619873
INFO - Step 1348, rl-loss: 0.910747766494751
INFO - Step 1349, rl-loss: 0.33836251497268677
INFO - Step 1350, rl-loss: 0.5512101650238037
INFO - Step 1351, rl-loss: 0.5961157083511353
INFO - Step 1352, rl-loss: 0.7631037831306458
INFO - Step 1353, rl-loss: 0.7344053983688354
INFO - Step 1354, rl-loss: 0.8487327098846436
INFO - Step 1355, rl-loss: 0.6234153509140015
INFO - Step 1356, rl-loss: 0.8974431753158569
INFO - Step 1357, rl-loss: 0.7382774949073792
INFO - Step 1358, rl-loss: 0.8868603110313416
INFO - Step 1359, rl-loss: 0.7252254486083984
INFO - Step 1360, rl-loss: 0.682564914226532
INFO - Step 1361, rl-loss: 0.5266329646110535
INFO - Step 1362, rl-loss: 0.9528219103813171
INFO - Step 1363, rl-loss: 0.757067084312439
INFO - Step 1364, rl-loss: 0.6315777897834778
INFO - Step 1365, rl-loss: 0.7869592308998108
INFO - Step 1366, rl-loss: 0.7776308059692383
INFO - Step 1367, rl-loss: 0.7486227750778198
INFO - Step 1368, rl-loss: 0.7000061869621277
INFO - Step 1369, rl-loss: 0.8885147571563721
INFO - Step 1370, rl-loss: 0.5151333212852478
INFO - Step 1371, rl-loss: 0.4532585144042969
INFO - Step 1372, rl-loss: 0.7540922164916992
INFO - Step 1373, rl-loss: 0.6561009883880615
INFO - Step 1374, rl-loss: 0.8431129455566406
INFO - Step 1375, rl-loss: 0.8051968216896057
INFO - Step 1376, rl-loss: 0.6019073128700256
INFO - Step 1377, rl-loss: 0.6057029962539673
INFO - Step 1378, rl-loss: 0.6694465279579163
INFO - Step 1379, rl-loss: 0.4400155246257782
INFO - Step 1380, rl-loss: 0.9735117554664612
INFO - Step 1381, rl-loss: 0.8229321837425232
INFO - Step 1382, rl-loss: 0.6717990040779114
INFO - Step 1383, rl-loss: 0.8935191035270691
INFO - Step 1384, rl-loss: 0.8573588728904724
INFO - Step 1385, rl-loss: 0.6657013893127441
INFO - Step 1386, rl-loss: 0.7910159230232239
INFO - Step 1387, rl-loss: 0.47985216975212097
INFO - Step 1388, rl-loss: 0.8715454936027527
INFO - Step 1389, rl-loss: 0.578802764415741
INFO - Step 1390, rl-loss: 0.5862414240837097
INFO - Step 1391, rl-loss: 0.9843500852584839
INFO - Step 1392, rl-loss: 0.5425776839256287
INFO - Step 1393, rl-loss: 0.6349276304244995
INFO - Step 1394, rl-loss: 0.557356059551239
INFO - Step 1395, rl-loss: 0.6592778563499451
INFO - Step 1396, rl-loss: 0.5827272534370422
INFO - Step 1397, rl-loss: 0.7272742986679077
INFO - Step 1398, rl-loss: 0.5012659430503845
INFO - Step 1399, rl-loss: 0.6242737770080566
INFO - Step 1400, rl-loss: 0.7070266008377075
INFO - Step 1401, rl-loss: 0.7176647186279297
INFO - Step 1402, rl-loss: 0.6269577741622925
INFO - Step 1403, rl-loss: 0.5377638936042786
INFO - Step 1404, rl-loss: 0.8162753582000732
INFO - Step 1405, rl-loss: 0.872327446937561
INFO - Step 1406, rl-loss: 0.8680508136749268
INFO - Step 1407, rl-loss: 0.7340505719184875
INFO - Step 1408, rl-loss: 0.7167918682098389
INFO - Step 1409, rl-loss: 0.5696055889129639
INFO - Step 1410, rl-loss: 0.6936955451965332
INFO - Step 1411, rl-loss: 0.8493252396583557
INFO - Step 1412, rl-loss: 0.5679471492767334
INFO - Step 1413, rl-loss: 0.6727901101112366
INFO - Step 1414, rl-loss: 0.7913930416107178
INFO - Step 1415, rl-loss: 0.9097423553466797
INFO - Step 1416, rl-loss: 0.8770714998245239
INFO - Step 1417, rl-loss: 0.7083649635314941
INFO - Step 1418, rl-loss: 1.0274752378463745
INFO - Step 1419, rl-loss: 1.2362518310546875
INFO - Step 1420, rl-loss: 0.6952298283576965
INFO - Step 1421, rl-loss: 0.8773695826530457
INFO - Step 1422, rl-loss: 0.7218446731567383
INFO - Step 1423, rl-loss: 0.5934004187583923
INFO - Step 1424, rl-loss: 0.7405641078948975
INFO - Step 1425, rl-loss: 0.627898633480072
INFO - Step 1426, rl-loss: 0.5519459843635559
INFO - Step 1427, rl-loss: 0.6666576266288757
INFO - Step 1428, rl-loss: 0.8684495091438293
INFO - Step 1429, rl-loss: 0.7540870904922485
INFO - Step 1430, rl-loss: 0.6511510610580444
INFO - Step 1431, rl-loss: 0.5166066288948059
INFO - Step 1432, rl-loss: 0.7726549506187439
INFO - Step 1433, rl-loss: 0.8370544910430908
INFO - Step 1434, rl-loss: 0.7821993231773376
INFO - Step 1435, rl-loss: 0.7493226528167725
INFO - Step 1436, rl-loss: 1.073201060295105
INFO - Step 1437, rl-loss: 0.7904546856880188
INFO - Step 1438, rl-loss: 0.41630035638809204
INFO - Step 1439, rl-loss: 0.5691746473312378
INFO - Step 1440, rl-loss: 0.6541837453842163
INFO - Step 1441, rl-loss: 1.0060113668441772
INFO - Step 1442, rl-loss: 0.9262585043907166
INFO - Step 1443, rl-loss: 0.6126064658164978
INFO - Step 1444, rl-loss: 0.517672598361969
INFO - Step 1445, rl-loss: 0.49756765365600586
INFO - Step 1446, rl-loss: 0.49346664547920227
INFO - Step 1447, rl-loss: 0.4650910198688507
INFO - Step 1448, rl-loss: 0.899293065071106
INFO - Step 1449, rl-loss: 0.8506141304969788
INFO - Step 1450, rl-loss: 0.5864671468734741
INFO - Step 1451, rl-loss: 0.7525723576545715
INFO - Step 1452, rl-loss: 0.4686442017555237
INFO - Step 1453, rl-loss: 0.7228291630744934
INFO - Step 1454, rl-loss: 0.5378187894821167
INFO - Step 1455, rl-loss: 0.8866884708404541
INFO - Step 1456, rl-loss: 0.929865300655365
INFO - Step 1457, rl-loss: 0.672042727470398
INFO - Step 1458, rl-loss: 0.7174310088157654
INFO - Step 1459, rl-loss: 0.8873177170753479
INFO - Step 1460, rl-loss: 1.0396409034729004
INFO - Step 1461, rl-loss: 0.8599430918693542
INFO - Step 1462, rl-loss: 0.4419035315513611
INFO - Step 1463, rl-loss: 0.4842592477798462
INFO - Step 1464, rl-loss: 0.7061946392059326
INFO - Step 1465, rl-loss: 1.0106717348098755
INFO - Step 1466, rl-loss: 0.7689584493637085
INFO - Step 1467, rl-loss: 0.6779393553733826
INFO - Step 1468, rl-loss: 0.6227521300315857
INFO - Step 1469, rl-loss: 0.5073420405387878
INFO - Step 1470, rl-loss: 0.5780389308929443
INFO - Step 1471, rl-loss: 0.6298339366912842
INFO - Step 1472, rl-loss: 0.6645762920379639
INFO - Step 1473, rl-loss: 0.7560684084892273
INFO - Step 1474, rl-loss: 0.7060818076133728
INFO - Step 1475, rl-loss: 0.5977933406829834
INFO - Step 1476, rl-loss: 0.42406243085861206
INFO - Step 1477, rl-loss: 0.7495027780532837
INFO - Step 1478, rl-loss: 0.7411158084869385
INFO - Step 1479, rl-loss: 0.6504149436950684
INFO - Step 1480, rl-loss: 1.2365868091583252
INFO - Step 1481, rl-loss: 0.9542534351348877
INFO - Step 1482, rl-loss: 0.8520440459251404
INFO - Step 1483, rl-loss: 0.6537100076675415
INFO - Step 1484, rl-loss: 0.8634886741638184
INFO - Step 1485, rl-loss: 0.8025530576705933
INFO - Step 1486, rl-loss: 0.49219125509262085
INFO - Step 1487, rl-loss: 0.5228692293167114
INFO - Step 1488, rl-loss: 1.30894136428833
INFO - Step 1489, rl-loss: 0.6256665587425232
INFO - Step 1490, rl-loss: 0.5513291954994202
INFO - Step 1491, rl-loss: 0.6475926637649536
INFO - Step 1492, rl-loss: 0.7449487447738647
INFO - Step 1493, rl-loss: 0.5858463644981384
INFO - Step 1494, rl-loss: 0.756135880947113
INFO - Step 1495, rl-loss: 0.7815808057785034
INFO - Step 1496, rl-loss: 1.0375834703445435
INFO - Step 1497, rl-loss: 0.8764103651046753
INFO - Step 1498, rl-loss: 0.6028464436531067
INFO - Step 1499, rl-loss: 0.7444193959236145
INFO - Step 1500, rl-loss: 0.7891376614570618
INFO - Step 1501, rl-loss: 0.5787184238433838
INFO - Step 1502, rl-loss: 0.6814268231391907
INFO - Step 1503, rl-loss: 0.6381241083145142
INFO - Step 1504, rl-loss: 0.873193621635437
INFO - Step 1505, rl-loss: 1.0059702396392822
INFO - Step 1506, rl-loss: 1.0270253419876099
INFO - Step 1507, rl-loss: 0.7017119526863098
INFO - Step 1508, rl-loss: 0.8460967540740967
INFO - Step 1509, rl-loss: 0.5907895565032959
INFO - Step 1510, rl-loss: 0.7186662554740906
INFO - Step 1511, rl-loss: 0.6195918321609497
INFO - Step 1512, rl-loss: 0.6312245726585388
INFO - Step 1513, rl-loss: 0.8418705463409424
INFO - Step 1514, rl-loss: 0.5708960890769958
INFO - Step 1515, rl-loss: 1.0520130395889282
INFO - Step 1516, rl-loss: 0.4162745773792267
INFO - Step 1517, rl-loss: 0.7410330772399902
INFO - Step 1518, rl-loss: 0.5489810109138489
INFO - Step 1519, rl-loss: 0.9293005466461182
INFO - Step 1520, rl-loss: 0.3370909094810486
INFO - Step 1521, rl-loss: 0.8532243967056274
INFO - Step 1522, rl-loss: 0.5383937358856201
INFO - Step 1523, rl-loss: 0.7854757905006409
INFO - Step 1524, rl-loss: 0.796412467956543
INFO - Step 1525, rl-loss: 0.728533148765564
INFO - Step 1526, rl-loss: 0.6127339005470276
INFO - Step 1527, rl-loss: 0.8202897906303406
INFO - Step 1528, rl-loss: 0.6458442211151123
INFO - Step 1529, rl-loss: 0.7803218960762024
INFO - Step 1530, rl-loss: 0.7970253825187683
INFO - Step 1531, rl-loss: 1.0718662738800049
INFO - Step 1532, rl-loss: 1.1017860174179077
INFO - Step 1533, rl-loss: 0.7465792894363403
INFO - Step 1534, rl-loss: 0.627759575843811
INFO - Step 1535, rl-loss: 0.8548738956451416
INFO - Step 1536, rl-loss: 0.5390737056732178
INFO - Step 1537, rl-loss: 0.7159977555274963
INFO - Step 1538, rl-loss: 0.6961487531661987
INFO - Step 1539, rl-loss: 0.8639109134674072
INFO - Step 1540, rl-loss: 0.49806973338127136
INFO - Step 1541, rl-loss: 0.8340188264846802
INFO - Step 1542, rl-loss: 0.7230082154273987
INFO - Step 1543, rl-loss: 0.6152426600456238
INFO - Step 1544, rl-loss: 0.8199307322502136
INFO - Step 1545, rl-loss: 1.1462000608444214
INFO - Step 1546, rl-loss: 0.7963403463363647
INFO - Step 1547, rl-loss: 0.7369101643562317
INFO - Step 1548, rl-loss: 0.6372997760772705
INFO - Step 1549, rl-loss: 0.8271071910858154
INFO - Step 1550, rl-loss: 0.9927120804786682
INFO - Step 1551, rl-loss: 0.603724479675293
INFO - Step 1552, rl-loss: 0.684911847114563
INFO - Step 1553, rl-loss: 0.9940917491912842
INFO - Step 1554, rl-loss: 0.7548096776008606
INFO - Step 1555, rl-loss: 0.6740322709083557
INFO - Step 1556, rl-loss: 0.8936894536018372
INFO - Step 1557, rl-loss: 0.612523078918457
INFO - Step 1558, rl-loss: 0.7736873626708984
INFO - Step 1559, rl-loss: 0.8428130745887756
INFO - Step 1560, rl-loss: 0.5390082597732544
INFO - Step 1561, rl-loss: 0.6212403178215027
INFO - Step 1562, rl-loss: 1.0377638339996338
INFO - Step 1563, rl-loss: 0.892593502998352
INFO - Step 1564, rl-loss: 0.650864839553833
INFO - Step 1565, rl-loss: 0.9058638215065002
INFO - Step 1566, rl-loss: 0.7016534209251404
INFO - Step 1567, rl-loss: 0.5835182070732117
INFO - Step 1568, rl-loss: 0.6496963500976562
INFO - Step 1569, rl-loss: 0.824597179889679
INFO - Step 1570, rl-loss: 0.7555215954780579
INFO - Step 1571, rl-loss: 0.8001935482025146
INFO - Step 1572, rl-loss: 1.05693519115448
INFO - Step 1573, rl-loss: 0.6842266917228699
INFO - Step 1574, rl-loss: 0.7137529850006104
INFO - Step 1575, rl-loss: 1.0731676816940308
INFO - Step 1576, rl-loss: 0.657671332359314
INFO - Step 1577, rl-loss: 0.6919258236885071
INFO - Step 1578, rl-loss: 0.6763465404510498
INFO - Step 1579, rl-loss: 0.7165831327438354
INFO - Step 1580, rl-loss: 0.6959551572799683
INFO - Step 1581, rl-loss: 0.6970876455307007
INFO - Step 1582, rl-loss: 0.6255338191986084
INFO - Step 1583, rl-loss: 0.6102182865142822
INFO - Step 1584, rl-loss: 0.7699739336967468
INFO - Step 1585, rl-loss: 0.705277681350708
INFO - Step 1586, rl-loss: 0.6649097800254822
INFO - Step 1587, rl-loss: 0.7890851497650146
INFO - Step 1588, rl-loss: 0.6013989448547363
INFO - Step 1589, rl-loss: 0.6234591603279114
INFO - Step 1590, rl-loss: 0.6084338426589966
INFO - Step 1591, rl-loss: 0.6754900813102722
INFO - Step 1592, rl-loss: 0.7325599789619446
INFO - Step 1593, rl-loss: 0.4950239360332489
INFO - Step 1594, rl-loss: 0.919972836971283
INFO - Step 1595, rl-loss: 0.6286270618438721
Episode 80/100 - Evaluating...

INFO - Step 1596, rl-loss: 0.767886221408844
INFO - Step 1597, rl-loss: 0.940418004989624
INFO - Step 1598, rl-loss: 0.418892502784729
INFO - Step 1599, rl-loss: 0.4471592903137207
INFO - Step 1600, rl-loss: 0.5933878421783447
INFO - Step 1601, rl-loss: 0.5596590042114258
INFO - Step 1602, rl-loss: 0.6762199997901917
INFO - Step 1603, rl-loss: 0.8074461817741394
INFO - Step 1604, rl-loss: 0.7574743628501892
INFO - Step 1605, rl-loss: 1.068448781967163
INFO - Step 1606, rl-loss: 0.7002058625221252
INFO - Step 1607, rl-loss: 0.8525674343109131
INFO - Step 1608, rl-loss: 0.6679054498672485
INFO - Step 1609, rl-loss: 0.6322877407073975
INFO - Step 1610, rl-loss: 0.7400385141372681
INFO - Step 1611, rl-loss: 0.9281413555145264
INFO - Step 1612, rl-loss: 0.46883535385131836
INFO - Step 1613, rl-loss: 0.7235966324806213
INFO - Step 1614, rl-loss: 0.7225568294525146
INFO - Step 1615, rl-loss: 0.4011300802230835
INFO - Step 1616, rl-loss: 1.169083595275879
INFO - Step 1617, rl-loss: 0.9357454776763916
INFO - Step 1618, rl-loss: 0.5987259149551392
INFO - Step 1619, rl-loss: 0.9669704437255859
INFO - Step 1620, rl-loss: 0.681098222732544
INFO - Step 1621, rl-loss: 0.7573239207267761
INFO - Step 1622, rl-loss: 1.0379853248596191
INFO - Step 1623, rl-loss: 0.8768355846405029
INFO - Step 1624, rl-loss: 0.8848838806152344
INFO - Step 1625, rl-loss: 0.9805934429168701
INFO - Step 1626, rl-loss: 1.0723854303359985
INFO - Step 1627, rl-loss: 0.9729201793670654
INFO - Step 1628, rl-loss: 0.450746089220047
INFO - Step 1629, rl-loss: 0.8512570858001709
INFO - Step 1630, rl-loss: 0.8010649085044861
INFO - Step 1631, rl-loss: 0.7478944659233093
INFO - Step 1632, rl-loss: 0.5693724751472473
INFO - Step 1633, rl-loss: 0.8792267441749573
INFO - Step 1634, rl-loss: 0.6328890323638916
INFO - Step 1635, rl-loss: 0.6416572332382202
INFO - Step 1636, rl-loss: 0.6440626978874207
INFO - Step 1637, rl-loss: 0.9371176958084106
INFO - Step 1638, rl-loss: 0.900944173336029
INFO - Step 1639, rl-loss: 0.6521099805831909
INFO - Step 1640, rl-loss: 0.7521085143089294
INFO - Step 1641, rl-loss: 0.8563849329948425
INFO - Step 1642, rl-loss: 0.7421248555183411
INFO - Step 1643, rl-loss: 0.7641429901123047
INFO - Step 1644, rl-loss: 0.8155577182769775
INFO - Step 1645, rl-loss: 0.8282149434089661
INFO - Step 1646, rl-loss: 0.5256880521774292
INFO - Step 1647, rl-loss: 0.6534716486930847
INFO - Step 1648, rl-loss: 0.5936981439590454
INFO - Step 1649, rl-loss: 0.854166567325592
INFO - Step 1650, rl-loss: 0.8261467218399048
INFO - Step 1651, rl-loss: 0.7949336171150208
INFO - Step 1652, rl-loss: 0.6527194380760193
INFO - Step 1653, rl-loss: 0.603469729423523
INFO - Step 1654, rl-loss: 0.76944500207901
INFO - Step 1655, rl-loss: 0.8042293787002563
INFO - Step 1656, rl-loss: 0.5076335668563843
INFO - Step 1657, rl-loss: 0.8722214698791504
INFO - Step 1658, rl-loss: 0.7072904109954834
INFO - Step 1659, rl-loss: 0.6594479084014893
INFO - Step 1660, rl-loss: 0.7957097887992859
INFO - Step 1661, rl-loss: 0.5795711874961853
INFO - Step 1662, rl-loss: 0.7602126002311707
INFO - Step 1663, rl-loss: 0.7069321870803833
INFO - Step 1664, rl-loss: 0.843601405620575
INFO - Step 1665, rl-loss: 0.5361412763595581
INFO - Step 1666, rl-loss: 0.7493447661399841
INFO - Step 1667, rl-loss: 0.8405096530914307
INFO - Step 1668, rl-loss: 0.8045530319213867
INFO - Step 1669, rl-loss: 0.9223561882972717
INFO - Step 1670, rl-loss: 0.6344676613807678
INFO - Step 1671, rl-loss: 0.5730953216552734
INFO - Step 1672, rl-loss: 0.8866888284683228
INFO - Step 1673, rl-loss: 0.8731633424758911
INFO - Step 1674, rl-loss: 0.6751689314842224
INFO - Step 1675, rl-loss: 0.6743985414505005
INFO - Step 1676, rl-loss: 0.8056948184967041
INFO - Step 1677, rl-loss: 0.788561999797821
INFO - Step 1678, rl-loss: 0.8759766817092896
INFO - Step 1679, rl-loss: 0.537023663520813
INFO - Step 1680, rl-loss: 0.595310389995575
INFO - Step 1681, rl-loss: 0.6618173122406006
INFO - Step 1682, rl-loss: 0.9213768243789673
INFO - Step 1683, rl-loss: 0.6816296577453613
INFO - Step 1684, rl-loss: 0.5740962624549866
INFO - Step 1685, rl-loss: 0.6234466433525085
INFO - Step 1686, rl-loss: 0.7335480451583862
INFO - Step 1687, rl-loss: 0.7618666291236877
INFO - Step 1688, rl-loss: 0.5545639395713806
INFO - Step 1689, rl-loss: 0.7687892317771912
INFO - Step 1690, rl-loss: 0.5560269355773926
INFO - Step 1691, rl-loss: 0.791579008102417
INFO - Step 1692, rl-loss: 0.7545826435089111
INFO - Step 1693, rl-loss: 0.9256954789161682
INFO - Step 1694, rl-loss: 0.6685207486152649
INFO - Step 1695, rl-loss: 0.7727541923522949
INFO - Step 1696, rl-loss: 0.5815235376358032
INFO - Step 1697, rl-loss: 0.6647413372993469
INFO - Step 1698, rl-loss: 0.7670144438743591
INFO - Step 1699, rl-loss: 0.5098204612731934
INFO - Step 1700, rl-loss: 0.6442903876304626
INFO - Step 1701, rl-loss: 0.5628659129142761
INFO - Step 1702, rl-loss: 0.8147915601730347
INFO - Step 1703, rl-loss: 0.7615846395492554
INFO - Step 1704, rl-loss: 0.4275982677936554
INFO - Step 1705, rl-loss: 0.7833018898963928
INFO - Step 1706, rl-loss: 0.9160979390144348
INFO - Step 1707, rl-loss: 0.7034153938293457
INFO - Step 1708, rl-loss: 0.7860096096992493
INFO - Step 1709, rl-loss: 0.6814525127410889
INFO - Step 1710, rl-loss: 0.6489753127098083
INFO - Step 1711, rl-loss: 0.8714666962623596
INFO - Step 1712, rl-loss: 0.6579447984695435
INFO - Step 1713, rl-loss: 0.8026124238967896
INFO - Step 1714, rl-loss: 0.9697967171669006
INFO - Step 1715, rl-loss: 0.5954610705375671
INFO - Step 1716, rl-loss: 0.8037520051002502
INFO - Step 1717, rl-loss: 0.48824167251586914
INFO - Step 1718, rl-loss: 0.7510239481925964
INFO - Step 1719, rl-loss: 0.5626810789108276
INFO - Step 1720, rl-loss: 0.8220195770263672
INFO - Step 1721, rl-loss: 0.6717396974563599
INFO - Step 1722, rl-loss: 0.7314803600311279
INFO - Step 1723, rl-loss: 0.8494406342506409
INFO - Step 1724, rl-loss: 0.5138702392578125
INFO - Step 1725, rl-loss: 0.44011425971984863
INFO - Step 1726, rl-loss: 0.6745756268501282
INFO - Step 1727, rl-loss: 0.7444411516189575
INFO - Step 1728, rl-loss: 0.8059409856796265
INFO - Step 1729, rl-loss: 0.7427873611450195
INFO - Step 1730, rl-loss: 0.6223098635673523
INFO - Step 1731, rl-loss: 0.5742738842964172
INFO - Step 1732, rl-loss: 0.7533827424049377
INFO - Step 1733, rl-loss: 0.9729377031326294
INFO - Step 1734, rl-loss: 0.8076988458633423
INFO - Step 1735, rl-loss: 0.7056896686553955
INFO - Step 1736, rl-loss: 0.6542984843254089
INFO - Step 1737, rl-loss: 0.747199296951294
INFO - Step 1738, rl-loss: 0.7053917050361633
INFO - Step 1739, rl-loss: 0.7581683397293091
INFO - Step 1740, rl-loss: 0.9276652336120605
INFO - Step 1741, rl-loss: 0.6962743401527405
INFO - Step 1742, rl-loss: 0.723086416721344
INFO - Step 1743, rl-loss: 0.8356152176856995
INFO - Step 1744, rl-loss: 0.7076752185821533
INFO - Step 1745, rl-loss: 0.624571681022644
INFO - Step 1746, rl-loss: 0.7665901184082031
INFO - Step 1747, rl-loss: 0.6079976558685303
INFO - Step 1748, rl-loss: 0.8151230812072754
INFO - Step 1749, rl-loss: 0.8885817527770996
INFO - Step 1750, rl-loss: 0.8151228427886963
INFO - Step 1751, rl-loss: 0.6105863451957703
INFO - Step 1752, rl-loss: 0.531412661075592
INFO - Step 1753, rl-loss: 0.684024453163147
INFO - Step 1754, rl-loss: 0.6271809339523315
INFO - Step 1755, rl-loss: 0.7725753784179688
INFO - Step 1756, rl-loss: 0.6240807771682739
INFO - Step 1757, rl-loss: 0.8317169547080994
INFO - Step 1758, rl-loss: 0.5894044041633606
INFO - Step 1759, rl-loss: 0.7091109752655029
INFO - Step 1760, rl-loss: 0.736564040184021
INFO - Step 1761, rl-loss: 0.533170223236084
INFO - Step 1762, rl-loss: 0.6819831132888794
INFO - Step 1763, rl-loss: 0.6442703604698181
INFO - Step 1764, rl-loss: 0.9321329593658447
INFO - Step 1765, rl-loss: 0.7966234683990479
INFO - Step 1766, rl-loss: 0.7401044964790344
INFO - Step 1767, rl-loss: 0.8195908069610596
INFO - Step 1768, rl-loss: 0.49553579092025757
INFO - Step 1769, rl-loss: 0.6653913259506226
INFO - Step 1770, rl-loss: 0.4791773855686188
INFO - Step 1771, rl-loss: 0.4688379764556885
INFO - Step 1772, rl-loss: 0.7784995436668396
INFO - Step 1773, rl-loss: 0.7677322030067444
INFO - Step 1774, rl-loss: 0.6256378889083862
INFO - Step 1775, rl-loss: 0.7917320728302002
INFO - Step 1776, rl-loss: 1.0255852937698364
INFO - Step 1777, rl-loss: 0.6074156761169434
INFO - Step 1778, rl-loss: 0.5926247835159302
INFO - Step 1779, rl-loss: 0.657945990562439
INFO - Step 1780, rl-loss: 0.8937404155731201
INFO - Step 1781, rl-loss: 0.8873416185379028
INFO - Step 1782, rl-loss: 0.4419325292110443
INFO - Step 1783, rl-loss: 0.6701496839523315
INFO - Step 1784, rl-loss: 0.5791158080101013
INFO - Step 1785, rl-loss: 0.5701572299003601
INFO - Step 1786, rl-loss: 0.7847929000854492
INFO - Step 1787, rl-loss: 1.0235612392425537
INFO - Step 1788, rl-loss: 0.7653552293777466
INFO - Step 1789, rl-loss: 0.5653570890426636
INFO - Step 1790, rl-loss: 0.6815637946128845
INFO - Step 1791, rl-loss: 0.491627037525177
INFO - Step 1792, rl-loss: 0.6285664439201355
INFO - Step 1793, rl-loss: 0.48226413130760193
INFO - Step 1794, rl-loss: 0.9768911004066467
INFO - Step 1795, rl-loss: 0.593626081943512
INFO - Step 1796, rl-loss: 0.8197857141494751
INFO - Step 1797, rl-loss: 0.6447906494140625
INFO - Step 1798, rl-loss: 0.7136273384094238
INFO - Step 1799, rl-loss: 0.8837831020355225
INFO - Step 1800, rl-loss: 0.7617605328559875
INFO - Step 1801, rl-loss: 0.49299848079681396
INFO - Step 1802, rl-loss: 0.5598101615905762
INFO - Step 1803, rl-loss: 0.733312726020813
INFO - Step 1804, rl-loss: 0.8985001444816589
INFO - Step 1805, rl-loss: 0.6990516781806946
INFO - Step 1806, rl-loss: 0.8615528345108032
INFO - Step 1807, rl-loss: 0.6067726016044617
INFO - Step 1808, rl-loss: 0.6896204948425293
INFO - Step 1809, rl-loss: 0.6542119979858398
INFO - Step 1810, rl-loss: 0.5849663019180298
INFO - Step 1811, rl-loss: 0.6814624071121216
INFO - Step 1812, rl-loss: 0.678214430809021
INFO - Step 1813, rl-loss: 0.5956099033355713
INFO - Step 1814, rl-loss: 0.9752156734466553
INFO - Step 1815, rl-loss: 0.8042175769805908
INFO - Step 1816, rl-loss: 0.7998534440994263
INFO - Step 1817, rl-loss: 0.934457540512085
INFO - Step 1818, rl-loss: 0.8434885144233704
INFO - Step 1819, rl-loss: 0.9216442108154297
INFO - Step 1820, rl-loss: 0.9394575953483582
INFO - Step 1821, rl-loss: 0.7286257743835449
INFO - Step 1822, rl-loss: 0.5539354681968689
INFO - Step 1823, rl-loss: 0.8748635649681091
INFO - Step 1824, rl-loss: 0.5934208631515503
INFO - Step 1825, rl-loss: 0.7537674307823181
INFO - Step 1826, rl-loss: 0.5819334983825684
INFO - Step 1827, rl-loss: 0.5497226715087891
INFO - Step 1828, rl-loss: 1.1470518112182617
INFO - Step 1829, rl-loss: 0.6984446048736572
INFO - Step 1830, rl-loss: 0.8875268697738647
INFO - Step 1831, rl-loss: 0.7165185213088989
INFO - Step 1832, rl-loss: 0.7248891592025757
INFO - Step 1833, rl-loss: 0.785667359828949
INFO - Step 1834, rl-loss: 0.976669192314148
INFO - Step 1835, rl-loss: 0.6692765951156616
INFO - Step 1836, rl-loss: 0.6528178453445435
INFO - Step 1837, rl-loss: 0.7580075263977051
INFO - Step 1838, rl-loss: 0.6931524276733398
INFO - Step 1839, rl-loss: 0.43749868869781494
INFO - Step 1840, rl-loss: 0.6326806545257568
INFO - Step 1841, rl-loss: 0.8805860877037048
INFO - Step 1842, rl-loss: 0.8316867351531982
INFO - Step 1843, rl-loss: 0.6880353689193726
INFO - Step 1844, rl-loss: 0.7711169719696045
INFO - Step 1845, rl-loss: 0.8069378733634949
INFO - Step 1846, rl-loss: 0.6544269323348999
INFO - Step 1847, rl-loss: 0.6897099018096924
INFO - Step 1848, rl-loss: 0.9838675260543823
INFO - Step 1849, rl-loss: 0.9868756532669067
INFO - Step 1850, rl-loss: 0.5254382491111755
INFO - Step 1851, rl-loss: 0.45594626665115356
INFO - Step 1852, rl-loss: 0.9617580771446228
INFO - Step 1853, rl-loss: 0.5198888182640076
INFO - Step 1854, rl-loss: 0.6139604449272156
INFO - Step 1855, rl-loss: 0.9844325184822083
INFO - Step 1856, rl-loss: 0.6963045001029968
INFO - Step 1857, rl-loss: 0.6497843265533447
INFO - Step 1858, rl-loss: 0.8145314455032349
INFO - Step 1859, rl-loss: 0.6690769791603088
INFO - Step 1860, rl-loss: 0.7569464445114136
INFO - Step 1861, rl-loss: 1.0466561317443848
INFO - Step 1862, rl-loss: 0.8892009258270264
INFO - Step 1863, rl-loss: 0.43359702825546265
INFO - Step 1864, rl-loss: 0.6155740022659302
INFO - Step 1865, rl-loss: 0.5371910333633423
INFO - Step 1866, rl-loss: 0.9334345459938049
INFO - Step 1867, rl-loss: 0.8981772661209106
INFO - Step 1868, rl-loss: 0.7186486124992371
INFO - Step 1869, rl-loss: 0.6294913291931152
INFO - Step 1870, rl-loss: 0.6354967355728149
INFO - Step 1871, rl-loss: 0.5441182255744934
INFO - Step 1872, rl-loss: 0.6880240440368652
INFO - Step 1873, rl-loss: 0.8058725595474243
INFO - Step 1874, rl-loss: 0.6826871037483215
INFO - Step 1875, rl-loss: 0.7639966607093811
INFO - Step 1876, rl-loss: 0.6257873177528381
INFO - Step 1877, rl-loss: 0.8882732391357422
INFO - Step 1878, rl-loss: 0.5454931855201721
INFO - Step 1879, rl-loss: 0.5554370880126953
INFO - Step 1880, rl-loss: 0.7453725934028625
INFO - Step 1881, rl-loss: 0.6576282978057861
INFO - Step 1882, rl-loss: 0.6173846125602722
INFO - Step 1883, rl-loss: 0.8691589832305908
INFO - Step 1884, rl-loss: 1.1510400772094727
INFO - Step 1885, rl-loss: 1.0813214778900146
INFO - Step 1886, rl-loss: 0.5893496870994568
INFO - Step 1887, rl-loss: 0.6237496137619019
INFO - Step 1888, rl-loss: 0.7303622961044312
INFO - Step 1889, rl-loss: 0.6634962558746338
INFO - Step 1890, rl-loss: 1.0869556665420532
INFO - Step 1891, rl-loss: 1.0621397495269775
INFO - Step 1892, rl-loss: 0.7862952947616577
INFO - Step 1893, rl-loss: 0.5975899696350098
INFO - Step 1894, rl-loss: 0.6887907981872559
INFO - Step 1895, rl-loss: 0.8068055510520935
INFO - Step 1896, rl-loss: 0.6212559938430786
INFO - Step 1897, rl-loss: 0.5865867137908936
INFO - Step 1898, rl-loss: 0.5487624406814575
INFO - Step 1899, rl-loss: 0.7038373947143555
INFO - Step 1900, rl-loss: 0.5850329995155334
INFO - Step 1901, rl-loss: 0.6473373770713806
INFO - Step 1902, rl-loss: 0.7820310592651367
INFO - Step 1903, rl-loss: 0.7152740955352783
INFO - Step 1904, rl-loss: 0.6008613109588623
INFO - Step 1905, rl-loss: 0.7809691429138184
INFO - Step 1906, rl-loss: 0.8092042803764343
INFO - Step 1907, rl-loss: 0.8659785389900208
INFO - Step 1908, rl-loss: 0.7660733461380005
INFO - Step 1909, rl-loss: 0.5235580801963806
INFO - Step 1910, rl-loss: 0.7110219597816467
INFO - Step 1911, rl-loss: 0.575177788734436
INFO - Step 1912, rl-loss: 0.6844926476478577
INFO - Step 1913, rl-loss: 0.8968857526779175
INFO - Step 1914, rl-loss: 0.7680699825286865
INFO - Step 1915, rl-loss: 0.7850776314735413
INFO - Step 1916, rl-loss: 0.8010927438735962
INFO - Step 1917, rl-loss: 0.904312789440155
INFO - Step 1918, rl-loss: 0.575294017791748
INFO - Step 1919, rl-loss: 0.8390780091285706
INFO - Step 1920, rl-loss: 0.5381350517272949
INFO - Step 1921, rl-loss: 0.7361184358596802
INFO - Step 1922, rl-loss: 0.9244619607925415
INFO - Step 1923, rl-loss: 0.7990936636924744
INFO - Step 1924, rl-loss: 0.7396246194839478
INFO - Step 1925, rl-loss: 0.8457154035568237
INFO - Step 1926, rl-loss: 0.766421377658844
INFO - Step 1927, rl-loss: 0.8034732937812805
INFO - Step 1928, rl-loss: 0.564263641834259
INFO - Step 1929, rl-loss: 0.8633824586868286
INFO - Step 1930, rl-loss: 0.7207770347595215
INFO - Step 1931, rl-loss: 0.9143857955932617
INFO - Step 1932, rl-loss: 0.8793800473213196
INFO - Step 1933, rl-loss: 0.7081553339958191
INFO - Step 1934, rl-loss: 0.5427539348602295
INFO - Step 1935, rl-loss: 0.6972661018371582
INFO - Step 1936, rl-loss: 0.7980939745903015
INFO - Step 1937, rl-loss: 0.5699153542518616
INFO - Step 1938, rl-loss: 0.7210974097251892
INFO - Step 1939, rl-loss: 0.9326465129852295
INFO - Step 1940, rl-loss: 0.7618789076805115
INFO - Step 1941, rl-loss: 0.47703665494918823
INFO - Step 1942, rl-loss: 0.4639098346233368
INFO - Step 1943, rl-loss: 0.5464242100715637
INFO - Step 1944, rl-loss: 0.7346335649490356
INFO - Step 1945, rl-loss: 0.8212419748306274
INFO - Step 1946, rl-loss: 1.1635771989822388
INFO - Step 1947, rl-loss: 0.7970696091651917
INFO - Step 1948, rl-loss: 0.8543843030929565
INFO - Step 1949, rl-loss: 0.7065674066543579
INFO - Step 1950, rl-loss: 1.1092140674591064
INFO - Step 1951, rl-loss: 0.626801073551178
INFO - Step 1952, rl-loss: 0.7642486095428467
INFO - Step 1953, rl-loss: 1.0298370122909546
INFO - Step 1954, rl-loss: 0.722869336605072
INFO - Step 1955, rl-loss: 0.6296916604042053
INFO - Step 1956, rl-loss: 0.9968966245651245
INFO - Step 1957, rl-loss: 0.7369596362113953
INFO - Step 1958, rl-loss: 0.8150052428245544
INFO - Step 1959, rl-loss: 0.7005383372306824
INFO - Step 1960, rl-loss: 0.970595121383667
INFO - Step 1961, rl-loss: 0.9465644359588623
INFO - Step 1962, rl-loss: 0.6610661745071411
INFO - Step 1963, rl-loss: 0.5404424071311951
INFO - Step 1964, rl-loss: 0.7618799805641174
INFO - Step 1965, rl-loss: 0.8147259950637817
INFO - Step 1966, rl-loss: 0.6123834252357483
INFO - Step 1967, rl-loss: 0.6811776161193848
INFO - Step 1968, rl-loss: 0.9374675154685974
INFO - Step 1969, rl-loss: 0.8066838979721069
INFO - Step 1970, rl-loss: 0.669402003288269
INFO - Step 1971, rl-loss: 0.6445022225379944
INFO - Step 1972, rl-loss: 0.6732007265090942
INFO - Step 1973, rl-loss: 0.7077426910400391
INFO - Step 1974, rl-loss: 0.8228576183319092
INFO - Step 1975, rl-loss: 0.994391679763794
INFO - Step 1976, rl-loss: 0.5588859915733337
INFO - Step 1977, rl-loss: 0.6436002254486084
INFO - Step 1978, rl-loss: 0.9852831363677979
INFO - Step 1979, rl-loss: 0.6480778455734253
INFO - Step 1980, rl-loss: 0.4596216678619385
INFO - Step 1981, rl-loss: 0.5483108758926392
INFO - Step 1982, rl-loss: 0.5463935732841492
INFO - Step 1983, rl-loss: 0.8599854707717896
INFO - Step 1984, rl-loss: 0.8164671659469604
INFO - Step 1985, rl-loss: 0.6539755463600159
INFO - Step 1986, rl-loss: 0.9829843044281006
INFO - Step 1987, rl-loss: 0.709255039691925
INFO - Step 1988, rl-loss: 0.8747240304946899
INFO - Step 1989, rl-loss: 0.6668602824211121
INFO - Step 1990, rl-loss: 0.6088412404060364
INFO - Step 1991, rl-loss: 0.7285864353179932
INFO - Step 1992, rl-loss: 0.5890399217605591
INFO - Step 1993, rl-loss: 0.7530733346939087
INFO - Step 1994, rl-loss: 0.6662402749061584
INFO - Step 1995, rl-loss: 0.8092396855354309
INFO - Step 1996, rl-loss: 0.7378935813903809
Episode 100/100 - Evaluating...

Training complete.
