
==============================
  29 Random Agent Match
==============================

==============================
  Starting New Round
==============================

--- Game Update ---
  -> --- New Round Started --- Dealer is Player 0 ---
  -> Current Match Score: Team 0 (0,2): 0, Team 1 (1,3): 0
  -> Player 1 attempts action: 22

--- Game Update ---
  -> Player 2 attempts action: pass

--- Game Update ---
  -> Player 3 attempts action: 29

--- Game Update ---
  -> Player 0 attempts action: pass

--- Game Update ---
  -> Player 1 attempts action: pass

--- Game Update ---
  -> Player 2 attempts action: pass
  -> Bidding finished. Player 3 wins with a bid of 29.

--- Game Update ---
  -> Player 3 attempts action: H
  -> Player 3 chose H as the trump suit (secretly).

--- Game Update ---
  -> Player 1 attempts action: SQ

--- Game Update ---
  -> Player 2 attempts action: HJ
  -> Player 2 cannot follow suit. Trump is revealed: H

--- Game Update ---
  -> Player 3 attempts action: S8

--- Game Update ---
  -> Player 0 attempts action: S7
  -> Trick: ['P1:SQ', 'P2:HJ', 'P3:S8', 'P0:S7'] -> Winner: P2

--- Game Update ---
  -> Player 2 attempts action: HQ

--- Game Update ---
  -> Player 3 attempts action: H10

--- Game Update ---
  -> Player 0 attempts action: H9

--- Game Update ---
  -> Player 1 attempts action: HA
  -> Trick: ['P2:HQ', 'P3:H10', 'P0:H9', 'P1:HA'] -> Winner: P0

--- Game Update ---
  -> Player 0 attempts action: C7

--- Game Update ---
  -> Player 1 attempts action: HK

--- Game Update ---
  -> Player 2 attempts action: CA

--- Game Update ---
  -> Player 3 attempts action: CK
  -> Trick: ['P0:C7', 'P1:HK', 'P2:CA', 'P3:CK'] -> Winner: P1

--- Game Update ---
  -> Player 1 attempts action: DK

--- Game Update ---
  -> Player 2 attempts action: D7

--- Game Update ---
  -> Player 3 attempts action: DA

--- Game Update ---
  -> Player 0 attempts action: D8
  -> Trick: ['P1:DK', 'P2:D7', 'P3:DA', 'P0:D8'] -> Winner: P3

--- Game Update ---
  -> Player 3 attempts action: C9

--- Game Update ---
  -> Player 0 attempts action: H8

--- Game Update ---
  -> Player 1 attempts action: H7

--- Game Update ---
  -> Player 2 attempts action: CJ
  -> Trick: ['P3:C9', 'P0:H8', 'P1:H7', 'P2:CJ'] -> Winner: P0

--- Game Update ---
  -> Player 0 attempts action: SJ

--- Game Update ---
  -> Player 1 attempts action: S9

--- Game Update ---
  -> Player 2 attempts action: C10

--- Game Update ---
  -> Player 3 attempts action: S10
  -> Trick: ['P0:SJ', 'P1:S9', 'P2:C10', 'P3:S10'] -> Winner: P0

--- Game Update ---
  -> Player 0 attempts action: D9

--- Game Update ---
  -> Player 1 attempts action: DQ

--- Game Update ---
  -> Player 2 attempts action: DJ

--- Game Update ---
  -> Player 3 attempts action: SA
  -> Trick: ['P0:D9', 'P1:DQ', 'P2:DJ', 'P3:SA'] -> Winner: P2

--- Game Update ---
  -> Player 2 attempts action: CQ

--- Game Update ---
  -> Player 3 attempts action: C8

--- Game Update ---
  -> Player 0 attempts action: D10

--- Game Update ---
  -> Player 1 attempts action: SK
  -> Trick: ['P2:CQ', 'P3:C8', 'P0:D10', 'P1:SK'] -> Winner: P2
  -> Team 1 FAILED their bid of 29 (target 29) by scoring 2. They LOSE 1 point(s).

--- Round Summary ---
  Bid: 29 by Player 3 (Team 1)
  Trump: H
  Team 1 LOST the bid.
  Final Points: Team 0: 26 | Team 1: 2

  Match Score: Team 0: 0 | Team 1: -1

==============================
  Starting New Round
==============================

--- Game Update ---
  -> --- New Round Started --- Dealer is Player 0 ---
  -> Current Match Score: Team 0 (0,2): 0, Team 1 (1,3): 0
  -> Player 1 attempts action: 22
  -> Player 2 attempts action: pass
  -> Player 3 attempts action: 29
  -> Player 0 attempts action: pass
  -> Player 1 attempts action: pass
  -> Player 2 attempts action: pass
  -> Bidding finished. Player 3 wins with a bid of 29.
  -> Player 3 attempts action: H
  -> Player 3 chose H as the trump suit (secretly).
  -> Player 1 attempts action: SQ
  -> Player 2 attempts action: HJ
  -> Player 2 cannot follow suit. Trump is revealed: H
  -> Player 3 attempts action: S8
  -> Player 0 attempts action: S7
  -> Trick: ['P1:SQ', 'P2:HJ', 'P3:S8', 'P0:S7'] -> Winner: P2
  -> Player 2 attempts action: HQ
  -> Player 3 attempts action: H10
  -> Player 0 attempts action: H9
  -> Player 1 attempts action: HA
  -> Trick: ['P2:HQ', 'P3:H10', 'P0:H9', 'P1:HA'] -> Winner: P0
  -> Player 0 attempts action: C7
  -> Player 1 attempts action: HK
  -> Player 2 attempts action: CA
  -> Player 3 attempts action: CK
  -> Trick: ['P0:C7', 'P1:HK', 'P2:CA', 'P3:CK'] -> Winner: P1
  -> Player 1 attempts action: DK
  -> Player 2 attempts action: D7
  -> Player 3 attempts action: DA
  -> Player 0 attempts action: D8
  -> Trick: ['P1:DK', 'P2:D7', 'P3:DA', 'P0:D8'] -> Winner: P3
  -> Player 3 attempts action: C9
  -> Player 0 attempts action: H8
  -> Player 1 attempts action: H7
  -> Player 2 attempts action: CJ
  -> Trick: ['P3:C9', 'P0:H8', 'P1:H7', 'P2:CJ'] -> Winner: P0
  -> Player 0 attempts action: SJ
  -> Player 1 attempts action: S9
  -> Player 2 attempts action: C10
  -> Player 3 attempts action: S10
  -> Trick: ['P0:SJ', 'P1:S9', 'P2:C10', 'P3:S10'] -> Winner: P0
  -> Player 0 attempts action: D9
  -> Player 1 attempts action: DQ
  -> Player 2 attempts action: DJ
  -> Player 3 attempts action: SA
  -> Trick: ['P0:D9', 'P1:DQ', 'P2:DJ', 'P3:SA'] -> Winner: P2
  -> Player 2 attempts action: CQ
  -> Player 3 attempts action: C8
  -> Player 0 attempts action: D10
  -> Player 1 attempts action: SK
  -> Trick: ['P2:CQ', 'P3:C8', 'P0:D10', 'P1:SK'] -> Winner: P2
  -> Team 1 FAILED their bid of 29 (target 29) by scoring 2. They LOSE 1 point(s).
  -> --- New Round Started --- Dealer is Player 1 ---
  -> Current Match Score: Team 0 (0,2): 0, Team 1 (1,3): -1
  -> Player 2 attempts action: 16

--- Game Update ---
  -> Player 3 attempts action: 22

--- Game Update ---
  -> Player 0 attempts action: 29

--- Game Update ---
  -> Player 1 attempts action: pass

--- Game Update ---
  -> Player 2 attempts action: pass

--- Game Update ---
  -> Player 3 attempts action: pass
  -> Bidding finished. Player 0 wins with a bid of 29.

--- Game Update ---
  -> Player 0 attempts action: C
  -> Player 0 chose C as the trump suit (secretly).

--- Game Update ---
  -> Player 2 attempts action: DK

--- Game Update ---
  -> Player 3 attempts action: D7

--- Game Update ---
  -> Player 0 attempts action: D10

--- Game Update ---
  -> Player 1 attempts action: D9
  -> Trick: ['P2:DK', 'P3:D7', 'P0:D10', 'P1:D9'] -> Winner: P1

--- Game Update ---
  -> Player 1 attempts action: S10

--- Game Update ---
  -> Player 2 attempts action: SQ

--- Game Update ---
  -> Player 3 attempts action: S7

--- Game Update ---
  -> Player 0 attempts action: SA
  -> Trick: ['P1:S10', 'P2:SQ', 'P3:S7', 'P0:SA'] -> Winner: P0

--- Game Update ---
  -> Player 0 attempts action: H7

--- Game Update ---
  -> Player 1 attempts action: H8

--- Game Update ---
  -> Player 2 attempts action: HJ

--- Game Update ---
  -> Player 3 attempts action: HK
  -> Trick: ['P0:H7', 'P1:H8', 'P2:HJ', 'P3:HK'] -> Winner: P2

--- Game Update ---
  -> Player 2 attempts action: DA

--- Game Update ---
  -> Player 3 attempts action: D8

--- Game Update ---
  -> Player 0 attempts action: H10
  -> Player 0 cannot follow suit. Trump is revealed: C

--- Game Update ---
  -> Player 1 attempts action: DJ
  -> Trick: ['P2:DA', 'P3:D8', 'P0:H10', 'P1:DJ'] -> Winner: P1

--- Game Update ---
  -> Player 1 attempts action: C9

--- Game Update ---
  -> Player 2 attempts action: C7

--- Game Update ---
  -> Player 3 attempts action: C8

--- Game Update ---
  -> Player 0 attempts action: CK
  -> Trick: ['P1:C9', 'P2:C7', 'P3:C8', 'P0:CK'] -> Winner: P1

--- Game Update ---
  -> Player 1 attempts action: SK

--- Game Update ---
  -> Player 2 attempts action: SJ

--- Game Update ---
  -> Player 3 attempts action: S8

--- Game Update ---
  -> Player 0 attempts action: CQ
  -> Trick: ['P1:SK', 'P2:SJ', 'P3:S8', 'P0:CQ'] -> Winner: P0

--- Game Update ---
  -> Player 0 attempts action: CA

--- Game Update ---
  -> Player 1 attempts action: CJ

--- Game Update ---
  -> Player 2 attempts action: DQ

--- Game Update ---
  -> Player 3 attempts action: H9
  -> Trick: ['P0:CA', 'P1:CJ', 'P2:DQ', 'P3:H9'] -> Winner: P1

--- Game Update ---
  -> Player 1 attempts action: S9

--- Game Update ---
  -> Player 2 attempts action: HA

--- Game Update ---
  -> Player 3 attempts action: HQ

--- Game Update ---
  -> Player 0 attempts action: C10
  -> Trick: ['P1:S9', 'P2:HA', 'P3:HQ', 'P0:C10'] -> Winner: P0
  -> Team 0 FAILED their bid of 29 (target 29) by scoring 12. They LOSE 1 point(s).

--- Round Summary ---
  Bid: 29 by Player 0 (Team 0)
  Trump: C
  Team 0 LOST the bid.
  Final Points: Team 0: 12 | Team 1: 16

  Match Score: Team 0: -1 | Team 1: -1

==============================
  Starting New Round
==============================

--- Game Update ---
  -> --- New Round Started --- Dealer is Player 0 ---
  -> Current Match Score: Team 0 (0,2): 0, Team 1 (1,3): 0
  -> Player 1 attempts action: 22
  -> Player 2 attempts action: pass
  -> Player 3 attempts action: 29
  -> Player 0 attempts action: pass
  -> Player 1 attempts action: pass
  -> Player 2 attempts action: pass
  -> Bidding finished. Player 3 wins with a bid of 29.
  -> Player 3 attempts action: H
  -> Player 3 chose H as the trump suit (secretly).
  -> Player 1 attempts action: SQ
  -> Player 2 attempts action: HJ
  -> Player 2 cannot follow suit. Trump is revealed: H
  -> Player 3 attempts action: S8
  -> Player 0 attempts action: S7
  -> Trick: ['P1:SQ', 'P2:HJ', 'P3:S8', 'P0:S7'] -> Winner: P2
  -> Player 2 attempts action: HQ
  -> Player 3 attempts action: H10
  -> Player 0 attempts action: H9
  -> Player 1 attempts action: HA
  -> Trick: ['P2:HQ', 'P3:H10', 'P0:H9', 'P1:HA'] -> Winner: P0
  -> Player 0 attempts action: C7
  -> Player 1 attempts action: HK
  -> Player 2 attempts action: CA
  -> Player 3 attempts action: CK
  -> Trick: ['P0:C7', 'P1:HK', 'P2:CA', 'P3:CK'] -> Winner: P1
  -> Player 1 attempts action: DK
  -> Player 2 attempts action: D7
  -> Player 3 attempts action: DA
  -> Player 0 attempts action: D8
  -> Trick: ['P1:DK', 'P2:D7', 'P3:DA', 'P0:D8'] -> Winner: P3
  -> Player 3 attempts action: C9
  -> Player 0 attempts action: H8
  -> Player 1 attempts action: H7
  -> Player 2 attempts action: CJ
  -> Trick: ['P3:C9', 'P0:H8', 'P1:H7', 'P2:CJ'] -> Winner: P0
  -> Player 0 attempts action: SJ
  -> Player 1 attempts action: S9
  -> Player 2 attempts action: C10
  -> Player 3 attempts action: S10
  -> Trick: ['P0:SJ', 'P1:S9', 'P2:C10', 'P3:S10'] -> Winner: P0
  -> Player 0 attempts action: D9
  -> Player 1 attempts action: DQ
  -> Player 2 attempts action: DJ
  -> Player 3 attempts action: SA
  -> Trick: ['P0:D9', 'P1:DQ', 'P2:DJ', 'P3:SA'] -> Winner: P2
  -> Player 2 attempts action: CQ
  -> Player 3 attempts action: C8
  -> Player 0 attempts action: D10
  -> Player 1 attempts action: SK
  -> Trick: ['P2:CQ', 'P3:C8', 'P0:D10', 'P1:SK'] -> Winner: P2
  -> Team 1 FAILED their bid of 29 (target 29) by scoring 2. They LOSE 1 point(s).
  -> --- New Round Started --- Dealer is Player 1 ---
  -> Current Match Score: Team 0 (0,2): 0, Team 1 (1,3): -1
  -> Player 2 attempts action: 16
  -> Player 3 attempts action: 22
  -> Player 0 attempts action: 29
  -> Player 1 attempts action: pass
  -> Player 2 attempts action: pass
  -> Player 3 attempts action: pass
  -> Bidding finished. Player 0 wins with a bid of 29.
  -> Player 0 attempts action: C
  -> Player 0 chose C as the trump suit (secretly).
  -> Player 2 attempts action: DK
  -> Player 3 attempts action: D7
  -> Player 0 attempts action: D10
  -> Player 1 attempts action: D9
  -> Trick: ['P2:DK', 'P3:D7', 'P0:D10', 'P1:D9'] -> Winner: P1
  -> Player 1 attempts action: S10
  -> Player 2 attempts action: SQ
  -> Player 3 attempts action: S7
  -> Player 0 attempts action: SA
  -> Trick: ['P1:S10', 'P2:SQ', 'P3:S7', 'P0:SA'] -> Winner: P0
  -> Player 0 attempts action: H7
  -> Player 1 attempts action: H8
  -> Player 2 attempts action: HJ
  -> Player 3 attempts action: HK
  -> Trick: ['P0:H7', 'P1:H8', 'P2:HJ', 'P3:HK'] -> Winner: P2
  -> Player 2 attempts action: DA
  -> Player 3 attempts action: D8
  -> Player 0 attempts action: H10
  -> Player 0 cannot follow suit. Trump is revealed: C
  -> Player 1 attempts action: DJ
  -> Trick: ['P2:DA', 'P3:D8', 'P0:H10', 'P1:DJ'] -> Winner: P1
  -> Player 1 attempts action: C9
  -> Player 2 attempts action: C7
  -> Player 3 attempts action: C8
  -> Player 0 attempts action: CK
  -> Trick: ['P1:C9', 'P2:C7', 'P3:C8', 'P0:CK'] -> Winner: P1
  -> Player 1 attempts action: SK
  -> Player 2 attempts action: SJ
  -> Player 3 attempts action: S8
  -> Player 0 attempts action: CQ
  -> Trick: ['P1:SK', 'P2:SJ', 'P3:S8', 'P0:CQ'] -> Winner: P0
  -> Player 0 attempts action: CA
  -> Player 1 attempts action: CJ
  -> Player 2 attempts action: DQ
  -> Player 3 attempts action: H9
  -> Trick: ['P0:CA', 'P1:CJ', 'P2:DQ', 'P3:H9'] -> Winner: P1
  -> Player 1 attempts action: S9
  -> Player 2 attempts action: HA
  -> Player 3 attempts action: HQ
  -> Player 0 attempts action: C10
  -> Trick: ['P1:S9', 'P2:HA', 'P3:HQ', 'P0:C10'] -> Winner: P0
  -> Team 0 FAILED their bid of 29 (target 29) by scoring 12. They LOSE 1 point(s).
  -> --- New Round Started --- Dealer is Player 2 ---
  -> Current Match Score: Team 0 (0,2): -1, Team 1 (1,3): -1
  -> Player 3 attempts action: 29

--- Game Update ---
  -> Player 0 attempts action: pass

--- Game Update ---
  -> Player 1 attempts action: pass

--- Game Update ---
  -> Player 2 attempts action: pass
  -> Bidding finished. Player 3 wins with a bid of 29.

--- Game Update ---
  -> Player 3 attempts action: S
  -> Player 3 chose S as the trump suit (secretly).

--- Game Update ---
  -> Player 3 attempts action: SK

--- Game Update ---
  -> Player 0 attempts action: SJ

--- Game Update ---
  -> Player 1 attempts action: SQ

--- Game Update ---
  -> Player 2 attempts action: SA
  -> Trick: ['P3:SK', 'P0:SJ', 'P1:SQ', 'P2:SA'] -> Winner: P3

--- Game Update ---
  -> Player 3 attempts action: CQ

--- Game Update ---
  -> Player 0 attempts action: CK

--- Game Update ---
  -> Player 1 attempts action: CJ

--- Game Update ---
  -> Player 2 attempts action: CA
  -> Trick: ['P3:CQ', 'P0:CK', 'P1:CJ', 'P2:CA'] -> Winner: P1

--- Game Update ---
  -> Player 1 attempts action: S10

--- Game Update ---
  -> Player 2 attempts action: DJ
  -> Player 2 cannot follow suit. Trump is revealed: S

--- Game Update ---
  -> Player 3 attempts action: S8

--- Game Update ---
  -> Player 0 attempts action: D10
  -> Trick: ['P1:S10', 'P2:DJ', 'P3:S8', 'P0:D10'] -> Winner: P1

--- Game Update ---
  -> Player 1 attempts action: S7

--- Game Update ---
  -> Player 2 attempts action: DQ

--- Game Update ---
  -> Player 3 attempts action: HJ

--- Game Update ---
  -> Player 0 attempts action: DA
  -> Trick: ['P1:S7', 'P2:DQ', 'P3:HJ', 'P0:DA'] -> Winner: P1

--- Game Update ---
  -> Player 1 attempts action: S9

--- Game Update ---
  -> Player 2 attempts action: HA

--- Game Update ---
  -> Player 3 attempts action: C10

--- Game Update ---
  -> Player 0 attempts action: H9
  -> Trick: ['P1:S9', 'P2:HA', 'P3:C10', 'P0:H9'] -> Winner: P1

--- Game Update ---
  -> Player 1 attempts action: H7

--- Game Update ---
  -> Player 2 attempts action: HQ

--- Game Update ---
  -> Player 3 attempts action: HK

--- Game Update ---
  -> Player 0 attempts action: D7
  -> Trick: ['P1:H7', 'P2:HQ', 'P3:HK', 'P0:D7'] -> Winner: P3

--- Game Update ---
  -> Player 3 attempts action: D8

--- Game Update ---
  -> Player 0 attempts action: C8

--- Game Update ---
  -> Player 1 attempts action: D9

--- Game Update ---
  -> Player 2 attempts action: DK
  -> Trick: ['P3:D8', 'P0:C8', 'P1:D9', 'P2:DK'] -> Winner: P1

--- Game Update ---
  -> Player 1 attempts action: H8

--- Game Update ---
  -> Player 2 attempts action: H10

--- Game Update ---
  -> Player 3 attempts action: C7

--- Game Update ---
  -> Player 0 attempts action: C9
  -> Trick: ['P1:H8', 'P2:H10', 'P3:C7', 'P0:C9'] -> Winner: P2
  -> Team 1 FAILED their bid of 29 (target 29) by scoring 25. They LOSE 1 point(s).

--- Round Summary ---
  Bid: 29 by Player 3 (Team 1)
  Trump: S
  Team 1 LOST the bid.
  Final Points: Team 0: 3 | Team 1: 25

  Match Score: Team 0: -1 | Team 1: -2

==============================
  Starting New Round
==============================

--- Game Update ---
  -> --- New Round Started --- Dealer is Player 0 ---
  -> Current Match Score: Team 0 (0,2): 0, Team 1 (1,3): 0
  -> Player 1 attempts action: 22
  -> Player 2 attempts action: pass
  -> Player 3 attempts action: 29
  -> Player 0 attempts action: pass
  -> Player 1 attempts action: pass
  -> Player 2 attempts action: pass
  -> Bidding finished. Player 3 wins with a bid of 29.
  -> Player 3 attempts action: H
  -> Player 3 chose H as the trump suit (secretly).
  -> Player 1 attempts action: SQ
  -> Player 2 attempts action: HJ
  -> Player 2 cannot follow suit. Trump is revealed: H
  -> Player 3 attempts action: S8
  -> Player 0 attempts action: S7
  -> Trick: ['P1:SQ', 'P2:HJ', 'P3:S8', 'P0:S7'] -> Winner: P2
  -> Player 2 attempts action: HQ
  -> Player 3 attempts action: H10
  -> Player 0 attempts action: H9
  -> Player 1 attempts action: HA
  -> Trick: ['P2:HQ', 'P3:H10', 'P0:H9', 'P1:HA'] -> Winner: P0
  -> Player 0 attempts action: C7
  -> Player 1 attempts action: HK
  -> Player 2 attempts action: CA
  -> Player 3 attempts action: CK
  -> Trick: ['P0:C7', 'P1:HK', 'P2:CA', 'P3:CK'] -> Winner: P1
  -> Player 1 attempts action: DK
  -> Player 2 attempts action: D7
  -> Player 3 attempts action: DA
  -> Player 0 attempts action: D8
  -> Trick: ['P1:DK', 'P2:D7', 'P3:DA', 'P0:D8'] -> Winner: P3
  -> Player 3 attempts action: C9
  -> Player 0 attempts action: H8
  -> Player 1 attempts action: H7
  -> Player 2 attempts action: CJ
  -> Trick: ['P3:C9', 'P0:H8', 'P1:H7', 'P2:CJ'] -> Winner: P0
  -> Player 0 attempts action: SJ
  -> Player 1 attempts action: S9
  -> Player 2 attempts action: C10
  -> Player 3 attempts action: S10
  -> Trick: ['P0:SJ', 'P1:S9', 'P2:C10', 'P3:S10'] -> Winner: P0
  -> Player 0 attempts action: D9
  -> Player 1 attempts action: DQ
  -> Player 2 attempts action: DJ
  -> Player 3 attempts action: SA
  -> Trick: ['P0:D9', 'P1:DQ', 'P2:DJ', 'P3:SA'] -> Winner: P2
  -> Player 2 attempts action: CQ
  -> Player 3 attempts action: C8
  -> Player 0 attempts action: D10
  -> Player 1 attempts action: SK
  -> Trick: ['P2:CQ', 'P3:C8', 'P0:D10', 'P1:SK'] -> Winner: P2
  -> Team 1 FAILED their bid of 29 (target 29) by scoring 2. They LOSE 1 point(s).
  -> --- New Round Started --- Dealer is Player 1 ---
  -> Current Match Score: Team 0 (0,2): 0, Team 1 (1,3): -1
  -> Player 2 attempts action: 16
  -> Player 3 attempts action: 22
  -> Player 0 attempts action: 29
  -> Player 1 attempts action: pass
  -> Player 2 attempts action: pass
  -> Player 3 attempts action: pass
  -> Bidding finished. Player 0 wins with a bid of 29.
  -> Player 0 attempts action: C
  -> Player 0 chose C as the trump suit (secretly).
  -> Player 2 attempts action: DK
  -> Player 3 attempts action: D7
  -> Player 0 attempts action: D10
  -> Player 1 attempts action: D9
  -> Trick: ['P2:DK', 'P3:D7', 'P0:D10', 'P1:D9'] -> Winner: P1
  -> Player 1 attempts action: S10
  -> Player 2 attempts action: SQ
  -> Player 3 attempts action: S7
  -> Player 0 attempts action: SA
  -> Trick: ['P1:S10', 'P2:SQ', 'P3:S7', 'P0:SA'] -> Winner: P0
  -> Player 0 attempts action: H7
  -> Player 1 attempts action: H8
  -> Player 2 attempts action: HJ
  -> Player 3 attempts action: HK
  -> Trick: ['P0:H7', 'P1:H8', 'P2:HJ', 'P3:HK'] -> Winner: P2
  -> Player 2 attempts action: DA
  -> Player 3 attempts action: D8
  -> Player 0 attempts action: H10
  -> Player 0 cannot follow suit. Trump is revealed: C
  -> Player 1 attempts action: DJ
  -> Trick: ['P2:DA', 'P3:D8', 'P0:H10', 'P1:DJ'] -> Winner: P1
  -> Player 1 attempts action: C9
  -> Player 2 attempts action: C7
  -> Player 3 attempts action: C8
  -> Player 0 attempts action: CK
  -> Trick: ['P1:C9', 'P2:C7', 'P3:C8', 'P0:CK'] -> Winner: P1
  -> Player 1 attempts action: SK
  -> Player 2 attempts action: SJ
  -> Player 3 attempts action: S8
  -> Player 0 attempts action: CQ
  -> Trick: ['P1:SK', 'P2:SJ', 'P3:S8', 'P0:CQ'] -> Winner: P0
  -> Player 0 attempts action: CA
  -> Player 1 attempts action: CJ
  -> Player 2 attempts action: DQ
  -> Player 3 attempts action: H9
  -> Trick: ['P0:CA', 'P1:CJ', 'P2:DQ', 'P3:H9'] -> Winner: P1
  -> Player 1 attempts action: S9
  -> Player 2 attempts action: HA
  -> Player 3 attempts action: HQ
  -> Player 0 attempts action: C10
  -> Trick: ['P1:S9', 'P2:HA', 'P3:HQ', 'P0:C10'] -> Winner: P0
  -> Team 0 FAILED their bid of 29 (target 29) by scoring 12. They LOSE 1 point(s).
  -> --- New Round Started --- Dealer is Player 2 ---
  -> Current Match Score: Team 0 (0,2): -1, Team 1 (1,3): -1
  -> Player 3 attempts action: 29
  -> Player 0 attempts action: pass
  -> Player 1 attempts action: pass
  -> Player 2 attempts action: pass
  -> Bidding finished. Player 3 wins with a bid of 29.
  -> Player 3 attempts action: S
  -> Player 3 chose S as the trump suit (secretly).
  -> Player 3 attempts action: SK
  -> Player 0 attempts action: SJ
  -> Player 1 attempts action: SQ
  -> Player 2 attempts action: SA
  -> Trick: ['P3:SK', 'P0:SJ', 'P1:SQ', 'P2:SA'] -> Winner: P3
  -> Player 3 attempts action: CQ
  -> Player 0 attempts action: CK
  -> Player 1 attempts action: CJ
  -> Player 2 attempts action: CA
  -> Trick: ['P3:CQ', 'P0:CK', 'P1:CJ', 'P2:CA'] -> Winner: P1
  -> Player 1 attempts action: S10
  -> Player 2 attempts action: DJ
  -> Player 2 cannot follow suit. Trump is revealed: S
  -> Player 3 attempts action: S8
  -> Player 0 attempts action: D10
  -> Trick: ['P1:S10', 'P2:DJ', 'P3:S8', 'P0:D10'] -> Winner: P1
  -> Player 1 attempts action: S7
  -> Player 2 attempts action: DQ
  -> Player 3 attempts action: HJ
  -> Player 0 attempts action: DA
  -> Trick: ['P1:S7', 'P2:DQ', 'P3:HJ', 'P0:DA'] -> Winner: P1
  -> Player 1 attempts action: S9
  -> Player 2 attempts action: HA
  -> Player 3 attempts action: C10
  -> Player 0 attempts action: H9
  -> Trick: ['P1:S9', 'P2:HA', 'P3:C10', 'P0:H9'] -> Winner: P1
  -> Player 1 attempts action: H7
  -> Player 2 attempts action: HQ
  -> Player 3 attempts action: HK
  -> Player 0 attempts action: D7
  -> Trick: ['P1:H7', 'P2:HQ', 'P3:HK', 'P0:D7'] -> Winner: P3
  -> Player 3 attempts action: D8
  -> Player 0 attempts action: C8
  -> Player 1 attempts action: D9
  -> Player 2 attempts action: DK
  -> Trick: ['P3:D8', 'P0:C8', 'P1:D9', 'P2:DK'] -> Winner: P1
  -> Player 1 attempts action: H8
  -> Player 2 attempts action: H10
  -> Player 3 attempts action: C7
  -> Player 0 attempts action: C9
  -> Trick: ['P1:H8', 'P2:H10', 'P3:C7', 'P0:C9'] -> Winner: P2
  -> Team 1 FAILED their bid of 29 (target 29) by scoring 25. They LOSE 1 point(s).
  -> --- New Round Started --- Dealer is Player 3 ---
  -> Current Match Score: Team 0 (0,2): -1, Team 1 (1,3): -2
  -> Player 0 attempts action: 22

--- Game Update ---
  -> Player 1 attempts action: 29

--- Game Update ---
  -> Player 2 attempts action: pass

--- Game Update ---
  -> Player 3 attempts action: pass

--- Game Update ---
  -> Player 0 attempts action: pass
  -> Bidding finished. Player 1 wins with a bid of 29.

--- Game Update ---
  -> Player 1 attempts action: C
  -> Player 1 chose C as the trump suit (secretly).

--- Game Update ---
  -> Player 0 attempts action: C10

--- Game Update ---
  -> Player 1 attempts action: CJ

--- Game Update ---
  -> Player 2 attempts action: C9

--- Game Update ---
  -> Player 3 attempts action: C7
  -> Trick: ['P0:C10', 'P1:CJ', 'P2:C9', 'P3:C7'] -> Winner: P0

--- Game Update ---
  -> Player 0 attempts action: CQ

--- Game Update ---
  -> Player 1 attempts action: C8

--- Game Update ---
  -> Player 2 attempts action: SQ
  -> Player 2 cannot follow suit. Trump is revealed: C

--- Game Update ---
  -> Player 3 attempts action: HJ
  -> Trick: ['P0:CQ', 'P1:C8', 'P2:SQ', 'P3:HJ'] -> Winner: P0

--- Game Update ---
  -> Player 0 attempts action: S9

--- Game Update ---
  -> Player 1 attempts action: S10

--- Game Update ---
  -> Player 2 attempts action: SK

--- Game Update ---
  -> Player 3 attempts action: SA
  -> Trick: ['P0:S9', 'P1:S10', 'P2:SK', 'P3:SA'] -> Winner: P0

--- Game Update ---
  -> Player 0 attempts action: HQ

--- Game Update ---
  -> Player 1 attempts action: CA

--- Game Update ---
  -> Player 2 attempts action: H7

--- Game Update ---
  -> Player 3 attempts action: HK
  -> Trick: ['P0:HQ', 'P1:CA', 'P2:H7', 'P3:HK'] -> Winner: P1

--- Game Update ---
  -> Player 1 attempts action: CK

--- Game Update ---
  -> Player 2 attempts action: DA

--- Game Update ---
  -> Player 3 attempts action: H9

--- Game Update ---
  -> Player 0 attempts action: SJ
  -> Trick: ['P1:CK', 'P2:DA', 'P3:H9', 'P0:SJ'] -> Winner: P1

--- Game Update ---
  -> Player 1 attempts action: D7

--- Game Update ---
  -> Player 2 attempts action: D10

--- Game Update ---
  -> Player 3 attempts action: H10

--- Game Update ---
  -> Player 0 attempts action: DQ
  -> Trick: ['P1:D7', 'P2:D10', 'P3:H10', 'P0:DQ'] -> Winner: P2

--- Game Update ---
  -> Player 2 attempts action: D9

--- Game Update ---
  -> Player 3 attempts action: H8

--- Game Update ---
  -> Player 0 attempts action: S7

--- Game Update ---
  -> Player 1 attempts action: DK
  -> Trick: ['P2:D9', 'P3:H8', 'P0:S7', 'P1:DK'] -> Winner: P2

--- Game Update ---
  -> Player 2 attempts action: D8

--- Game Update ---
  -> Player 3 attempts action: HA

--- Game Update ---
  -> Player 0 attempts action: S8

--- Game Update ---
  -> Player 1 attempts action: DJ
  -> Trick: ['P2:D8', 'P3:HA', 'P0:S8', 'P1:DJ'] -> Winner: P1
  -> Team 1 FAILED their bid of 29 (target 29) by scoring 11. They LOSE 1 point(s).

--- Round Summary ---
  Bid: 29 by Player 1 (Team 1)
  Trump: C
  Team 1 LOST the bid.
  Final Points: Team 0: 17 | Team 1: 11

  Match Score: Team 0: -1 | Team 1: -3

==============================
  Starting New Round
==============================

--- Game Update ---
  -> --- New Round Started --- Dealer is Player 0 ---
  -> Current Match Score: Team 0 (0,2): 0, Team 1 (1,3): 0
  -> Player 1 attempts action: 22
  -> Player 2 attempts action: pass
  -> Player 3 attempts action: 29
  -> Player 0 attempts action: pass
  -> Player 1 attempts action: pass
  -> Player 2 attempts action: pass
  -> Bidding finished. Player 3 wins with a bid of 29.
  -> Player 3 attempts action: H
  -> Player 3 chose H as the trump suit (secretly).
  -> Player 1 attempts action: SQ
  -> Player 2 attempts action: HJ
  -> Player 2 cannot follow suit. Trump is revealed: H
  -> Player 3 attempts action: S8
  -> Player 0 attempts action: S7
  -> Trick: ['P1:SQ', 'P2:HJ', 'P3:S8', 'P0:S7'] -> Winner: P2
  -> Player 2 attempts action: HQ
  -> Player 3 attempts action: H10
  -> Player 0 attempts action: H9
  -> Player 1 attempts action: HA
  -> Trick: ['P2:HQ', 'P3:H10', 'P0:H9', 'P1:HA'] -> Winner: P0
  -> Player 0 attempts action: C7
  -> Player 1 attempts action: HK
  -> Player 2 attempts action: CA
  -> Player 3 attempts action: CK
  -> Trick: ['P0:C7', 'P1:HK', 'P2:CA', 'P3:CK'] -> Winner: P1
  -> Player 1 attempts action: DK
  -> Player 2 attempts action: D7
  -> Player 3 attempts action: DA
  -> Player 0 attempts action: D8
  -> Trick: ['P1:DK', 'P2:D7', 'P3:DA', 'P0:D8'] -> Winner: P3
  -> Player 3 attempts action: C9
  -> Player 0 attempts action: H8
  -> Player 1 attempts action: H7
  -> Player 2 attempts action: CJ
  -> Trick: ['P3:C9', 'P0:H8', 'P1:H7', 'P2:CJ'] -> Winner: P0
  -> Player 0 attempts action: SJ
  -> Player 1 attempts action: S9
  -> Player 2 attempts action: C10
  -> Player 3 attempts action: S10
  -> Trick: ['P0:SJ', 'P1:S9', 'P2:C10', 'P3:S10'] -> Winner: P0
  -> Player 0 attempts action: D9
  -> Player 1 attempts action: DQ
  -> Player 2 attempts action: DJ
  -> Player 3 attempts action: SA
  -> Trick: ['P0:D9', 'P1:DQ', 'P2:DJ', 'P3:SA'] -> Winner: P2
  -> Player 2 attempts action: CQ
  -> Player 3 attempts action: C8
  -> Player 0 attempts action: D10
  -> Player 1 attempts action: SK
  -> Trick: ['P2:CQ', 'P3:C8', 'P0:D10', 'P1:SK'] -> Winner: P2
  -> Team 1 FAILED their bid of 29 (target 29) by scoring 2. They LOSE 1 point(s).
  -> --- New Round Started --- Dealer is Player 1 ---
  -> Current Match Score: Team 0 (0,2): 0, Team 1 (1,3): -1
  -> Player 2 attempts action: 16
  -> Player 3 attempts action: 22
  -> Player 0 attempts action: 29
  -> Player 1 attempts action: pass
  -> Player 2 attempts action: pass
  -> Player 3 attempts action: pass
  -> Bidding finished. Player 0 wins with a bid of 29.
  -> Player 0 attempts action: C
  -> Player 0 chose C as the trump suit (secretly).
  -> Player 2 attempts action: DK
  -> Player 3 attempts action: D7
  -> Player 0 attempts action: D10
  -> Player 1 attempts action: D9
  -> Trick: ['P2:DK', 'P3:D7', 'P0:D10', 'P1:D9'] -> Winner: P1
  -> Player 1 attempts action: S10
  -> Player 2 attempts action: SQ
  -> Player 3 attempts action: S7
  -> Player 0 attempts action: SA
  -> Trick: ['P1:S10', 'P2:SQ', 'P3:S7', 'P0:SA'] -> Winner: P0
  -> Player 0 attempts action: H7
  -> Player 1 attempts action: H8
  -> Player 2 attempts action: HJ
  -> Player 3 attempts action: HK
  -> Trick: ['P0:H7', 'P1:H8', 'P2:HJ', 'P3:HK'] -> Winner: P2
  -> Player 2 attempts action: DA
  -> Player 3 attempts action: D8
  -> Player 0 attempts action: H10
  -> Player 0 cannot follow suit. Trump is revealed: C
  -> Player 1 attempts action: DJ
  -> Trick: ['P2:DA', 'P3:D8', 'P0:H10', 'P1:DJ'] -> Winner: P1
  -> Player 1 attempts action: C9
  -> Player 2 attempts action: C7
  -> Player 3 attempts action: C8
  -> Player 0 attempts action: CK
  -> Trick: ['P1:C9', 'P2:C7', 'P3:C8', 'P0:CK'] -> Winner: P1
  -> Player 1 attempts action: SK
  -> Player 2 attempts action: SJ
  -> Player 3 attempts action: S8
  -> Player 0 attempts action: CQ
  -> Trick: ['P1:SK', 'P2:SJ', 'P3:S8', 'P0:CQ'] -> Winner: P0
  -> Player 0 attempts action: CA
  -> Player 1 attempts action: CJ
  -> Player 2 attempts action: DQ
  -> Player 3 attempts action: H9
  -> Trick: ['P0:CA', 'P1:CJ', 'P2:DQ', 'P3:H9'] -> Winner: P1
  -> Player 1 attempts action: S9
  -> Player 2 attempts action: HA
  -> Player 3 attempts action: HQ
  -> Player 0 attempts action: C10
  -> Trick: ['P1:S9', 'P2:HA', 'P3:HQ', 'P0:C10'] -> Winner: P0
  -> Team 0 FAILED their bid of 29 (target 29) by scoring 12. They LOSE 1 point(s).
  -> --- New Round Started --- Dealer is Player 2 ---
  -> Current Match Score: Team 0 (0,2): -1, Team 1 (1,3): -1
  -> Player 3 attempts action: 29
  -> Player 0 attempts action: pass
  -> Player 1 attempts action: pass
  -> Player 2 attempts action: pass
  -> Bidding finished. Player 3 wins with a bid of 29.
  -> Player 3 attempts action: S
  -> Player 3 chose S as the trump suit (secretly).
  -> Player 3 attempts action: SK
  -> Player 0 attempts action: SJ
  -> Player 1 attempts action: SQ
  -> Player 2 attempts action: SA
  -> Trick: ['P3:SK', 'P0:SJ', 'P1:SQ', 'P2:SA'] -> Winner: P3
  -> Player 3 attempts action: CQ
  -> Player 0 attempts action: CK
  -> Player 1 attempts action: CJ
  -> Player 2 attempts action: CA
  -> Trick: ['P3:CQ', 'P0:CK', 'P1:CJ', 'P2:CA'] -> Winner: P1
  -> Player 1 attempts action: S10
  -> Player 2 attempts action: DJ
  -> Player 2 cannot follow suit. Trump is revealed: S
  -> Player 3 attempts action: S8
  -> Player 0 attempts action: D10
  -> Trick: ['P1:S10', 'P2:DJ', 'P3:S8', 'P0:D10'] -> Winner: P1
  -> Player 1 attempts action: S7
  -> Player 2 attempts action: DQ
  -> Player 3 attempts action: HJ
  -> Player 0 attempts action: DA
  -> Trick: ['P1:S7', 'P2:DQ', 'P3:HJ', 'P0:DA'] -> Winner: P1
  -> Player 1 attempts action: S9
  -> Player 2 attempts action: HA
  -> Player 3 attempts action: C10
  -> Player 0 attempts action: H9
  -> Trick: ['P1:S9', 'P2:HA', 'P3:C10', 'P0:H9'] -> Winner: P1
  -> Player 1 attempts action: H7
  -> Player 2 attempts action: HQ
  -> Player 3 attempts action: HK
  -> Player 0 attempts action: D7
  -> Trick: ['P1:H7', 'P2:HQ', 'P3:HK', 'P0:D7'] -> Winner: P3
  -> Player 3 attempts action: D8
  -> Player 0 attempts action: C8
  -> Player 1 attempts action: D9
  -> Player 2 attempts action: DK
  -> Trick: ['P3:D8', 'P0:C8', 'P1:D9', 'P2:DK'] -> Winner: P1
  -> Player 1 attempts action: H8
  -> Player 2 attempts action: H10
  -> Player 3 attempts action: C7
  -> Player 0 attempts action: C9
  -> Trick: ['P1:H8', 'P2:H10', 'P3:C7', 'P0:C9'] -> Winner: P2
  -> Team 1 FAILED their bid of 29 (target 29) by scoring 25. They LOSE 1 point(s).
  -> --- New Round Started --- Dealer is Player 3 ---
  -> Current Match Score: Team 0 (0,2): -1, Team 1 (1,3): -2
  -> Player 0 attempts action: 22
  -> Player 1 attempts action: 29
  -> Player 2 attempts action: pass
  -> Player 3 attempts action: pass
  -> Player 0 attempts action: pass
  -> Bidding finished. Player 1 wins with a bid of 29.
  -> Player 1 attempts action: C
  -> Player 1 chose C as the trump suit (secretly).
  -> Player 0 attempts action: C10
  -> Player 1 attempts action: CJ
  -> Player 2 attempts action: C9
  -> Player 3 attempts action: C7
  -> Trick: ['P0:C10', 'P1:CJ', 'P2:C9', 'P3:C7'] -> Winner: P0
  -> Player 0 attempts action: CQ
  -> Player 1 attempts action: C8
  -> Player 2 attempts action: SQ
  -> Player 2 cannot follow suit. Trump is revealed: C
  -> Player 3 attempts action: HJ
  -> Trick: ['P0:CQ', 'P1:C8', 'P2:SQ', 'P3:HJ'] -> Winner: P0
  -> Player 0 attempts action: S9
  -> Player 1 attempts action: S10
  -> Player 2 attempts action: SK
  -> Player 3 attempts action: SA
  -> Trick: ['P0:S9', 'P1:S10', 'P2:SK', 'P3:SA'] -> Winner: P0
  -> Player 0 attempts action: HQ
  -> Player 1 attempts action: CA
  -> Player 2 attempts action: H7
  -> Player 3 attempts action: HK
  -> Trick: ['P0:HQ', 'P1:CA', 'P2:H7', 'P3:HK'] -> Winner: P1
  -> Player 1 attempts action: CK
  -> Player 2 attempts action: DA
  -> Player 3 attempts action: H9
  -> Player 0 attempts action: SJ
  -> Trick: ['P1:CK', 'P2:DA', 'P3:H9', 'P0:SJ'] -> Winner: P1
  -> Player 1 attempts action: D7
  -> Player 2 attempts action: D10
  -> Player 3 attempts action: H10
  -> Player 0 attempts action: DQ
  -> Trick: ['P1:D7', 'P2:D10', 'P3:H10', 'P0:DQ'] -> Winner: P2
  -> Player 2 attempts action: D9
  -> Player 3 attempts action: H8
  -> Player 0 attempts action: S7
  -> Player 1 attempts action: DK
  -> Trick: ['P2:D9', 'P3:H8', 'P0:S7', 'P1:DK'] -> Winner: P2
  -> Player 2 attempts action: D8
  -> Player 3 attempts action: HA
  -> Player 0 attempts action: S8
  -> Player 1 attempts action: DJ
  -> Trick: ['P2:D8', 'P3:HA', 'P0:S8', 'P1:DJ'] -> Winner: P1
  -> Team 1 FAILED their bid of 29 (target 29) by scoring 11. They LOSE 1 point(s).
  -> --- New Round Started --- Dealer is Player 0 ---
  -> Current Match Score: Team 0 (0,2): -1, Team 1 (1,3): -3
  -> Player 1 attempts action: 16

--- Game Update ---
  -> Player 2 attempts action: 21

--- Game Update ---
  -> Player 3 attempts action: 27

--- Game Update ---
  -> Player 0 attempts action: 28

--- Game Update ---
  -> Player 1 attempts action: pass

--- Game Update ---
  -> Player 2 attempts action: pass

--- Game Update ---
  -> Player 3 attempts action: 29

--- Game Update ---
  -> Player 0 attempts action: pass

--- Game Update ---
  -> Player 1 attempts action: pass

--- Game Update ---
  -> Player 2 attempts action: pass
  -> Bidding finished. Player 3 wins with a bid of 29.

--- Game Update ---
  -> Player 3 attempts action: C
  -> Player 3 chose C as the trump suit (secretly).

--- Game Update ---
  -> Player 1 attempts action: SQ

--- Game Update ---
  -> Player 2 attempts action: SJ

--- Game Update ---
  -> Player 3 attempts action: CK
  -> Player 3 cannot follow suit. Trump is revealed: C

--- Game Update ---
  -> Player 0 attempts action: S9
  -> Trick: ['P1:SQ', 'P2:SJ', 'P3:CK', 'P0:S9'] -> Winner: P3

--- Game Update ---
  -> Player 3 attempts action: C8

--- Game Update ---
  -> Player 0 attempts action: C10

--- Game Update ---
  -> Player 1 attempts action: SK

--- Game Update ---
  -> Player 2 attempts action: CA
  -> Trick: ['P3:C8', 'P0:C10', 'P1:SK', 'P2:CA'] -> Winner: P2

--- Game Update ---
  -> Player 2 attempts action: S7

--- Game Update ---
  -> Player 3 attempts action: CQ

--- Game Update ---
  -> Player 0 attempts action: S10

--- Game Update ---
  -> Player 1 attempts action: S8
  -> Trick: ['P2:S7', 'P3:CQ', 'P0:S10', 'P1:S8'] -> Winner: P3

--- Game Update ---
  -> Player 3 attempts action: H7

--- Game Update ---
  -> Player 0 attempts action: H8

--- Game Update ---
  -> Player 1 attempts action: H9

--- Game Update ---
  -> Player 2 attempts action: H10
  -> Trick: ['P3:H7', 'P0:H8', 'P1:H9', 'P2:H10'] -> Winner: P1

--- Game Update ---
  -> Player 1 attempts action: SA

--- Game Update ---
  -> Player 2 attempts action: C7

--- Game Update ---
  -> Player 3 attempts action: DK

--- Game Update ---
  -> Player 0 attempts action: D9
  -> Trick: ['P1:SA', 'P2:C7', 'P3:DK', 'P0:D9'] -> Winner: P2

--- Game Update ---
  -> Player 2 attempts action: DQ

--- Game Update ---
  -> Player 3 attempts action: D7

--- Game Update ---
  -> Player 0 attempts action: D10

--- Game Update ---
  -> Player 1 attempts action: DA
  -> Trick: ['P2:DQ', 'P3:D7', 'P0:D10', 'P1:DA'] -> Winner: P1

--- Game Update ---
  -> Player 1 attempts action: D8

--- Game Update ---
  -> Player 2 attempts action: C9

--- Game Update ---
  -> Player 3 attempts action: HA

--- Game Update ---
  -> Player 0 attempts action: HQ
  -> Trick: ['P1:D8', 'P2:C9', 'P3:HA', 'P0:HQ'] -> Winner: P2

--- Game Update ---
  -> Player 2 attempts action: CJ

--- Game Update ---
  -> Player 3 attempts action: HJ

--- Game Update ---
  -> Player 0 attempts action: HK

--- Game Update ---
  -> Player 1 attempts action: DJ
  -> Trick: ['P2:CJ', 'P3:HJ', 'P0:HK', 'P1:DJ'] -> Winner: P2
  -> Team 1 FAILED their bid of 29 (target 29) by scoring 11. They LOSE 1 point(s).

--- Round Summary ---
  Bid: 29 by Player 3 (Team 1)
  Trump: C
  Team 1 LOST the bid.
  Final Points: Team 0: 17 | Team 1: 11

  Match Score: Team 0: -1 | Team 1: -4

==============================
  Starting New Round
==============================

--- Game Update ---
  -> --- New Round Started --- Dealer is Player 0 ---
  -> Current Match Score: Team 0 (0,2): 0, Team 1 (1,3): 0
  -> Player 1 attempts action: 22
  -> Player 2 attempts action: pass
  -> Player 3 attempts action: 29
  -> Player 0 attempts action: pass
  -> Player 1 attempts action: pass
  -> Player 2 attempts action: pass
  -> Bidding finished. Player 3 wins with a bid of 29.
  -> Player 3 attempts action: H
  -> Player 3 chose H as the trump suit (secretly).
  -> Player 1 attempts action: SQ
  -> Player 2 attempts action: HJ
  -> Player 2 cannot follow suit. Trump is revealed: H
  -> Player 3 attempts action: S8
  -> Player 0 attempts action: S7
  -> Trick: ['P1:SQ', 'P2:HJ', 'P3:S8', 'P0:S7'] -> Winner: P2
  -> Player 2 attempts action: HQ
  -> Player 3 attempts action: H10
  -> Player 0 attempts action: H9
  -> Player 1 attempts action: HA
  -> Trick: ['P2:HQ', 'P3:H10', 'P0:H9', 'P1:HA'] -> Winner: P0
  -> Player 0 attempts action: C7
  -> Player 1 attempts action: HK
  -> Player 2 attempts action: CA
  -> Player 3 attempts action: CK
  -> Trick: ['P0:C7', 'P1:HK', 'P2:CA', 'P3:CK'] -> Winner: P1
  -> Player 1 attempts action: DK
  -> Player 2 attempts action: D7
  -> Player 3 attempts action: DA
  -> Player 0 attempts action: D8
  -> Trick: ['P1:DK', 'P2:D7', 'P3:DA', 'P0:D8'] -> Winner: P3
  -> Player 3 attempts action: C9
  -> Player 0 attempts action: H8
  -> Player 1 attempts action: H7
  -> Player 2 attempts action: CJ
  -> Trick: ['P3:C9', 'P0:H8', 'P1:H7', 'P2:CJ'] -> Winner: P0
  -> Player 0 attempts action: SJ
  -> Player 1 attempts action: S9
  -> Player 2 attempts action: C10
  -> Player 3 attempts action: S10
  -> Trick: ['P0:SJ', 'P1:S9', 'P2:C10', 'P3:S10'] -> Winner: P0
  -> Player 0 attempts action: D9
  -> Player 1 attempts action: DQ
  -> Player 2 attempts action: DJ
  -> Player 3 attempts action: SA
  -> Trick: ['P0:D9', 'P1:DQ', 'P2:DJ', 'P3:SA'] -> Winner: P2
  -> Player 2 attempts action: CQ
  -> Player 3 attempts action: C8
  -> Player 0 attempts action: D10
  -> Player 1 attempts action: SK
  -> Trick: ['P2:CQ', 'P3:C8', 'P0:D10', 'P1:SK'] -> Winner: P2
  -> Team 1 FAILED their bid of 29 (target 29) by scoring 2. They LOSE 1 point(s).
  -> --- New Round Started --- Dealer is Player 1 ---
  -> Current Match Score: Team 0 (0,2): 0, Team 1 (1,3): -1
  -> Player 2 attempts action: 16
  -> Player 3 attempts action: 22
  -> Player 0 attempts action: 29
  -> Player 1 attempts action: pass
  -> Player 2 attempts action: pass
  -> Player 3 attempts action: pass
  -> Bidding finished. Player 0 wins with a bid of 29.
  -> Player 0 attempts action: C
  -> Player 0 chose C as the trump suit (secretly).
  -> Player 2 attempts action: DK
  -> Player 3 attempts action: D7
  -> Player 0 attempts action: D10
  -> Player 1 attempts action: D9
  -> Trick: ['P2:DK', 'P3:D7', 'P0:D10', 'P1:D9'] -> Winner: P1
  -> Player 1 attempts action: S10
  -> Player 2 attempts action: SQ
  -> Player 3 attempts action: S7
  -> Player 0 attempts action: SA
  -> Trick: ['P1:S10', 'P2:SQ', 'P3:S7', 'P0:SA'] -> Winner: P0
  -> Player 0 attempts action: H7
  -> Player 1 attempts action: H8
  -> Player 2 attempts action: HJ
  -> Player 3 attempts action: HK
  -> Trick: ['P0:H7', 'P1:H8', 'P2:HJ', 'P3:HK'] -> Winner: P2
  -> Player 2 attempts action: DA
  -> Player 3 attempts action: D8
  -> Player 0 attempts action: H10
  -> Player 0 cannot follow suit. Trump is revealed: C
  -> Player 1 attempts action: DJ
  -> Trick: ['P2:DA', 'P3:D8', 'P0:H10', 'P1:DJ'] -> Winner: P1
  -> Player 1 attempts action: C9
  -> Player 2 attempts action: C7
  -> Player 3 attempts action: C8
  -> Player 0 attempts action: CK
  -> Trick: ['P1:C9', 'P2:C7', 'P3:C8', 'P0:CK'] -> Winner: P1
  -> Player 1 attempts action: SK
  -> Player 2 attempts action: SJ
  -> Player 3 attempts action: S8
  -> Player 0 attempts action: CQ
  -> Trick: ['P1:SK', 'P2:SJ', 'P3:S8', 'P0:CQ'] -> Winner: P0
  -> Player 0 attempts action: CA
  -> Player 1 attempts action: CJ
  -> Player 2 attempts action: DQ
  -> Player 3 attempts action: H9
  -> Trick: ['P0:CA', 'P1:CJ', 'P2:DQ', 'P3:H9'] -> Winner: P1
  -> Player 1 attempts action: S9
  -> Player 2 attempts action: HA
  -> Player 3 attempts action: HQ
  -> Player 0 attempts action: C10
  -> Trick: ['P1:S9', 'P2:HA', 'P3:HQ', 'P0:C10'] -> Winner: P0
  -> Team 0 FAILED their bid of 29 (target 29) by scoring 12. They LOSE 1 point(s).
  -> --- New Round Started --- Dealer is Player 2 ---
  -> Current Match Score: Team 0 (0,2): -1, Team 1 (1,3): -1
  -> Player 3 attempts action: 29
  -> Player 0 attempts action: pass
  -> Player 1 attempts action: pass
  -> Player 2 attempts action: pass
  -> Bidding finished. Player 3 wins with a bid of 29.
  -> Player 3 attempts action: S
  -> Player 3 chose S as the trump suit (secretly).
  -> Player 3 attempts action: SK
  -> Player 0 attempts action: SJ
  -> Player 1 attempts action: SQ
  -> Player 2 attempts action: SA
  -> Trick: ['P3:SK', 'P0:SJ', 'P1:SQ', 'P2:SA'] -> Winner: P3
  -> Player 3 attempts action: CQ
  -> Player 0 attempts action: CK
  -> Player 1 attempts action: CJ
  -> Player 2 attempts action: CA
  -> Trick: ['P3:CQ', 'P0:CK', 'P1:CJ', 'P2:CA'] -> Winner: P1
  -> Player 1 attempts action: S10
  -> Player 2 attempts action: DJ
  -> Player 2 cannot follow suit. Trump is revealed: S
  -> Player 3 attempts action: S8
  -> Player 0 attempts action: D10
  -> Trick: ['P1:S10', 'P2:DJ', 'P3:S8', 'P0:D10'] -> Winner: P1
  -> Player 1 attempts action: S7
  -> Player 2 attempts action: DQ
  -> Player 3 attempts action: HJ
  -> Player 0 attempts action: DA
  -> Trick: ['P1:S7', 'P2:DQ', 'P3:HJ', 'P0:DA'] -> Winner: P1
  -> Player 1 attempts action: S9
  -> Player 2 attempts action: HA
  -> Player 3 attempts action: C10
  -> Player 0 attempts action: H9
  -> Trick: ['P1:S9', 'P2:HA', 'P3:C10', 'P0:H9'] -> Winner: P1
  -> Player 1 attempts action: H7
  -> Player 2 attempts action: HQ
  -> Player 3 attempts action: HK
  -> Player 0 attempts action: D7
  -> Trick: ['P1:H7', 'P2:HQ', 'P3:HK', 'P0:D7'] -> Winner: P3
  -> Player 3 attempts action: D8
  -> Player 0 attempts action: C8
  -> Player 1 attempts action: D9
  -> Player 2 attempts action: DK
  -> Trick: ['P3:D8', 'P0:C8', 'P1:D9', 'P2:DK'] -> Winner: P1
  -> Player 1 attempts action: H8
  -> Player 2 attempts action: H10
  -> Player 3 attempts action: C7
  -> Player 0 attempts action: C9
  -> Trick: ['P1:H8', 'P2:H10', 'P3:C7', 'P0:C9'] -> Winner: P2
  -> Team 1 FAILED their bid of 29 (target 29) by scoring 25. They LOSE 1 point(s).
  -> --- New Round Started --- Dealer is Player 3 ---
  -> Current Match Score: Team 0 (0,2): -1, Team 1 (1,3): -2
  -> Player 0 attempts action: 22
  -> Player 1 attempts action: 29
  -> Player 2 attempts action: pass
  -> Player 3 attempts action: pass
  -> Player 0 attempts action: pass
  -> Bidding finished. Player 1 wins with a bid of 29.
  -> Player 1 attempts action: C
  -> Player 1 chose C as the trump suit (secretly).
  -> Player 0 attempts action: C10
  -> Player 1 attempts action: CJ
  -> Player 2 attempts action: C9
  -> Player 3 attempts action: C7
  -> Trick: ['P0:C10', 'P1:CJ', 'P2:C9', 'P3:C7'] -> Winner: P0
  -> Player 0 attempts action: CQ
  -> Player 1 attempts action: C8
  -> Player 2 attempts action: SQ
  -> Player 2 cannot follow suit. Trump is revealed: C
  -> Player 3 attempts action: HJ
  -> Trick: ['P0:CQ', 'P1:C8', 'P2:SQ', 'P3:HJ'] -> Winner: P0
  -> Player 0 attempts action: S9
  -> Player 1 attempts action: S10
  -> Player 2 attempts action: SK
  -> Player 3 attempts action: SA
  -> Trick: ['P0:S9', 'P1:S10', 'P2:SK', 'P3:SA'] -> Winner: P0
  -> Player 0 attempts action: HQ
  -> Player 1 attempts action: CA
  -> Player 2 attempts action: H7
  -> Player 3 attempts action: HK
  -> Trick: ['P0:HQ', 'P1:CA', 'P2:H7', 'P3:HK'] -> Winner: P1
  -> Player 1 attempts action: CK
  -> Player 2 attempts action: DA
  -> Player 3 attempts action: H9
  -> Player 0 attempts action: SJ
  -> Trick: ['P1:CK', 'P2:DA', 'P3:H9', 'P0:SJ'] -> Winner: P1
  -> Player 1 attempts action: D7
  -> Player 2 attempts action: D10
  -> Player 3 attempts action: H10
  -> Player 0 attempts action: DQ
  -> Trick: ['P1:D7', 'P2:D10', 'P3:H10', 'P0:DQ'] -> Winner: P2
  -> Player 2 attempts action: D9
  -> Player 3 attempts action: H8
  -> Player 0 attempts action: S7
  -> Player 1 attempts action: DK
  -> Trick: ['P2:D9', 'P3:H8', 'P0:S7', 'P1:DK'] -> Winner: P2
  -> Player 2 attempts action: D8
  -> Player 3 attempts action: HA
  -> Player 0 attempts action: S8
  -> Player 1 attempts action: DJ
  -> Trick: ['P2:D8', 'P3:HA', 'P0:S8', 'P1:DJ'] -> Winner: P1
  -> Team 1 FAILED their bid of 29 (target 29) by scoring 11. They LOSE 1 point(s).
  -> --- New Round Started --- Dealer is Player 0 ---
  -> Current Match Score: Team 0 (0,2): -1, Team 1 (1,3): -3
  -> Player 1 attempts action: 16
  -> Player 2 attempts action: 21
  -> Player 3 attempts action: 27
  -> Player 0 attempts action: 28
  -> Player 1 attempts action: pass
  -> Player 2 attempts action: pass
  -> Player 3 attempts action: 29
  -> Player 0 attempts action: pass
  -> Player 1 attempts action: pass
  -> Player 2 attempts action: pass
  -> Bidding finished. Player 3 wins with a bid of 29.
  -> Player 3 attempts action: C
  -> Player 3 chose C as the trump suit (secretly).
  -> Player 1 attempts action: SQ
  -> Player 2 attempts action: SJ
  -> Player 3 attempts action: CK
  -> Player 3 cannot follow suit. Trump is revealed: C
  -> Player 0 attempts action: S9
  -> Trick: ['P1:SQ', 'P2:SJ', 'P3:CK', 'P0:S9'] -> Winner: P3
  -> Player 3 attempts action: C8
  -> Player 0 attempts action: C10
  -> Player 1 attempts action: SK
  -> Player 2 attempts action: CA
  -> Trick: ['P3:C8', 'P0:C10', 'P1:SK', 'P2:CA'] -> Winner: P2
  -> Player 2 attempts action: S7
  -> Player 3 attempts action: CQ
  -> Player 0 attempts action: S10
  -> Player 1 attempts action: S8
  -> Trick: ['P2:S7', 'P3:CQ', 'P0:S10', 'P1:S8'] -> Winner: P3
  -> Player 3 attempts action: H7
  -> Player 0 attempts action: H8
  -> Player 1 attempts action: H9
  -> Player 2 attempts action: H10
  -> Trick: ['P3:H7', 'P0:H8', 'P1:H9', 'P2:H10'] -> Winner: P1
  -> Player 1 attempts action: SA
  -> Player 2 attempts action: C7
  -> Player 3 attempts action: DK
  -> Player 0 attempts action: D9
  -> Trick: ['P1:SA', 'P2:C7', 'P3:DK', 'P0:D9'] -> Winner: P2
  -> Player 2 attempts action: DQ
  -> Player 3 attempts action: D7
  -> Player 0 attempts action: D10
  -> Player 1 attempts action: DA
  -> Trick: ['P2:DQ', 'P3:D7', 'P0:D10', 'P1:DA'] -> Winner: P1
  -> Player 1 attempts action: D8
  -> Player 2 attempts action: C9
  -> Player 3 attempts action: HA
  -> Player 0 attempts action: HQ
  -> Trick: ['P1:D8', 'P2:C9', 'P3:HA', 'P0:HQ'] -> Winner: P2
  -> Player 2 attempts action: CJ
  -> Player 3 attempts action: HJ
  -> Player 0 attempts action: HK
  -> Player 1 attempts action: DJ
  -> Trick: ['P2:CJ', 'P3:HJ', 'P0:HK', 'P1:DJ'] -> Winner: P2
  -> Team 1 FAILED their bid of 29 (target 29) by scoring 11. They LOSE 1 point(s).
  -> --- New Round Started --- Dealer is Player 1 ---
  -> Current Match Score: Team 0 (0,2): -1, Team 1 (1,3): -4
  -> Player 2 attempts action: 20

--- Game Update ---
  -> Player 3 attempts action: 23

--- Game Update ---
  -> Player 0 attempts action: pass

--- Game Update ---
  -> Player 1 attempts action: 29

--- Game Update ---
  -> Player 2 attempts action: pass

--- Game Update ---
  -> Player 3 attempts action: pass

--- Game Update ---
  -> Player 0 attempts action: pass
  -> Bidding finished. Player 1 wins with a bid of 29.

--- Game Update ---
  -> Player 1 attempts action: D
  -> Player 1 chose D as the trump suit (secretly).

--- Game Update ---
  -> Player 2 attempts action: D8

--- Game Update ---
  -> Player 3 attempts action: D10

--- Game Update ---
  -> Player 0 attempts action: DA

--- Game Update ---
  -> Player 1 attempts action: D7
  -> Trick: ['P2:D8', 'P3:D10', 'P0:DA', 'P1:D7'] -> Winner: P2

--- Game Update ---
  -> Player 2 attempts action: HK

--- Game Update ---
  -> Player 3 attempts action: HA

--- Game Update ---
  -> Player 0 attempts action: DJ
  -> Player 0 cannot follow suit. Trump is revealed: D

--- Game Update ---
  -> Player 1 attempts action: H7
  -> Trick: ['P2:HK', 'P3:HA', 'P0:DJ', 'P1:H7'] -> Winner: P0

--- Game Update ---
  -> Player 0 attempts action: S9

--- Game Update ---
  -> Player 1 attempts action: S8

--- Game Update ---
  -> Player 2 attempts action: SK

--- Game Update ---
  -> Player 3 attempts action: SJ
  -> Trick: ['P0:S9', 'P1:S8', 'P2:SK', 'P3:SJ'] -> Winner: P3

--- Game Update ---
  -> Player 3 attempts action: CJ

--- Game Update ---
  -> Player 0 attempts action: C7

--- Game Update ---
  -> Player 1 attempts action: C8

--- Game Update ---
  -> Player 2 attempts action: CA
  -> Trick: ['P3:CJ', 'P0:C7', 'P1:C8', 'P2:CA'] -> Winner: P3

--- Game Update ---
  -> Player 3 attempts action: C9

--- Game Update ---
  -> Player 0 attempts action: CQ

--- Game Update ---
  -> Player 1 attempts action: SA

--- Game Update ---
  -> Player 2 attempts action: DK
  -> Trick: ['P3:C9', 'P0:CQ', 'P1:SA', 'P2:DK'] -> Winner: P2

--- Game Update ---
  -> Player 2 attempts action: H10

--- Game Update ---
  -> Player 3 attempts action: HJ

--- Game Update ---
  -> Player 0 attempts action: D9

--- Game Update ---
  -> Player 1 attempts action: H8
  -> Trick: ['P2:H10', 'P3:HJ', 'P0:D9', 'P1:H8'] -> Winner: P0

--- Game Update ---
  -> Player 0 attempts action: S10

--- Game Update ---
  -> Player 1 attempts action: S7

--- Game Update ---
  -> Player 2 attempts action: DQ

--- Game Update ---
  -> Player 3 attempts action: CK
  -> Trick: ['P0:S10', 'P1:S7', 'P2:DQ', 'P3:CK'] -> Winner: P2

--- Game Update ---
  -> Player 2 attempts action: HQ

--- Game Update ---
  -> Player 3 attempts action: C10

--- Game Update ---
  -> Player 0 attempts action: SQ

--- Game Update ---
  -> Player 1 attempts action: H9
  -> Trick: ['P2:HQ', 'P3:C10', 'P0:SQ', 'P1:H9'] -> Winner: P1
  -> Team 1 FAILED their bid of 29 (target 29) by scoring 12. They LOSE 1 point(s).

--- Round Summary ---
  Bid: 29 by Player 1 (Team 1)
  Trump: D
  Team 1 LOST the bid.
  Final Points: Team 0: 16 | Team 1: 12

  Match Score: Team 0: -1 | Team 1: -5

==============================
  Starting New Round
==============================

--- Game Update ---
  -> --- New Round Started --- Dealer is Player 0 ---
  -> Current Match Score: Team 0 (0,2): 0, Team 1 (1,3): 0
  -> Player 1 attempts action: 22
  -> Player 2 attempts action: pass
  -> Player 3 attempts action: 29
  -> Player 0 attempts action: pass
  -> Player 1 attempts action: pass
  -> Player 2 attempts action: pass
  -> Bidding finished. Player 3 wins with a bid of 29.
  -> Player 3 attempts action: H
  -> Player 3 chose H as the trump suit (secretly).
  -> Player 1 attempts action: SQ
  -> Player 2 attempts action: HJ
  -> Player 2 cannot follow suit. Trump is revealed: H
  -> Player 3 attempts action: S8
  -> Player 0 attempts action: S7
  -> Trick: ['P1:SQ', 'P2:HJ', 'P3:S8', 'P0:S7'] -> Winner: P2
  -> Player 2 attempts action: HQ
  -> Player 3 attempts action: H10
  -> Player 0 attempts action: H9
  -> Player 1 attempts action: HA
  -> Trick: ['P2:HQ', 'P3:H10', 'P0:H9', 'P1:HA'] -> Winner: P0
  -> Player 0 attempts action: C7
  -> Player 1 attempts action: HK
  -> Player 2 attempts action: CA
  -> Player 3 attempts action: CK
  -> Trick: ['P0:C7', 'P1:HK', 'P2:CA', 'P3:CK'] -> Winner: P1
  -> Player 1 attempts action: DK
  -> Player 2 attempts action: D7
  -> Player 3 attempts action: DA
  -> Player 0 attempts action: D8
  -> Trick: ['P1:DK', 'P2:D7', 'P3:DA', 'P0:D8'] -> Winner: P3
  -> Player 3 attempts action: C9
  -> Player 0 attempts action: H8
  -> Player 1 attempts action: H7
  -> Player 2 attempts action: CJ
  -> Trick: ['P3:C9', 'P0:H8', 'P1:H7', 'P2:CJ'] -> Winner: P0
  -> Player 0 attempts action: SJ
  -> Player 1 attempts action: S9
  -> Player 2 attempts action: C10
  -> Player 3 attempts action: S10
  -> Trick: ['P0:SJ', 'P1:S9', 'P2:C10', 'P3:S10'] -> Winner: P0
  -> Player 0 attempts action: D9
  -> Player 1 attempts action: DQ
  -> Player 2 attempts action: DJ
  -> Player 3 attempts action: SA
  -> Trick: ['P0:D9', 'P1:DQ', 'P2:DJ', 'P3:SA'] -> Winner: P2
  -> Player 2 attempts action: CQ
  -> Player 3 attempts action: C8
  -> Player 0 attempts action: D10
  -> Player 1 attempts action: SK
  -> Trick: ['P2:CQ', 'P3:C8', 'P0:D10', 'P1:SK'] -> Winner: P2
  -> Team 1 FAILED their bid of 29 (target 29) by scoring 2. They LOSE 1 point(s).
  -> --- New Round Started --- Dealer is Player 1 ---
  -> Current Match Score: Team 0 (0,2): 0, Team 1 (1,3): -1
  -> Player 2 attempts action: 16
  -> Player 3 attempts action: 22
  -> Player 0 attempts action: 29
  -> Player 1 attempts action: pass
  -> Player 2 attempts action: pass
  -> Player 3 attempts action: pass
  -> Bidding finished. Player 0 wins with a bid of 29.
  -> Player 0 attempts action: C
  -> Player 0 chose C as the trump suit (secretly).
  -> Player 2 attempts action: DK
  -> Player 3 attempts action: D7
  -> Player 0 attempts action: D10
  -> Player 1 attempts action: D9
  -> Trick: ['P2:DK', 'P3:D7', 'P0:D10', 'P1:D9'] -> Winner: P1
  -> Player 1 attempts action: S10
  -> Player 2 attempts action: SQ
  -> Player 3 attempts action: S7
  -> Player 0 attempts action: SA
  -> Trick: ['P1:S10', 'P2:SQ', 'P3:S7', 'P0:SA'] -> Winner: P0
  -> Player 0 attempts action: H7
  -> Player 1 attempts action: H8
  -> Player 2 attempts action: HJ
  -> Player 3 attempts action: HK
  -> Trick: ['P0:H7', 'P1:H8', 'P2:HJ', 'P3:HK'] -> Winner: P2
  -> Player 2 attempts action: DA
  -> Player 3 attempts action: D8
  -> Player 0 attempts action: H10
  -> Player 0 cannot follow suit. Trump is revealed: C
  -> Player 1 attempts action: DJ
  -> Trick: ['P2:DA', 'P3:D8', 'P0:H10', 'P1:DJ'] -> Winner: P1
  -> Player 1 attempts action: C9
  -> Player 2 attempts action: C7
  -> Player 3 attempts action: C8
  -> Player 0 attempts action: CK
  -> Trick: ['P1:C9', 'P2:C7', 'P3:C8', 'P0:CK'] -> Winner: P1
  -> Player 1 attempts action: SK
  -> Player 2 attempts action: SJ
  -> Player 3 attempts action: S8
  -> Player 0 attempts action: CQ
  -> Trick: ['P1:SK', 'P2:SJ', 'P3:S8', 'P0:CQ'] -> Winner: P0
  -> Player 0 attempts action: CA
  -> Player 1 attempts action: CJ
  -> Player 2 attempts action: DQ
  -> Player 3 attempts action: H9
  -> Trick: ['P0:CA', 'P1:CJ', 'P2:DQ', 'P3:H9'] -> Winner: P1
  -> Player 1 attempts action: S9
  -> Player 2 attempts action: HA
  -> Player 3 attempts action: HQ
  -> Player 0 attempts action: C10
  -> Trick: ['P1:S9', 'P2:HA', 'P3:HQ', 'P0:C10'] -> Winner: P0
  -> Team 0 FAILED their bid of 29 (target 29) by scoring 12. They LOSE 1 point(s).
  -> --- New Round Started --- Dealer is Player 2 ---
  -> Current Match Score: Team 0 (0,2): -1, Team 1 (1,3): -1
  -> Player 3 attempts action: 29
  -> Player 0 attempts action: pass
  -> Player 1 attempts action: pass
  -> Player 2 attempts action: pass
  -> Bidding finished. Player 3 wins with a bid of 29.
  -> Player 3 attempts action: S
  -> Player 3 chose S as the trump suit (secretly).
  -> Player 3 attempts action: SK
  -> Player 0 attempts action: SJ
  -> Player 1 attempts action: SQ
  -> Player 2 attempts action: SA
  -> Trick: ['P3:SK', 'P0:SJ', 'P1:SQ', 'P2:SA'] -> Winner: P3
  -> Player 3 attempts action: CQ
  -> Player 0 attempts action: CK
  -> Player 1 attempts action: CJ
  -> Player 2 attempts action: CA
  -> Trick: ['P3:CQ', 'P0:CK', 'P1:CJ', 'P2:CA'] -> Winner: P1
  -> Player 1 attempts action: S10
  -> Player 2 attempts action: DJ
  -> Player 2 cannot follow suit. Trump is revealed: S
  -> Player 3 attempts action: S8
  -> Player 0 attempts action: D10
  -> Trick: ['P1:S10', 'P2:DJ', 'P3:S8', 'P0:D10'] -> Winner: P1
  -> Player 1 attempts action: S7
  -> Player 2 attempts action: DQ
  -> Player 3 attempts action: HJ
  -> Player 0 attempts action: DA
  -> Trick: ['P1:S7', 'P2:DQ', 'P3:HJ', 'P0:DA'] -> Winner: P1
  -> Player 1 attempts action: S9
  -> Player 2 attempts action: HA
  -> Player 3 attempts action: C10
  -> Player 0 attempts action: H9
  -> Trick: ['P1:S9', 'P2:HA', 'P3:C10', 'P0:H9'] -> Winner: P1
  -> Player 1 attempts action: H7
  -> Player 2 attempts action: HQ
  -> Player 3 attempts action: HK
  -> Player 0 attempts action: D7
  -> Trick: ['P1:H7', 'P2:HQ', 'P3:HK', 'P0:D7'] -> Winner: P3
  -> Player 3 attempts action: D8
  -> Player 0 attempts action: C8
  -> Player 1 attempts action: D9
  -> Player 2 attempts action: DK
  -> Trick: ['P3:D8', 'P0:C8', 'P1:D9', 'P2:DK'] -> Winner: P1
  -> Player 1 attempts action: H8
  -> Player 2 attempts action: H10
  -> Player 3 attempts action: C7
  -> Player 0 attempts action: C9
  -> Trick: ['P1:H8', 'P2:H10', 'P3:C7', 'P0:C9'] -> Winner: P2
  -> Team 1 FAILED their bid of 29 (target 29) by scoring 25. They LOSE 1 point(s).
  -> --- New Round Started --- Dealer is Player 3 ---
  -> Current Match Score: Team 0 (0,2): -1, Team 1 (1,3): -2
  -> Player 0 attempts action: 22
  -> Player 1 attempts action: 29
  -> Player 2 attempts action: pass
  -> Player 3 attempts action: pass
  -> Player 0 attempts action: pass
  -> Bidding finished. Player 1 wins with a bid of 29.
  -> Player 1 attempts action: C
  -> Player 1 chose C as the trump suit (secretly).
  -> Player 0 attempts action: C10
  -> Player 1 attempts action: CJ
  -> Player 2 attempts action: C9
  -> Player 3 attempts action: C7
  -> Trick: ['P0:C10', 'P1:CJ', 'P2:C9', 'P3:C7'] -> Winner: P0
  -> Player 0 attempts action: CQ
  -> Player 1 attempts action: C8
  -> Player 2 attempts action: SQ
  -> Player 2 cannot follow suit. Trump is revealed: C
  -> Player 3 attempts action: HJ
  -> Trick: ['P0:CQ', 'P1:C8', 'P2:SQ', 'P3:HJ'] -> Winner: P0
  -> Player 0 attempts action: S9
  -> Player 1 attempts action: S10
  -> Player 2 attempts action: SK
  -> Player 3 attempts action: SA
  -> Trick: ['P0:S9', 'P1:S10', 'P2:SK', 'P3:SA'] -> Winner: P0
  -> Player 0 attempts action: HQ
  -> Player 1 attempts action: CA
  -> Player 2 attempts action: H7
  -> Player 3 attempts action: HK
  -> Trick: ['P0:HQ', 'P1:CA', 'P2:H7', 'P3:HK'] -> Winner: P1
  -> Player 1 attempts action: CK
  -> Player 2 attempts action: DA
  -> Player 3 attempts action: H9
  -> Player 0 attempts action: SJ
  -> Trick: ['P1:CK', 'P2:DA', 'P3:H9', 'P0:SJ'] -> Winner: P1
  -> Player 1 attempts action: D7
  -> Player 2 attempts action: D10
  -> Player 3 attempts action: H10
  -> Player 0 attempts action: DQ
  -> Trick: ['P1:D7', 'P2:D10', 'P3:H10', 'P0:DQ'] -> Winner: P2
  -> Player 2 attempts action: D9
  -> Player 3 attempts action: H8
  -> Player 0 attempts action: S7
  -> Player 1 attempts action: DK
  -> Trick: ['P2:D9', 'P3:H8', 'P0:S7', 'P1:DK'] -> Winner: P2
  -> Player 2 attempts action: D8
  -> Player 3 attempts action: HA
  -> Player 0 attempts action: S8
  -> Player 1 attempts action: DJ
  -> Trick: ['P2:D8', 'P3:HA', 'P0:S8', 'P1:DJ'] -> Winner: P1
  -> Team 1 FAILED their bid of 29 (target 29) by scoring 11. They LOSE 1 point(s).
  -> --- New Round Started --- Dealer is Player 0 ---
  -> Current Match Score: Team 0 (0,2): -1, Team 1 (1,3): -3
  -> Player 1 attempts action: 16
  -> Player 2 attempts action: 21
  -> Player 3 attempts action: 27
  -> Player 0 attempts action: 28
  -> Player 1 attempts action: pass
  -> Player 2 attempts action: pass
  -> Player 3 attempts action: 29
  -> Player 0 attempts action: pass
  -> Player 1 attempts action: pass
  -> Player 2 attempts action: pass
  -> Bidding finished. Player 3 wins with a bid of 29.
  -> Player 3 attempts action: C
  -> Player 3 chose C as the trump suit (secretly).
  -> Player 1 attempts action: SQ
  -> Player 2 attempts action: SJ
  -> Player 3 attempts action: CK
  -> Player 3 cannot follow suit. Trump is revealed: C
  -> Player 0 attempts action: S9
  -> Trick: ['P1:SQ', 'P2:SJ', 'P3:CK', 'P0:S9'] -> Winner: P3
  -> Player 3 attempts action: C8
  -> Player 0 attempts action: C10
  -> Player 1 attempts action: SK
  -> Player 2 attempts action: CA
  -> Trick: ['P3:C8', 'P0:C10', 'P1:SK', 'P2:CA'] -> Winner: P2
  -> Player 2 attempts action: S7
  -> Player 3 attempts action: CQ
  -> Player 0 attempts action: S10
  -> Player 1 attempts action: S8
  -> Trick: ['P2:S7', 'P3:CQ', 'P0:S10', 'P1:S8'] -> Winner: P3
  -> Player 3 attempts action: H7
  -> Player 0 attempts action: H8
  -> Player 1 attempts action: H9
  -> Player 2 attempts action: H10
  -> Trick: ['P3:H7', 'P0:H8', 'P1:H9', 'P2:H10'] -> Winner: P1
  -> Player 1 attempts action: SA
  -> Player 2 attempts action: C7
  -> Player 3 attempts action: DK
  -> Player 0 attempts action: D9
  -> Trick: ['P1:SA', 'P2:C7', 'P3:DK', 'P0:D9'] -> Winner: P2
  -> Player 2 attempts action: DQ
  -> Player 3 attempts action: D7
  -> Player 0 attempts action: D10
  -> Player 1 attempts action: DA
  -> Trick: ['P2:DQ', 'P3:D7', 'P0:D10', 'P1:DA'] -> Winner: P1
  -> Player 1 attempts action: D8
  -> Player 2 attempts action: C9
  -> Player 3 attempts action: HA
  -> Player 0 attempts action: HQ
  -> Trick: ['P1:D8', 'P2:C9', 'P3:HA', 'P0:HQ'] -> Winner: P2
  -> Player 2 attempts action: CJ
  -> Player 3 attempts action: HJ
  -> Player 0 attempts action: HK
  -> Player 1 attempts action: DJ
  -> Trick: ['P2:CJ', 'P3:HJ', 'P0:HK', 'P1:DJ'] -> Winner: P2
  -> Team 1 FAILED their bid of 29 (target 29) by scoring 11. They LOSE 1 point(s).
  -> --- New Round Started --- Dealer is Player 1 ---
  -> Current Match Score: Team 0 (0,2): -1, Team 1 (1,3): -4
  -> Player 2 attempts action: 20
  -> Player 3 attempts action: 23
  -> Player 0 attempts action: pass
  -> Player 1 attempts action: 29
  -> Player 2 attempts action: pass
  -> Player 3 attempts action: pass
  -> Player 0 attempts action: pass
  -> Bidding finished. Player 1 wins with a bid of 29.
  -> Player 1 attempts action: D
  -> Player 1 chose D as the trump suit (secretly).
  -> Player 2 attempts action: D8
  -> Player 3 attempts action: D10
  -> Player 0 attempts action: DA
  -> Player 1 attempts action: D7
  -> Trick: ['P2:D8', 'P3:D10', 'P0:DA', 'P1:D7'] -> Winner: P2
  -> Player 2 attempts action: HK
  -> Player 3 attempts action: HA
  -> Player 0 attempts action: DJ
  -> Player 0 cannot follow suit. Trump is revealed: D
  -> Player 1 attempts action: H7
  -> Trick: ['P2:HK', 'P3:HA', 'P0:DJ', 'P1:H7'] -> Winner: P0
  -> Player 0 attempts action: S9
  -> Player 1 attempts action: S8
  -> Player 2 attempts action: SK
  -> Player 3 attempts action: SJ
  -> Trick: ['P0:S9', 'P1:S8', 'P2:SK', 'P3:SJ'] -> Winner: P3
  -> Player 3 attempts action: CJ
  -> Player 0 attempts action: C7
  -> Player 1 attempts action: C8
  -> Player 2 attempts action: CA
  -> Trick: ['P3:CJ', 'P0:C7', 'P1:C8', 'P2:CA'] -> Winner: P3
  -> Player 3 attempts action: C9
  -> Player 0 attempts action: CQ
  -> Player 1 attempts action: SA
  -> Player 2 attempts action: DK
  -> Trick: ['P3:C9', 'P0:CQ', 'P1:SA', 'P2:DK'] -> Winner: P2
  -> Player 2 attempts action: H10
  -> Player 3 attempts action: HJ
  -> Player 0 attempts action: D9
  -> Player 1 attempts action: H8
  -> Trick: ['P2:H10', 'P3:HJ', 'P0:D9', 'P1:H8'] -> Winner: P0
  -> Player 0 attempts action: S10
  -> Player 1 attempts action: S7
  -> Player 2 attempts action: DQ
  -> Player 3 attempts action: CK
  -> Trick: ['P0:S10', 'P1:S7', 'P2:DQ', 'P3:CK'] -> Winner: P2
  -> Player 2 attempts action: HQ
  -> Player 3 attempts action: C10
  -> Player 0 attempts action: SQ
  -> Player 1 attempts action: H9
  -> Trick: ['P2:HQ', 'P3:C10', 'P0:SQ', 'P1:H9'] -> Winner: P1
  -> Team 1 FAILED their bid of 29 (target 29) by scoring 12. They LOSE 1 point(s).
  -> --- New Round Started --- Dealer is Player 2 ---
  -> Current Match Score: Team 0 (0,2): -1, Team 1 (1,3): -5
  -> Player 3 attempts action: 28

--- Game Update ---
  -> Player 0 attempts action: 29

--- Game Update ---
  -> Player 1 attempts action: pass

--- Game Update ---
  -> Player 2 attempts action: pass

--- Game Update ---
  -> Player 3 attempts action: pass
  -> Bidding finished. Player 0 wins with a bid of 29.

--- Game Update ---
  -> Player 0 attempts action: S
  -> Player 0 chose S as the trump suit (secretly).

--- Game Update ---
  -> Player 3 attempts action: HQ

--- Game Update ---
  -> Player 0 attempts action: H10

--- Game Update ---
  -> Player 1 attempts action: HA

--- Game Update ---
  -> Player 2 attempts action: HJ
  -> Trick: ['P3:HQ', 'P0:H10', 'P1:HA', 'P2:HJ'] -> Winner: P2

--- Game Update ---
  -> Player 2 attempts action: D10

--- Game Update ---
  -> Player 3 attempts action: DQ

--- Game Update ---
  -> Player 0 attempts action: D8

--- Game Update ---
  -> Player 1 attempts action: S8
  -> Player 1 cannot follow suit. Trump is revealed: S
  -> Trick: ['P2:D10', 'P3:DQ', 'P0:D8', 'P1:S8'] -> Winner: P1

--- Game Update ---
  -> Player 1 attempts action: S10

--- Game Update ---
  -> Player 2 attempts action: SK

--- Game Update ---
  -> Player 3 attempts action: SA

--- Game Update ---
  -> Player 0 attempts action: S9
  -> Trick: ['P1:S10', 'P2:SK', 'P3:SA', 'P0:S9'] -> Winner: P0

--- Game Update ---
  -> Player 0 attempts action: DA

--- Game Update ---
  -> Player 1 attempts action: SJ

--- Game Update ---
  -> Player 2 attempts action: DK

--- Game Update ---
  -> Player 3 attempts action: DJ
  -> Trick: ['P0:DA', 'P1:SJ', 'P2:DK', 'P3:DJ'] -> Winner: P1

--- Game Update ---
  -> Player 1 attempts action: C10

--- Game Update ---
  -> Player 2 attempts action: CA

--- Game Update ---
  -> Player 3 attempts action: CK

--- Game Update ---
  -> Player 0 attempts action: CJ
  -> Trick: ['P1:C10', 'P2:CA', 'P3:CK', 'P0:CJ'] -> Winner: P0

--- Game Update ---
  -> Player 0 attempts action: D9

--- Game Update ---
  -> Player 1 attempts action: SQ

--- Game Update ---
  -> Player 2 attempts action: D7

--- Game Update ---
  -> Player 3 attempts action: S7
  -> Trick: ['P0:D9', 'P1:SQ', 'P2:D7', 'P3:S7'] -> Winner: P1

--- Game Update ---
  -> Player 1 attempts action: C8

--- Game Update ---
  -> Player 2 attempts action: CQ

--- Game Update ---
  -> Player 3 attempts action: H9

--- Game Update ---
  -> Player 0 attempts action: H8
  -> Trick: ['P1:C8', 'P2:CQ', 'P3:H9', 'P0:H8'] -> Winner: P2

--- Game Update ---
  -> Player 2 attempts action: C9

--- Game Update ---
  -> Player 3 attempts action: HK

--- Game Update ---
  -> Player 0 attempts action: H7

--- Game Update ---
  -> Player 1 attempts action: C7
  -> Trick: ['P2:C9', 'P3:HK', 'P0:H7', 'P1:C7'] -> Winner: P2
  -> Team 0 FAILED their bid of 29 (target 29) by scoring 18. They LOSE 1 point(s).

--- Round Summary ---
  Bid: 29 by Player 0 (Team 0)
  Trump: S
  Team 0 LOST the bid.
  Final Points: Team 0: 18 | Team 1: 10

  Match Score: Team 0: -2 | Team 1: -5

==============================
  Starting New Round
==============================

--- Game Update ---
  -> --- New Round Started --- Dealer is Player 0 ---
  -> Current Match Score: Team 0 (0,2): 0, Team 1 (1,3): 0
  -> Player 1 attempts action: 22
  -> Player 2 attempts action: pass
  -> Player 3 attempts action: 29
  -> Player 0 attempts action: pass
  -> Player 1 attempts action: pass
  -> Player 2 attempts action: pass
  -> Bidding finished. Player 3 wins with a bid of 29.
  -> Player 3 attempts action: H
  -> Player 3 chose H as the trump suit (secretly).
  -> Player 1 attempts action: SQ
  -> Player 2 attempts action: HJ
  -> Player 2 cannot follow suit. Trump is revealed: H
  -> Player 3 attempts action: S8
  -> Player 0 attempts action: S7
  -> Trick: ['P1:SQ', 'P2:HJ', 'P3:S8', 'P0:S7'] -> Winner: P2
  -> Player 2 attempts action: HQ
  -> Player 3 attempts action: H10
  -> Player 0 attempts action: H9
  -> Player 1 attempts action: HA
  -> Trick: ['P2:HQ', 'P3:H10', 'P0:H9', 'P1:HA'] -> Winner: P0
  -> Player 0 attempts action: C7
  -> Player 1 attempts action: HK
  -> Player 2 attempts action: CA
  -> Player 3 attempts action: CK
  -> Trick: ['P0:C7', 'P1:HK', 'P2:CA', 'P3:CK'] -> Winner: P1
  -> Player 1 attempts action: DK
  -> Player 2 attempts action: D7
  -> Player 3 attempts action: DA
  -> Player 0 attempts action: D8
  -> Trick: ['P1:DK', 'P2:D7', 'P3:DA', 'P0:D8'] -> Winner: P3
  -> Player 3 attempts action: C9
  -> Player 0 attempts action: H8
  -> Player 1 attempts action: H7
  -> Player 2 attempts action: CJ
  -> Trick: ['P3:C9', 'P0:H8', 'P1:H7', 'P2:CJ'] -> Winner: P0
  -> Player 0 attempts action: SJ
  -> Player 1 attempts action: S9
  -> Player 2 attempts action: C10
  -> Player 3 attempts action: S10
  -> Trick: ['P0:SJ', 'P1:S9', 'P2:C10', 'P3:S10'] -> Winner: P0
  -> Player 0 attempts action: D9
  -> Player 1 attempts action: DQ
  -> Player 2 attempts action: DJ
  -> Player 3 attempts action: SA
  -> Trick: ['P0:D9', 'P1:DQ', 'P2:DJ', 'P3:SA'] -> Winner: P2
  -> Player 2 attempts action: CQ
  -> Player 3 attempts action: C8
  -> Player 0 attempts action: D10
  -> Player 1 attempts action: SK
  -> Trick: ['P2:CQ', 'P3:C8', 'P0:D10', 'P1:SK'] -> Winner: P2
  -> Team 1 FAILED their bid of 29 (target 29) by scoring 2. They LOSE 1 point(s).
  -> --- New Round Started --- Dealer is Player 1 ---
  -> Current Match Score: Team 0 (0,2): 0, Team 1 (1,3): -1
  -> Player 2 attempts action: 16
  -> Player 3 attempts action: 22
  -> Player 0 attempts action: 29
  -> Player 1 attempts action: pass
  -> Player 2 attempts action: pass
  -> Player 3 attempts action: pass
  -> Bidding finished. Player 0 wins with a bid of 29.
  -> Player 0 attempts action: C
  -> Player 0 chose C as the trump suit (secretly).
  -> Player 2 attempts action: DK
  -> Player 3 attempts action: D7
  -> Player 0 attempts action: D10
  -> Player 1 attempts action: D9
  -> Trick: ['P2:DK', 'P3:D7', 'P0:D10', 'P1:D9'] -> Winner: P1
  -> Player 1 attempts action: S10
  -> Player 2 attempts action: SQ
  -> Player 3 attempts action: S7
  -> Player 0 attempts action: SA
  -> Trick: ['P1:S10', 'P2:SQ', 'P3:S7', 'P0:SA'] -> Winner: P0
  -> Player 0 attempts action: H7
  -> Player 1 attempts action: H8
  -> Player 2 attempts action: HJ
  -> Player 3 attempts action: HK
  -> Trick: ['P0:H7', 'P1:H8', 'P2:HJ', 'P3:HK'] -> Winner: P2
  -> Player 2 attempts action: DA
  -> Player 3 attempts action: D8
  -> Player 0 attempts action: H10
  -> Player 0 cannot follow suit. Trump is revealed: C
  -> Player 1 attempts action: DJ
  -> Trick: ['P2:DA', 'P3:D8', 'P0:H10', 'P1:DJ'] -> Winner: P1
  -> Player 1 attempts action: C9
  -> Player 2 attempts action: C7
  -> Player 3 attempts action: C8
  -> Player 0 attempts action: CK
  -> Trick: ['P1:C9', 'P2:C7', 'P3:C8', 'P0:CK'] -> Winner: P1
  -> Player 1 attempts action: SK
  -> Player 2 attempts action: SJ
  -> Player 3 attempts action: S8
  -> Player 0 attempts action: CQ
  -> Trick: ['P1:SK', 'P2:SJ', 'P3:S8', 'P0:CQ'] -> Winner: P0
  -> Player 0 attempts action: CA
  -> Player 1 attempts action: CJ
  -> Player 2 attempts action: DQ
  -> Player 3 attempts action: H9
  -> Trick: ['P0:CA', 'P1:CJ', 'P2:DQ', 'P3:H9'] -> Winner: P1
  -> Player 1 attempts action: S9
  -> Player 2 attempts action: HA
  -> Player 3 attempts action: HQ
  -> Player 0 attempts action: C10
  -> Trick: ['P1:S9', 'P2:HA', 'P3:HQ', 'P0:C10'] -> Winner: P0
  -> Team 0 FAILED their bid of 29 (target 29) by scoring 12. They LOSE 1 point(s).
  -> --- New Round Started --- Dealer is Player 2 ---
  -> Current Match Score: Team 0 (0,2): -1, Team 1 (1,3): -1
  -> Player 3 attempts action: 29
  -> Player 0 attempts action: pass
  -> Player 1 attempts action: pass
  -> Player 2 attempts action: pass
  -> Bidding finished. Player 3 wins with a bid of 29.
  -> Player 3 attempts action: S
  -> Player 3 chose S as the trump suit (secretly).
  -> Player 3 attempts action: SK
  -> Player 0 attempts action: SJ
  -> Player 1 attempts action: SQ
  -> Player 2 attempts action: SA
  -> Trick: ['P3:SK', 'P0:SJ', 'P1:SQ', 'P2:SA'] -> Winner: P3
  -> Player 3 attempts action: CQ
  -> Player 0 attempts action: CK
  -> Player 1 attempts action: CJ
  -> Player 2 attempts action: CA
  -> Trick: ['P3:CQ', 'P0:CK', 'P1:CJ', 'P2:CA'] -> Winner: P1
  -> Player 1 attempts action: S10
  -> Player 2 attempts action: DJ
  -> Player 2 cannot follow suit. Trump is revealed: S
  -> Player 3 attempts action: S8
  -> Player 0 attempts action: D10
  -> Trick: ['P1:S10', 'P2:DJ', 'P3:S8', 'P0:D10'] -> Winner: P1
  -> Player 1 attempts action: S7
  -> Player 2 attempts action: DQ
  -> Player 3 attempts action: HJ
  -> Player 0 attempts action: DA
  -> Trick: ['P1:S7', 'P2:DQ', 'P3:HJ', 'P0:DA'] -> Winner: P1
  -> Player 1 attempts action: S9
  -> Player 2 attempts action: HA
  -> Player 3 attempts action: C10
  -> Player 0 attempts action: H9
  -> Trick: ['P1:S9', 'P2:HA', 'P3:C10', 'P0:H9'] -> Winner: P1
  -> Player 1 attempts action: H7
  -> Player 2 attempts action: HQ
  -> Player 3 attempts action: HK
  -> Player 0 attempts action: D7
  -> Trick: ['P1:H7', 'P2:HQ', 'P3:HK', 'P0:D7'] -> Winner: P3
  -> Player 3 attempts action: D8
  -> Player 0 attempts action: C8
  -> Player 1 attempts action: D9
  -> Player 2 attempts action: DK
  -> Trick: ['P3:D8', 'P0:C8', 'P1:D9', 'P2:DK'] -> Winner: P1
  -> Player 1 attempts action: H8
  -> Player 2 attempts action: H10
  -> Player 3 attempts action: C7
  -> Player 0 attempts action: C9
  -> Trick: ['P1:H8', 'P2:H10', 'P3:C7', 'P0:C9'] -> Winner: P2
  -> Team 1 FAILED their bid of 29 (target 29) by scoring 25. They LOSE 1 point(s).
  -> --- New Round Started --- Dealer is Player 3 ---
  -> Current Match Score: Team 0 (0,2): -1, Team 1 (1,3): -2
  -> Player 0 attempts action: 22
  -> Player 1 attempts action: 29
  -> Player 2 attempts action: pass
  -> Player 3 attempts action: pass
  -> Player 0 attempts action: pass
  -> Bidding finished. Player 1 wins with a bid of 29.
  -> Player 1 attempts action: C
  -> Player 1 chose C as the trump suit (secretly).
  -> Player 0 attempts action: C10
  -> Player 1 attempts action: CJ
  -> Player 2 attempts action: C9
  -> Player 3 attempts action: C7
  -> Trick: ['P0:C10', 'P1:CJ', 'P2:C9', 'P3:C7'] -> Winner: P0
  -> Player 0 attempts action: CQ
  -> Player 1 attempts action: C8
  -> Player 2 attempts action: SQ
  -> Player 2 cannot follow suit. Trump is revealed: C
  -> Player 3 attempts action: HJ
  -> Trick: ['P0:CQ', 'P1:C8', 'P2:SQ', 'P3:HJ'] -> Winner: P0
  -> Player 0 attempts action: S9
  -> Player 1 attempts action: S10
  -> Player 2 attempts action: SK
  -> Player 3 attempts action: SA
  -> Trick: ['P0:S9', 'P1:S10', 'P2:SK', 'P3:SA'] -> Winner: P0
  -> Player 0 attempts action: HQ
  -> Player 1 attempts action: CA
  -> Player 2 attempts action: H7
  -> Player 3 attempts action: HK
  -> Trick: ['P0:HQ', 'P1:CA', 'P2:H7', 'P3:HK'] -> Winner: P1
  -> Player 1 attempts action: CK
  -> Player 2 attempts action: DA
  -> Player 3 attempts action: H9
  -> Player 0 attempts action: SJ
  -> Trick: ['P1:CK', 'P2:DA', 'P3:H9', 'P0:SJ'] -> Winner: P1
  -> Player 1 attempts action: D7
  -> Player 2 attempts action: D10
  -> Player 3 attempts action: H10
  -> Player 0 attempts action: DQ
  -> Trick: ['P1:D7', 'P2:D10', 'P3:H10', 'P0:DQ'] -> Winner: P2
  -> Player 2 attempts action: D9
  -> Player 3 attempts action: H8
  -> Player 0 attempts action: S7
  -> Player 1 attempts action: DK
  -> Trick: ['P2:D9', 'P3:H8', 'P0:S7', 'P1:DK'] -> Winner: P2
  -> Player 2 attempts action: D8
  -> Player 3 attempts action: HA
  -> Player 0 attempts action: S8
  -> Player 1 attempts action: DJ
  -> Trick: ['P2:D8', 'P3:HA', 'P0:S8', 'P1:DJ'] -> Winner: P1
  -> Team 1 FAILED their bid of 29 (target 29) by scoring 11. They LOSE 1 point(s).
  -> --- New Round Started --- Dealer is Player 0 ---
  -> Current Match Score: Team 0 (0,2): -1, Team 1 (1,3): -3
  -> Player 1 attempts action: 16
  -> Player 2 attempts action: 21
  -> Player 3 attempts action: 27
  -> Player 0 attempts action: 28
  -> Player 1 attempts action: pass
  -> Player 2 attempts action: pass
  -> Player 3 attempts action: 29
  -> Player 0 attempts action: pass
  -> Player 1 attempts action: pass
  -> Player 2 attempts action: pass
  -> Bidding finished. Player 3 wins with a bid of 29.
  -> Player 3 attempts action: C
  -> Player 3 chose C as the trump suit (secretly).
  -> Player 1 attempts action: SQ
  -> Player 2 attempts action: SJ
  -> Player 3 attempts action: CK
  -> Player 3 cannot follow suit. Trump is revealed: C
  -> Player 0 attempts action: S9
  -> Trick: ['P1:SQ', 'P2:SJ', 'P3:CK', 'P0:S9'] -> Winner: P3
  -> Player 3 attempts action: C8
  -> Player 0 attempts action: C10
  -> Player 1 attempts action: SK
  -> Player 2 attempts action: CA
  -> Trick: ['P3:C8', 'P0:C10', 'P1:SK', 'P2:CA'] -> Winner: P2
  -> Player 2 attempts action: S7
  -> Player 3 attempts action: CQ
  -> Player 0 attempts action: S10
  -> Player 1 attempts action: S8
  -> Trick: ['P2:S7', 'P3:CQ', 'P0:S10', 'P1:S8'] -> Winner: P3
  -> Player 3 attempts action: H7
  -> Player 0 attempts action: H8
  -> Player 1 attempts action: H9
  -> Player 2 attempts action: H10
  -> Trick: ['P3:H7', 'P0:H8', 'P1:H9', 'P2:H10'] -> Winner: P1
  -> Player 1 attempts action: SA
  -> Player 2 attempts action: C7
  -> Player 3 attempts action: DK
  -> Player 0 attempts action: D9
  -> Trick: ['P1:SA', 'P2:C7', 'P3:DK', 'P0:D9'] -> Winner: P2
  -> Player 2 attempts action: DQ
  -> Player 3 attempts action: D7
  -> Player 0 attempts action: D10
  -> Player 1 attempts action: DA
  -> Trick: ['P2:DQ', 'P3:D7', 'P0:D10', 'P1:DA'] -> Winner: P1
  -> Player 1 attempts action: D8
  -> Player 2 attempts action: C9
  -> Player 3 attempts action: HA
  -> Player 0 attempts action: HQ
  -> Trick: ['P1:D8', 'P2:C9', 'P3:HA', 'P0:HQ'] -> Winner: P2
  -> Player 2 attempts action: CJ
  -> Player 3 attempts action: HJ
  -> Player 0 attempts action: HK
  -> Player 1 attempts action: DJ
  -> Trick: ['P2:CJ', 'P3:HJ', 'P0:HK', 'P1:DJ'] -> Winner: P2
  -> Team 1 FAILED their bid of 29 (target 29) by scoring 11. They LOSE 1 point(s).
  -> --- New Round Started --- Dealer is Player 1 ---
  -> Current Match Score: Team 0 (0,2): -1, Team 1 (1,3): -4
  -> Player 2 attempts action: 20
  -> Player 3 attempts action: 23
  -> Player 0 attempts action: pass
  -> Player 1 attempts action: 29
  -> Player 2 attempts action: pass
  -> Player 3 attempts action: pass
  -> Player 0 attempts action: pass
  -> Bidding finished. Player 1 wins with a bid of 29.
  -> Player 1 attempts action: D
  -> Player 1 chose D as the trump suit (secretly).
  -> Player 2 attempts action: D8
  -> Player 3 attempts action: D10
  -> Player 0 attempts action: DA
  -> Player 1 attempts action: D7
  -> Trick: ['P2:D8', 'P3:D10', 'P0:DA', 'P1:D7'] -> Winner: P2
  -> Player 2 attempts action: HK
  -> Player 3 attempts action: HA
  -> Player 0 attempts action: DJ
  -> Player 0 cannot follow suit. Trump is revealed: D
  -> Player 1 attempts action: H7
  -> Trick: ['P2:HK', 'P3:HA', 'P0:DJ', 'P1:H7'] -> Winner: P0
  -> Player 0 attempts action: S9
  -> Player 1 attempts action: S8
  -> Player 2 attempts action: SK
  -> Player 3 attempts action: SJ
  -> Trick: ['P0:S9', 'P1:S8', 'P2:SK', 'P3:SJ'] -> Winner: P3
  -> Player 3 attempts action: CJ
  -> Player 0 attempts action: C7
  -> Player 1 attempts action: C8
  -> Player 2 attempts action: CA
  -> Trick: ['P3:CJ', 'P0:C7', 'P1:C8', 'P2:CA'] -> Winner: P3
  -> Player 3 attempts action: C9
  -> Player 0 attempts action: CQ
  -> Player 1 attempts action: SA
  -> Player 2 attempts action: DK
  -> Trick: ['P3:C9', 'P0:CQ', 'P1:SA', 'P2:DK'] -> Winner: P2
  -> Player 2 attempts action: H10
  -> Player 3 attempts action: HJ
  -> Player 0 attempts action: D9
  -> Player 1 attempts action: H8
  -> Trick: ['P2:H10', 'P3:HJ', 'P0:D9', 'P1:H8'] -> Winner: P0
  -> Player 0 attempts action: S10
  -> Player 1 attempts action: S7
  -> Player 2 attempts action: DQ
  -> Player 3 attempts action: CK
  -> Trick: ['P0:S10', 'P1:S7', 'P2:DQ', 'P3:CK'] -> Winner: P2
  -> Player 2 attempts action: HQ
  -> Player 3 attempts action: C10
  -> Player 0 attempts action: SQ
  -> Player 1 attempts action: H9
  -> Trick: ['P2:HQ', 'P3:C10', 'P0:SQ', 'P1:H9'] -> Winner: P1
  -> Team 1 FAILED their bid of 29 (target 29) by scoring 12. They LOSE 1 point(s).
  -> --- New Round Started --- Dealer is Player 2 ---
  -> Current Match Score: Team 0 (0,2): -1, Team 1 (1,3): -5
  -> Player 3 attempts action: 28
  -> Player 0 attempts action: 29
  -> Player 1 attempts action: pass
  -> Player 2 attempts action: pass
  -> Player 3 attempts action: pass
  -> Bidding finished. Player 0 wins with a bid of 29.
  -> Player 0 attempts action: S
  -> Player 0 chose S as the trump suit (secretly).
  -> Player 3 attempts action: HQ
  -> Player 0 attempts action: H10
  -> Player 1 attempts action: HA
  -> Player 2 attempts action: HJ
  -> Trick: ['P3:HQ', 'P0:H10', 'P1:HA', 'P2:HJ'] -> Winner: P2
  -> Player 2 attempts action: D10
  -> Player 3 attempts action: DQ
  -> Player 0 attempts action: D8
  -> Player 1 attempts action: S8
  -> Player 1 cannot follow suit. Trump is revealed: S
  -> Trick: ['P2:D10', 'P3:DQ', 'P0:D8', 'P1:S8'] -> Winner: P1
  -> Player 1 attempts action: S10
  -> Player 2 attempts action: SK
  -> Player 3 attempts action: SA
  -> Player 0 attempts action: S9
  -> Trick: ['P1:S10', 'P2:SK', 'P3:SA', 'P0:S9'] -> Winner: P0
  -> Player 0 attempts action: DA
  -> Player 1 attempts action: SJ
  -> Player 2 attempts action: DK
  -> Player 3 attempts action: DJ
  -> Trick: ['P0:DA', 'P1:SJ', 'P2:DK', 'P3:DJ'] -> Winner: P1
  -> Player 1 attempts action: C10
  -> Player 2 attempts action: CA
  -> Player 3 attempts action: CK
  -> Player 0 attempts action: CJ
  -> Trick: ['P1:C10', 'P2:CA', 'P3:CK', 'P0:CJ'] -> Winner: P0
  -> Player 0 attempts action: D9
  -> Player 1 attempts action: SQ
  -> Player 2 attempts action: D7
  -> Player 3 attempts action: S7
  -> Trick: ['P0:D9', 'P1:SQ', 'P2:D7', 'P3:S7'] -> Winner: P1
  -> Player 1 attempts action: C8
  -> Player 2 attempts action: CQ
  -> Player 3 attempts action: H9
  -> Player 0 attempts action: H8
  -> Trick: ['P1:C8', 'P2:CQ', 'P3:H9', 'P0:H8'] -> Winner: P2
  -> Player 2 attempts action: C9
  -> Player 3 attempts action: HK
  -> Player 0 attempts action: H7
  -> Player 1 attempts action: C7
  -> Trick: ['P2:C9', 'P3:HK', 'P0:H7', 'P1:C7'] -> Winner: P2
  -> Team 0 FAILED their bid of 29 (target 29) by scoring 18. They LOSE 1 point(s).
  -> --- New Round Started --- Dealer is Player 3 ---
  -> Current Match Score: Team 0 (0,2): -2, Team 1 (1,3): -5
  -> Player 0 attempts action: 26

--- Game Update ---
  -> Player 1 attempts action: 29

--- Game Update ---
  -> Player 2 attempts action: pass

--- Game Update ---
  -> Player 3 attempts action: pass

--- Game Update ---
  -> Player 0 attempts action: pass
  -> Bidding finished. Player 1 wins with a bid of 29.

--- Game Update ---
  -> Player 1 attempts action: D
  -> Player 1 chose D as the trump suit (secretly).

--- Game Update ---
  -> Player 0 attempts action: SA

--- Game Update ---
  -> Player 1 attempts action: S10

--- Game Update ---
  -> Player 2 attempts action: SK

--- Game Update ---
  -> Player 3 attempts action: SJ
  -> Trick: ['P0:SA', 'P1:S10', 'P2:SK', 'P3:SJ'] -> Winner: P3

--- Game Update ---
  -> Player 3 attempts action: DA

--- Game Update ---
  -> Player 0 attempts action: D10

--- Game Update ---
  -> Player 1 attempts action: D7

--- Game Update ---
  -> Player 2 attempts action: HQ
  -> Player 2 cannot follow suit. Trump is revealed: D
  -> Trick: ['P3:DA', 'P0:D10', 'P1:D7', 'P2:HQ'] -> Winner: P3

--- Game Update ---
  -> Player 3 attempts action: DQ

--- Game Update ---
  -> Player 0 attempts action: D9

--- Game Update ---
  -> Player 1 attempts action: D8

--- Game Update ---
  -> Player 2 attempts action: H10
  -> Trick: ['P3:DQ', 'P0:D9', 'P1:D8', 'P2:H10'] -> Winner: P0

--- Game Update ---
  -> Player 0 attempts action: H7

--- Game Update ---
  -> Player 1 attempts action: H8

--- Game Update ---
  -> Player 2 attempts action: HJ

--- Game Update ---
  -> Player 3 attempts action: DK
  -> Trick: ['P0:H7', 'P1:H8', 'P2:HJ', 'P3:DK'] -> Winner: P3

--- Game Update ---
  -> Player 3 attempts action: S9

--- Game Update ---
  -> Player 0 attempts action: S8

--- Game Update ---
  -> Player 1 attempts action: C10

--- Game Update ---
  -> Player 2 attempts action: C7
  -> Trick: ['P3:S9', 'P0:S8', 'P1:C10', 'P2:C7'] -> Winner: P3

--- Game Update ---
  -> Player 3 attempts action: S7

--- Game Update ---
  -> Player 0 attempts action: SQ

--- Game Update ---
  -> Player 1 attempts action: HK

--- Game Update ---
  -> Player 2 attempts action: H9
  -> Trick: ['P3:S7', 'P0:SQ', 'P1:HK', 'P2:H9'] -> Winner: P0

--- Game Update ---
  -> Player 0 attempts action: CK

--- Game Update ---
  -> Player 1 attempts action: C8

--- Game Update ---
  -> Player 2 attempts action: CJ

--- Game Update ---
  -> Player 3 attempts action: CQ
  -> Trick: ['P0:CK', 'P1:C8', 'P2:CJ', 'P3:CQ'] -> Winner: P2

--- Game Update ---
  -> Player 2 attempts action: C9

--- Game Update ---
  -> Player 3 attempts action: DJ

--- Game Update ---
  -> Player 0 attempts action: HA

--- Game Update ---
  -> Player 1 attempts action: CA
  -> Trick: ['P2:C9', 'P3:DJ', 'P0:HA', 'P1:CA'] -> Winner: P3
  -> Team 1 FAILED their bid of 29 (target 29) by scoring 20. They LOSE 1 point(s).

--- Round Summary ---
  Bid: 29 by Player 1 (Team 1)
  Trump: D
  Team 1 LOST the bid.
  Final Points: Team 0: 8 | Team 1: 20

  Match Score: Team 0: -2 | Team 1: -6

==============================
  Match Over!
==============================
Team 0 wins the match!
Final Score: Team 0: -2 | Team 1: -6
